<?xml version="1.0" encoding="UTF-8"?>
<coverage generated="1743025161721" clover="3.2.0">
  <project timestamp="1743025161721" name="All files">
    <metrics statements="73" coveredstatements="72" conditionals="34" coveredconditionals="28" methods="19" coveredmethods="18" elements="126" coveredelements="118" complexity="0" loc="73" ncloc="73" packages="2" files="3" classes="3"/>
    <package name="components">
      <metrics statements="69" coveredstatements="68" conditionals="34" coveredconditionals="28" methods="19" coveredmethods="18"/>
      <file name="BuildHabitGraph.tsx" path="C:\b\uni stuffs\KCLMGP-HabitTracker\client\src\components\BuildHabitGraph.tsx">
        <metrics statements="69" coveredstatements="68" conditionals="34" coveredconditionals="28" methods="19" coveredmethods="18"/>
        <line num="23" count="1" type="stmt"/>
        <line num="24" count="20" type="stmt"/>
        <line num="25" count="20" type="stmt"/>
        <line num="26" count="20" type="stmt"/>
        <line num="27" count="20" type="stmt"/>
        <line num="28" count="20" type="stmt"/>
        <line num="29" count="20" type="stmt"/>
        <line num="30" count="20" type="stmt"/>
        <line num="31" count="20" type="stmt"/>
        <line num="32" count="20" type="stmt"/>
        <line num="33" count="20" type="stmt"/>
        <line num="35" count="20" type="stmt"/>
        <line num="37" count="620" type="stmt"/>
        <line num="41" count="20" type="stmt"/>
        <line num="42" count="10" type="stmt"/>
        <line num="43" count="10" type="stmt"/>
        <line num="44" count="10" type="stmt"/>
        <line num="52" count="9" type="cond" truecount="4" falsecount="0"/>
        <line num="53" count="8" type="stmt"/>
        <line num="54" count="8" type="stmt"/>
        <line num="55" count="6" type="stmt"/>
        <line num="57" count="6" type="cond" truecount="2" falsecount="0"/>
        <line num="58" count="4" type="stmt"/>
        <line num="59" count="4" type="stmt"/>
        <line num="61" count="2" type="stmt"/>
        <line num="63" count="6" type="stmt"/>
        <line num="65" count="104" type="stmt"/>
        <line num="70" count="1" type="stmt"/>
        <line num="71" count="1" type="stmt"/>
        <line num="72" count="2" type="stmt"/>
        <line num="73" count="2" type="stmt"/>
        <line num="74" count="2" type="stmt"/>
        <line num="76" count="12" type="stmt"/>
        <line num="82" count="110" type="stmt"/>
        <line num="83" count="9" type="stmt"/>
        <line num="84" count="9" type="stmt"/>
        <line num="87" count="7" type="stmt"/>
        <line num="88" count="1" type="stmt"/>
        <line num="92" count="10" type="stmt"/>
        <line num="96" count="20" type="stmt"/>
        <line num="97" count="10" type="stmt"/>
        <line num="98" count="10" type="stmt"/>
        <line num="99" count="10" type="stmt"/>
        <line num="101" count="10" type="stmt"/>
        <line num="102" count="6" type="cond" truecount="1" falsecount="1"/>
        <line num="107" count="10" type="stmt"/>
        <line num="110" count="20" type="stmt"/>
        <line num="111" count="6" type="stmt"/>
        <line num="112" count="6" type="stmt"/>
        <line num="113" count="6" type="stmt"/>
        <line num="114" count="6" type="stmt"/>
        <line num="116" count="6" type="stmt"/>
        <line num="117" count="6" type="stmt"/>
        <line num="119" count="6" type="stmt"/>
        <line num="120" count="6" type="stmt"/>
        <line num="125" count="6" type="stmt"/>
        <line num="128" count="20" type="stmt"/>
        <line num="129" count="20" type="stmt"/>
        <line num="130" count="20" type="stmt"/>
        <line num="131" count="20" type="stmt"/>
        <line num="133" count="20" type="stmt"/>
        <line num="134" count="20" type="stmt"/>
        <line num="136" count="20" type="stmt"/>
        <line num="143" count="20" type="stmt"/>
        <line num="148" count="60" type="stmt"/>
        <line num="156" count="4" type="stmt"/>
        <line num="173" count="175" type="stmt"/>
        <line num="177" count="0" type="cond" truecount="0" falsecount="4"/>
        <line num="182" count="1" type="cond" truecount="1" falsecount="1"/>
      </file>
    </package>
    <package name="components.styles">
      <metrics statements="4" coveredstatements="4" conditionals="0" coveredconditionals="0" methods="0" coveredmethods="0"/>
      <file name="BuildHabitGraphStyles.ts" path="C:\b\uni stuffs\KCLMGP-HabitTracker\client\src\components\styles\BuildHabitGraphStyles.ts">
        <metrics statements="1" coveredstatements="1" conditionals="0" coveredconditionals="0" methods="0" coveredmethods="0"/>
        <line num="3" count="1" type="stmt"/>
      </file>
      <file name="Colors.ts" path="C:\b\uni stuffs\KCLMGP-HabitTracker\client\src\components\styles\Colors.ts">
        <metrics statements="3" coveredstatements="3" conditionals="0" coveredconditionals="0" methods="0" coveredmethods="0"/>
        <line num="1" count="1" type="stmt"/>
        <line num="2" count="1" type="stmt"/>
        <line num="4" count="1" type="stmt"/>
      </file>
    </package>
  </project>
</coverage>
