{"C:\\b\\uni stuffs\\KCLMGP-HabitTracker\\client\\src\\components\\BuildHabitGraph.tsx": {"path":"C:\\b\\uni stuffs\\KCLMGP-HabitTracker\\client\\src\\components\\BuildHabitGraph.tsx","statementMap":{"0":{"start":{"line":23,"column":24},"end":{"line":205,"column":1}},"1":{"start":{"line":24,"column":20},"end":{"line":24,"column":41}},"2":{"start":{"line":25,"column":20},"end":{"line":25,"column":30}},"3":{"start":{"line":26,"column":28},"end":{"line":26,"column":48}},"4":{"start":{"line":27,"column":36},"end":{"line":27,"column":61}},"5":{"start":{"line":28,"column":40},"end":{"line":28,"column":55}},"6":{"start":{"line":29,"column":44},"end":{"line":29,"column":63}},"7":{"start":{"line":30,"column":44},"end":{"line":30,"column":63}},"8":{"start":{"line":31,"column":46},"end":{"line":31,"column":65}},"9":{"start":{"line":32,"column":48},"end":{"line":32,"column":67}},"10":{"start":{"line":33,"column":16},"end":{"line":33,"column":26}},"11":{"start":{"line":35,"column":42},"end":{"line":39,"column":3}},"12":{"start":{"line":37,"column":44},"end":{"line":37,"column":62}},"13":{"start":{"line":41,"column":2},"end":{"line":93,"column":32}},"14":{"start":{"line":42,"column":22},"end":{"line":90,"column":5}},"15":{"start":{"line":43,"column":6},"end":{"line":89,"column":7}},"16":{"start":{"line":44,"column":24},"end":{"line":48,"column":9}},"17":{"start":{"line":52,"column":8},"end":{"line":80,"column":9}},"18":{"start":{"line":53,"column":26},"end":{"line":53,"column":35}},"19":{"start":{"line":54,"column":10},"end":{"line":64,"column":13}},"20":{"start":{"line":55,"column":25},"end":{"line":55,"column":53}},"21":{"start":{"line":57,"column":12},"end":{"line":62,"column":13}},"22":{"start":{"line":58,"column":31},"end":{"line":58,"column":54}},"23":{"start":{"line":59,"column":14},"end":{"line":59,"column":42}},"24":{"start":{"line":61,"column":14},"end":{"line":61,"column":44}},"25":{"start":{"line":63,"column":12},"end":{"line":63,"column":43}},"26":{"start":{"line":65,"column":10},"end":{"line":68,"column":14}},"27":{"start":{"line":65,"column":48},"end":{"line":68,"column":11}},"28":{"start":{"line":70,"column":26},"end":{"line":70,"column":35}},"29":{"start":{"line":71,"column":10},"end":{"line":75,"column":13}},"30":{"start":{"line":72,"column":31},"end":{"line":72,"column":46}},"31":{"start":{"line":73,"column":22},"end":{"line":73,"column":47}},"32":{"start":{"line":74,"column":12},"end":{"line":74,"column":46}},"33":{"start":{"line":76,"column":10},"end":{"line":79,"column":14}},"34":{"start":{"line":76,"column":48},"end":{"line":79,"column":11}},"35":{"start":{"line":82,"column":33},"end":{"line":82,"column":71}},"36":{"start":{"line":82,"column":54},"end":{"line":82,"column":70}},"37":{"start":{"line":83,"column":8},"end":{"line":83,"column":41}},"38":{"start":{"line":84,"column":8},"end":{"line":84,"column":30}},"39":{"start":{"line":87,"column":28},"end":{"line":87,"column":76}},"40":{"start":{"line":87,"column":56},"end":{"line":87,"column":74}},"41":{"start":{"line":88,"column":8},"end":{"line":88,"column":34}},"42":{"start":{"line":92,"column":4},"end":{"line":92,"column":16}},"43":{"start":{"line":96,"column":2},"end":{"line":108,"column":32}},"44":{"start":{"line":97,"column":28},"end":{"line":105,"column":5}},"45":{"start":{"line":98,"column":6},"end":{"line":104,"column":7}},"46":{"start":{"line":99,"column":24},"end":{"line":99,"column":67}},"47":{"start":{"line":101,"column":32},"end":{"line":101,"column":59}},"48":{"start":{"line":102,"column":8},"end":{"line":102,"column":71}},"49":{"start":{"line":107,"column":4},"end":{"line":107,"column":22}},"50":{"start":{"line":110,"column":2},"end":{"line":126,"column":25}},"51":{"start":{"line":111,"column":23},"end":{"line":123,"column":5}},"52":{"start":{"line":112,"column":6},"end":{"line":122,"column":7}},"53":{"start":{"line":113,"column":30},"end":{"line":113,"column":72}},"54":{"start":{"line":114,"column":8},"end":{"line":114,"column":40}},"55":{"start":{"line":116,"column":31},"end":{"line":116,"column":74}},"56":{"start":{"line":117,"column":8},"end":{"line":117,"column":42}},"57":{"start":{"line":119,"column":32},"end":{"line":119,"column":76}},"58":{"start":{"line":120,"column":8},"end":{"line":120,"column":44}},"59":{"start":{"line":125,"column":4},"end":{"line":125,"column":17}},"60":{"start":{"line":128,"column":25},"end":{"line":128,"column":28}},"61":{"start":{"line":129,"column":23},"end":{"line":129,"column":45}},"62":{"start":{"line":130,"column":26},"end":{"line":130,"column":87}},"63":{"start":{"line":131,"column":25},"end":{"line":131,"column":114}},"64":{"start":{"line":133,"column":24},"end":{"line":133,"column":27}},"65":{"start":{"line":134,"column":21},"end":{"line":134,"column":56}},"66":{"start":{"line":136,"column":20},"end":{"line":141,"column":3}},"67":{"start":{"line":143,"column":2},"end":{"line":204,"column":4}},"68":{"start":{"line":148,"column":12},"end":{"line":159,"column":31}},"69":{"start":{"line":156,"column":29},"end":{"line":156,"column":40}},"70":{"start":{"line":173,"column":61},"end":{"line":173,"column":64}},"71":{"start":{"line":177,"column":43},"end":{"line":177,"column":116}},"72":{"start":{"line":182,"column":43},"end":{"line":182,"column":91}}},"fnMap":{"0":{"name":"(anonymous_0)","decl":{"start":{"line":23,"column":24},"end":{"line":23,"column":25}},"loc":{"start":{"line":23,"column":72},"end":{"line":205,"column":1}},"line":23},"1":{"name":"(anonymous_1)","decl":{"start":{"line":37,"column":34},"end":{"line":37,"column":35}},"loc":{"start":{"line":37,"column":44},"end":{"line":37,"column":62}},"line":37},"2":{"name":"(anonymous_2)","decl":{"start":{"line":41,"column":12},"end":{"line":41,"column":13}},"loc":{"start":{"line":41,"column":18},"end":{"line":93,"column":3}},"line":41},"3":{"name":"(anonymous_3)","decl":{"start":{"line":42,"column":22},"end":{"line":42,"column":23}},"loc":{"start":{"line":42,"column":34},"end":{"line":90,"column":5}},"line":42},"4":{"name":"(anonymous_4)","decl":{"start":{"line":54,"column":26},"end":{"line":54,"column":27}},"loc":{"start":{"line":54,"column":81},"end":{"line":64,"column":11}},"line":54},"5":{"name":"(anonymous_5)","decl":{"start":{"line":65,"column":38},"end":{"line":65,"column":39}},"loc":{"start":{"line":65,"column":48},"end":{"line":68,"column":11}},"line":65},"6":{"name":"(anonymous_6)","decl":{"start":{"line":71,"column":26},"end":{"line":71,"column":27}},"loc":{"start":{"line":71,"column":77},"end":{"line":75,"column":11}},"line":71},"7":{"name":"(anonymous_7)","decl":{"start":{"line":76,"column":38},"end":{"line":76,"column":39}},"loc":{"start":{"line":76,"column":48},"end":{"line":79,"column":11}},"line":76},"8":{"name":"(anonymous_8)","decl":{"start":{"line":82,"column":46},"end":{"line":82,"column":47}},"loc":{"start":{"line":82,"column":54},"end":{"line":82,"column":70}},"line":82},"9":{"name":"(anonymous_9)","decl":{"start":{"line":87,"column":46},"end":{"line":87,"column":47}},"loc":{"start":{"line":87,"column":56},"end":{"line":87,"column":74}},"line":87},"10":{"name":"(anonymous_10)","decl":{"start":{"line":96,"column":12},"end":{"line":96,"column":13}},"loc":{"start":{"line":96,"column":18},"end":{"line":108,"column":3}},"line":96},"11":{"name":"(anonymous_11)","decl":{"start":{"line":97,"column":28},"end":{"line":97,"column":29}},"loc":{"start":{"line":97,"column":40},"end":{"line":105,"column":5}},"line":97},"12":{"name":"(anonymous_12)","decl":{"start":{"line":110,"column":12},"end":{"line":110,"column":13}},"loc":{"start":{"line":110,"column":18},"end":{"line":126,"column":3}},"line":110},"13":{"name":"(anonymous_13)","decl":{"start":{"line":111,"column":23},"end":{"line":111,"column":24}},"loc":{"start":{"line":111,"column":35},"end":{"line":123,"column":5}},"line":111},"14":{"name":"(anonymous_14)","decl":{"start":{"line":147,"column":44},"end":{"line":147,"column":45}},"loc":{"start":{"line":148,"column":12},"end":{"line":159,"column":31}},"line":148},"15":{"name":"(anonymous_15)","decl":{"start":{"line":156,"column":23},"end":{"line":156,"column":24}},"loc":{"start":{"line":156,"column":29},"end":{"line":156,"column":40}},"line":156},"16":{"name":"(anonymous_16)","decl":{"start":{"line":173,"column":56},"end":{"line":173,"column":57}},"loc":{"start":{"line":173,"column":61},"end":{"line":173,"column":64}},"line":173},"17":{"name":"(anonymous_17)","decl":{"start":{"line":177,"column":24},"end":{"line":177,"column":25}},"loc":{"start":{"line":177,"column":43},"end":{"line":177,"column":116}},"line":177},"18":{"name":"(anonymous_18)","decl":{"start":{"line":182,"column":24},"end":{"line":182,"column":25}},"loc":{"start":{"line":182,"column":43},"end":{"line":182,"column":91}},"line":182}},"branchMap":{"0":{"loc":{"start":{"line":47,"column":10},"end":{"line":47,"column":67}},"type":"cond-expr","locations":[{"start":{"line":47,"column":26},"end":{"line":47,"column":32}},{"start":{"line":47,"column":35},"end":{"line":47,"column":67}}],"line":47},"1":{"loc":{"start":{"line":47,"column":35},"end":{"line":47,"column":67}},"type":"cond-expr","locations":[{"start":{"line":47,"column":51},"end":{"line":47,"column":58}},{"start":{"line":47,"column":61},"end":{"line":47,"column":67}}],"line":47},"2":{"loc":{"start":{"line":52,"column":8},"end":{"line":80,"column":9}},"type":"if","locations":[{"start":{"line":52,"column":8},"end":{"line":80,"column":9}},{"start":{"line":69,"column":15},"end":{"line":80,"column":9}}],"line":52},"3":{"loc":{"start":{"line":52,"column":12},"end":{"line":52,"column":42}},"type":"binary-expr","locations":[{"start":{"line":52,"column":12},"end":{"line":52,"column":25}},{"start":{"line":52,"column":29},"end":{"line":52,"column":42}}],"line":52},"4":{"loc":{"start":{"line":57,"column":12},"end":{"line":62,"column":13}},"type":"if","locations":[{"start":{"line":57,"column":12},"end":{"line":62,"column":13}},{"start":{"line":60,"column":19},"end":{"line":62,"column":13}}],"line":57},"5":{"loc":{"start":{"line":67,"column":15},"end":{"line":67,"column":58}},"type":"cond-expr","locations":[{"start":{"line":67,"column":36},"end":{"line":67,"column":54}},{"start":{"line":67,"column":57},"end":{"line":67,"column":58}}],"line":67},"6":{"loc":{"start":{"line":78,"column":15},"end":{"line":78,"column":58}},"type":"cond-expr","locations":[{"start":{"line":78,"column":36},"end":{"line":78,"column":54}},{"start":{"line":78,"column":57},"end":{"line":78,"column":58}}],"line":78},"7":{"loc":{"start":{"line":102,"column":25},"end":{"line":102,"column":69}},"type":"cond-expr","locations":[{"start":{"line":102,"column":43},"end":{"line":102,"column":65}},{"start":{"line":102,"column":68},"end":{"line":102,"column":69}}],"line":102},"8":{"loc":{"start":{"line":152,"column":16},"end":{"line":152,"column":63}},"type":"binary-expr","locations":[{"start":{"line":152,"column":16},"end":{"line":152,"column":27}},{"start":{"line":152,"column":31},"end":{"line":152,"column":63}}],"line":152},"9":{"loc":{"start":{"line":153,"column":16},"end":{"line":153,"column":64}},"type":"binary-expr","locations":[{"start":{"line":153,"column":16},"end":{"line":153,"column":27}},{"start":{"line":153,"column":31},"end":{"line":153,"column":64}}],"line":153},"10":{"loc":{"start":{"line":154,"column":16},"end":{"line":154,"column":65}},"type":"binary-expr","locations":[{"start":{"line":154,"column":16},"end":{"line":154,"column":27}},{"start":{"line":154,"column":31},"end":{"line":154,"column":65}}],"line":154},"11":{"loc":{"start":{"line":164,"column":11},"end":{"line":164,"column":108}},"type":"cond-expr","locations":[{"start":{"line":164,"column":27},"end":{"line":164,"column":41}},{"start":{"line":164,"column":44},"end":{"line":164,"column":108}}],"line":164},"12":{"loc":{"start":{"line":164,"column":44},"end":{"line":164,"column":108}},"type":"cond-expr","locations":[{"start":{"line":164,"column":60},"end":{"line":164,"column":75}},{"start":{"line":164,"column":78},"end":{"line":164,"column":108}}],"line":164},"13":{"loc":{"start":{"line":170,"column":30},"end":{"line":170,"column":52}},"type":"cond-expr","locations":[{"start":{"line":170,"column":46},"end":{"line":170,"column":47}},{"start":{"line":170,"column":50},"end":{"line":170,"column":52}}],"line":170},"14":{"loc":{"start":{"line":177,"column":43},"end":{"line":177,"column":116}},"type":"cond-expr","locations":[{"start":{"line":177,"column":107},"end":{"line":177,"column":109}},{"start":{"line":177,"column":112},"end":{"line":177,"column":116}}],"line":177},"15":{"loc":{"start":{"line":177,"column":43},"end":{"line":177,"column":104}},"type":"binary-expr","locations":[{"start":{"line":177,"column":43},"end":{"line":177,"column":56}},{"start":{"line":177,"column":60},"end":{"line":177,"column":104}}],"line":177},"16":{"loc":{"start":{"line":182,"column":43},"end":{"line":182,"column":91}},"type":"cond-expr","locations":[{"start":{"line":182,"column":57},"end":{"line":182,"column":72}},{"start":{"line":182,"column":75},"end":{"line":182,"column":91}}],"line":182}},"s":{"0":1,"1":20,"2":20,"3":20,"4":20,"5":20,"6":20,"7":20,"8":20,"9":20,"10":20,"11":20,"12":620,"13":20,"14":10,"15":10,"16":10,"17":9,"18":8,"19":8,"20":6,"21":6,"22":4,"23":4,"24":2,"25":6,"26":8,"27":104,"28":1,"29":1,"30":2,"31":2,"32":2,"33":1,"34":12,"35":9,"36":110,"37":9,"38":9,"39":1,"40":7,"41":1,"42":10,"43":20,"44":10,"45":10,"46":10,"47":10,"48":6,"49":10,"50":20,"51":6,"52":6,"53":6,"54":6,"55":6,"56":6,"57":6,"58":6,"59":6,"60":20,"61":20,"62":20,"63":20,"64":20,"65":20,"66":20,"67":20,"68":60,"69":4,"70":175,"71":0,"72":1},"f":{"0":20,"1":620,"2":10,"3":10,"4":6,"5":104,"6":2,"7":12,"8":110,"9":7,"10":10,"11":10,"12":6,"13":6,"14":60,"15":4,"16":175,"17":0,"18":1},"b":{"0":[7,3],"1":[2,1],"2":[8,1],"3":[9,3],"4":[4,2],"5":[6,98],"6":[2,10],"7":[6,0],"8":[60,20],"9":[60,20],"10":[60,20],"11":[14,6],"12":[4,2],"13":[4,16],"14":[0,0],"15":[0,0],"16":[1,0]},"_coverageSchema":"1a1c01bbd47fc00a2c39e90264f33305004495a9","hash":"e82e238620354578b473b79ec5ad118e40588d2c"}
,"C:\\b\\uni stuffs\\KCLMGP-HabitTracker\\client\\src\\components\\styles\\BuildHabitGraphStyles.ts": {"path":"C:\\b\\uni stuffs\\KCLMGP-HabitTracker\\client\\src\\components\\styles\\BuildHabitGraphStyles.ts","statementMap":{"0":{"start":{"line":3,"column":37},"end":{"line":43,"column":2}}},"fnMap":{},"branchMap":{},"s":{"0":1},"f":{},"b":{},"_coverageSchema":"1a1c01bbd47fc00a2c39e90264f33305004495a9","hash":"182b8ee1222c51df5de93bad85aae2a814bd6aeb"}
,"C:\\b\\uni stuffs\\KCLMGP-HabitTracker\\client\\src\\components\\styles\\Colors.ts": {"path":"C:\\b\\uni stuffs\\KCLMGP-HabitTracker\\client\\src\\components\\styles\\Colors.ts","statementMap":{"0":{"start":{"line":1,"column":23},"end":{"line":1,"column":32}},"1":{"start":{"line":2,"column":22},"end":{"line":2,"column":28}},"2":{"start":{"line":4,"column":22},"end":{"line":33,"column":1}}},"fnMap":{},"branchMap":{},"s":{"0":1,"1":1,"2":1},"f":{},"b":{},"_coverageSchema":"1a1c01bbd47fc00a2c39e90264f33305004495a9","hash":"3d810d867be94f3a606c4d1cc7ab5f5c410ac19b"}
}
