{"D:\\KCL\\Y2\\SEG\\KCLMGP-HabitTracker-1\\client\\assets\\fonts\\SpaceMono-Regular.ttf": {"path":"D:\\KCL\\Y2\\SEG\\KCLMGP-HabitTracker-1\\client\\assets\\fonts\\SpaceMono-Regular.ttf","statementMap":{"0":{"start":{"line":1,"column":0},"end":{"line":1,"column":19}}},"fnMap":{},"branchMap":{},"s":{"0":1},"f":{},"b":{},"_coverageSchema":"1a1c01bbd47fc00a2c39e90264f33305004495a9","hash":"45a50e4664f3421aec0b8659472c13a04f1ac6cc"}
,"D:\\KCL\\Y2\\SEG\\KCLMGP-HabitTracker-1\\client\\assets\\images\\account.png": {"path":"D:\\KCL\\Y2\\SEG\\KCLMGP-HabitTracker-1\\client\\assets\\images\\account.png","statementMap":{"0":{"start":{"line":1,"column":0},"end":{"line":4,"column":6}}},"fnMap":{},"branchMap":{},"s":{"0":2},"f":{},"b":{},"_coverageSchema":"1a1c01bbd47fc00a2c39e90264f33305004495a9","hash":"dd48b9088cf4ed727b92c3f5a43cfb1ae81fc344"}
,"D:\\KCL\\Y2\\SEG\\KCLMGP-HabitTracker-1\\client\\assets\\images\\appearance.png": {"path":"D:\\KCL\\Y2\\SEG\\KCLMGP-HabitTracker-1\\client\\assets\\images\\appearance.png","statementMap":{"0":{"start":{"line":1,"column":0},"end":{"line":4,"column":6}}},"fnMap":{},"branchMap":{},"s":{"0":2},"f":{},"b":{},"_coverageSchema":"1a1c01bbd47fc00a2c39e90264f33305004495a9","hash":"b85de782718c2e704f7dce9636874e253c859e7b"}
,"D:\\KCL\\Y2\\SEG\\KCLMGP-HabitTracker-1\\client\\assets\\images\\arrowLeft.png": {"path":"D:\\KCL\\Y2\\SEG\\KCLMGP-HabitTracker-1\\client\\assets\\images\\arrowLeft.png","statementMap":{"0":{"start":{"line":1,"column":0},"end":{"line":4,"column":6}}},"fnMap":{},"branchMap":{},"s":{"0":1},"f":{},"b":{},"_coverageSchema":"1a1c01bbd47fc00a2c39e90264f33305004495a9","hash":"91700fb6d2599897f339ac7ccde63c4ac405c362"}
,"D:\\KCL\\Y2\\SEG\\KCLMGP-HabitTracker-1\\client\\assets\\images\\arrowRight.png": {"path":"D:\\KCL\\Y2\\SEG\\KCLMGP-HabitTracker-1\\client\\assets\\images\\arrowRight.png","statementMap":{"0":{"start":{"line":1,"column":0},"end":{"line":4,"column":6}}},"fnMap":{},"branchMap":{},"s":{"0":1},"f":{},"b":{},"_coverageSchema":"1a1c01bbd47fc00a2c39e90264f33305004495a9","hash":"e0765d1b92418771c26b5b4657ba7edef593a9da"}
,"D:\\KCL\\Y2\\SEG\\KCLMGP-HabitTracker-1\\client\\assets\\images\\notifications.png": {"path":"D:\\KCL\\Y2\\SEG\\KCLMGP-HabitTracker-1\\client\\assets\\images\\notifications.png","statementMap":{"0":{"start":{"line":1,"column":0},"end":{"line":4,"column":6}}},"fnMap":{},"branchMap":{},"s":{"0":2},"f":{},"b":{},"_coverageSchema":"1a1c01bbd47fc00a2c39e90264f33305004495a9","hash":"4982f1b0735d49e9dc02f5a8dbfc5b7a3537393c"}
,"D:\\KCL\\Y2\\SEG\\KCLMGP-HabitTracker-1\\client\\src\\app\\+not-found.tsx": {"path":"D:\\KCL\\Y2\\SEG\\KCLMGP-HabitTracker-1\\client\\src\\app\\+not-found.tsx","statementMap":{"0":{"start":{"line":9,"column":2},"end":{"line":19,"column":4}}},"fnMap":{"0":{"name":"NotFoundScreen","decl":{"start":{"line":8,"column":24},"end":{"line":8,"column":38}},"loc":{"start":{"line":8,"column":41},"end":{"line":20,"column":1}},"line":8}},"branchMap":{},"s":{"0":3},"f":{"0":3},"b":{},"_coverageSchema":"1a1c01bbd47fc00a2c39e90264f33305004495a9","hash":"5d98b322438cd7b6765b3ab704bc541e716f9f68"}
,"D:\\KCL\\Y2\\SEG\\KCLMGP-HabitTracker-1\\client\\src\\app\\NotificationsHandler.js": {"path":"D:\\KCL\\Y2\\SEG\\KCLMGP-HabitTracker-1\\client\\src\\app\\NotificationsHandler.js","statementMap":{"0":{"start":{"line":8,"column":0},"end":{"line":14,"column":3}},"1":{"start":{"line":9,"column":35},"end":{"line":13,"column":3}},"2":{"start":{"line":17,"column":35},"end":{"line":25,"column":1}},"3":{"start":{"line":18,"column":14},"end":{"line":18,"column":24}},"4":{"start":{"line":19,"column":14},"end":{"line":19,"column":26}},"5":{"start":{"line":20,"column":15},"end":{"line":20,"column":38}},"6":{"start":{"line":21,"column":21},"end":{"line":21,"column":34}},"7":{"start":{"line":22,"column":2},"end":{"line":22,"column":43}},"8":{"start":{"line":23,"column":2},"end":{"line":23,"column":34}},"9":{"start":{"line":24,"column":2},"end":{"line":24,"column":20}},"10":{"start":{"line":28,"column":2},"end":{"line":79,"column":9}},"11":{"start":{"line":30,"column":6},"end":{"line":75,"column":7}},"12":{"start":{"line":32,"column":8},"end":{"line":35,"column":9}},"13":{"start":{"line":33,"column":10},"end":{"line":33,"column":74}},"14":{"start":{"line":34,"column":10},"end":{"line":34,"column":17}},"15":{"start":{"line":36,"column":8},"end":{"line":42,"column":9}},"16":{"start":{"line":37,"column":29},"end":{"line":37,"column":67}},"17":{"start":{"line":38,"column":10},"end":{"line":41,"column":11}},"18":{"start":{"line":39,"column":12},"end":{"line":39,"column":69}},"19":{"start":{"line":40,"column":12},"end":{"line":40,"column":19}},"20":{"start":{"line":43,"column":27},"end":{"line":43,"column":48}},"21":{"start":{"line":44,"column":22},"end":{"line":44,"column":65}},"22":{"start":{"line":45,"column":8},"end":{"line":49,"column":18}},"23":{"start":{"line":46,"column":10},"end":{"line":48,"column":13}},"24":{"start":{"line":52,"column":8},"end":{"line":55,"column":9}},"25":{"start":{"line":53,"column":10},"end":{"line":53,"column":69}},"26":{"start":{"line":54,"column":10},"end":{"line":54,"column":17}},"27":{"start":{"line":56,"column":43},"end":{"line":56,"column":84}},"28":{"start":{"line":57,"column":26},"end":{"line":57,"column":40}},"29":{"start":{"line":58,"column":8},"end":{"line":61,"column":9}},"30":{"start":{"line":59,"column":29},"end":{"line":59,"column":74}},"31":{"start":{"line":60,"column":10},"end":{"line":60,"column":31}},"32":{"start":{"line":62,"column":8},"end":{"line":65,"column":9}},"33":{"start":{"line":63,"column":10},"end":{"line":63,"column":69}},"34":{"start":{"line":64,"column":10},"end":{"line":64,"column":17}},"35":{"start":{"line":66,"column":27},"end":{"line":66,"column":48}},"36":{"start":{"line":67,"column":8},"end":{"line":74,"column":11}},"37":{"start":{"line":78,"column":4},"end":{"line":78,"column":27}},"38":{"start":{"line":81,"column":2},"end":{"line":81,"column":14}},"39":{"start":{"line":87,"column":2},"end":{"line":133,"column":3}},"40":{"start":{"line":88,"column":4},"end":{"line":116,"column":5}},"41":{"start":{"line":89,"column":6},"end":{"line":92,"column":7}},"42":{"start":{"line":90,"column":8},"end":{"line":90,"column":80}},"43":{"start":{"line":91,"column":8},"end":{"line":91,"column":15}},"44":{"start":{"line":94,"column":6},"end":{"line":113,"column":7}},"45":{"start":{"line":95,"column":8},"end":{"line":97,"column":11}},"46":{"start":{"line":98,"column":8},"end":{"line":98,"column":67}},"47":{"start":{"line":99,"column":13},"end":{"line":113,"column":7}},"48":{"start":{"line":100,"column":27},"end":{"line":100,"column":65}},"49":{"start":{"line":101,"column":8},"end":{"line":109,"column":9}},"50":{"start":{"line":102,"column":10},"end":{"line":104,"column":13}},"51":{"start":{"line":105,"column":10},"end":{"line":105,"column":69}},"52":{"start":{"line":107,"column":10},"end":{"line":107,"column":77}},"53":{"start":{"line":108,"column":10},"end":{"line":108,"column":17}},"54":{"start":{"line":111,"column":8},"end":{"line":111,"column":80}},"55":{"start":{"line":112,"column":8},"end":{"line":112,"column":15}},"56":{"start":{"line":115,"column":6},"end":{"line":115,"column":65}},"57":{"start":{"line":118,"column":4},"end":{"line":126,"column":5}},"58":{"start":{"line":119,"column":6},"end":{"line":125,"column":14}},"59":{"start":{"line":120,"column":8},"end":{"line":124,"column":9}},"60":{"start":{"line":121,"column":10},"end":{"line":121,"column":57}},"61":{"start":{"line":123,"column":10},"end":{"line":123,"column":58}},"62":{"start":{"line":129,"column":4},"end":{"line":129,"column":58}},"63":{"start":{"line":130,"column":4},"end":{"line":132,"column":5}},"64":{"start":{"line":131,"column":6},"end":{"line":131,"column":61}},"65":{"start":{"line":139,"column":2},"end":{"line":163,"column":3}},"66":{"start":{"line":140,"column":4},"end":{"line":144,"column":5}},"67":{"start":{"line":141,"column":6},"end":{"line":143,"column":8}},"68":{"start":{"line":146,"column":4},"end":{"line":146,"column":64}},"69":{"start":{"line":148,"column":4},"end":{"line":156,"column":5}},"70":{"start":{"line":149,"column":6},"end":{"line":155,"column":14}},"71":{"start":{"line":150,"column":8},"end":{"line":154,"column":9}},"72":{"start":{"line":151,"column":10},"end":{"line":151,"column":58}},"73":{"start":{"line":153,"column":10},"end":{"line":153,"column":59}},"74":{"start":{"line":159,"column":4},"end":{"line":159,"column":59}},"75":{"start":{"line":160,"column":4},"end":{"line":162,"column":5}},"76":{"start":{"line":161,"column":6},"end":{"line":161,"column":62}},"77":{"start":{"line":168,"column":23},"end":{"line":168,"column":73}},"78":{"start":{"line":169,"column":2},"end":{"line":169,"column":33}}},"fnMap":{"0":{"name":"(anonymous_0)","decl":{"start":{"line":9,"column":22},"end":{"line":9,"column":23}},"loc":{"start":{"line":9,"column":35},"end":{"line":13,"column":3}},"line":9},"1":{"name":"(anonymous_1)","decl":{"start":{"line":17,"column":35},"end":{"line":17,"column":36}},"loc":{"start":{"line":17,"column":41},"end":{"line":25,"column":1}},"line":17},"2":{"name":"ScheduleWeeklyNotification","decl":{"start":{"line":27,"column":24},"end":{"line":27,"column":50}},"loc":{"start":{"line":27,"column":53},"end":{"line":82,"column":1}},"line":27},"3":{"name":"(anonymous_3)","decl":{"start":{"line":28,"column":12},"end":{"line":28,"column":13}},"loc":{"start":{"line":28,"column":18},"end":{"line":79,"column":3}},"line":28},"4":{"name":"scheduleNotification","decl":{"start":{"line":29,"column":19},"end":{"line":29,"column":39}},"loc":{"start":{"line":29,"column":42},"end":{"line":76,"column":5}},"line":29},"5":{"name":"(anonymous_5)","decl":{"start":{"line":45,"column":19},"end":{"line":45,"column":20}},"loc":{"start":{"line":45,"column":25},"end":{"line":49,"column":9}},"line":45},"6":{"name":"enableNotifications","decl":{"start":{"line":85,"column":22},"end":{"line":85,"column":41}},"loc":{"start":{"line":85,"column":44},"end":{"line":134,"column":1}},"line":85},"7":{"name":"(anonymous_7)","decl":{"start":{"line":119,"column":17},"end":{"line":119,"column":18}},"loc":{"start":{"line":119,"column":23},"end":{"line":125,"column":7}},"line":119},"8":{"name":"disableNotifications","decl":{"start":{"line":137,"column":22},"end":{"line":137,"column":42}},"loc":{"start":{"line":137,"column":45},"end":{"line":164,"column":1}},"line":137},"9":{"name":"(anonymous_9)","decl":{"start":{"line":149,"column":17},"end":{"line":149,"column":18}},"loc":{"start":{"line":149,"column":23},"end":{"line":155,"column":7}},"line":149},"10":{"name":"getNotificationStatus","decl":{"start":{"line":167,"column":22},"end":{"line":167,"column":43}},"loc":{"start":{"line":167,"column":46},"end":{"line":170,"column":1}},"line":167}},"branchMap":{"0":{"loc":{"start":{"line":20,"column":15},"end":{"line":20,"column":38}},"type":"cond-expr","locations":[{"start":{"line":20,"column":27},"end":{"line":20,"column":28}},{"start":{"line":20,"column":31},"end":{"line":20,"column":38}}],"line":20},"1":{"loc":{"start":{"line":30,"column":6},"end":{"line":75,"column":7}},"type":"if","locations":[{"start":{"line":30,"column":6},"end":{"line":75,"column":7}},{"start":{"line":50,"column":13},"end":{"line":75,"column":7}}],"line":30},"2":{"loc":{"start":{"line":32,"column":8},"end":{"line":35,"column":9}},"type":"if","locations":[{"start":{"line":32,"column":8},"end":{"line":35,"column":9}},{"start":{},"end":{}}],"line":32},"3":{"loc":{"start":{"line":32,"column":12},"end":{"line":32,"column":72}},"type":"binary-expr","locations":[{"start":{"line":32,"column":12},"end":{"line":32,"column":41}},{"start":{"line":32,"column":45},"end":{"line":32,"column":72}}],"line":32},"4":{"loc":{"start":{"line":36,"column":8},"end":{"line":42,"column":9}},"type":"if","locations":[{"start":{"line":36,"column":8},"end":{"line":42,"column":9}},{"start":{},"end":{}}],"line":36},"5":{"loc":{"start":{"line":38,"column":10},"end":{"line":41,"column":11}},"type":"if","locations":[{"start":{"line":38,"column":10},"end":{"line":41,"column":11}},{"start":{},"end":{}}],"line":38},"6":{"loc":{"start":{"line":52,"column":8},"end":{"line":55,"column":9}},"type":"if","locations":[{"start":{"line":52,"column":8},"end":{"line":55,"column":9}},{"start":{},"end":{}}],"line":52},"7":{"loc":{"start":{"line":58,"column":8},"end":{"line":61,"column":9}},"type":"if","locations":[{"start":{"line":58,"column":8},"end":{"line":61,"column":9}},{"start":{},"end":{}}],"line":58},"8":{"loc":{"start":{"line":62,"column":8},"end":{"line":65,"column":9}},"type":"if","locations":[{"start":{"line":62,"column":8},"end":{"line":65,"column":9}},{"start":{},"end":{}}],"line":62},"9":{"loc":{"start":{"line":88,"column":4},"end":{"line":116,"column":5}},"type":"if","locations":[{"start":{"line":88,"column":4},"end":{"line":116,"column":5}},{"start":{"line":114,"column":11},"end":{"line":116,"column":5}}],"line":88},"10":{"loc":{"start":{"line":89,"column":6},"end":{"line":92,"column":7}},"type":"if","locations":[{"start":{"line":89,"column":6},"end":{"line":92,"column":7}},{"start":{},"end":{}}],"line":89},"11":{"loc":{"start":{"line":89,"column":10},"end":{"line":89,"column":70}},"type":"binary-expr","locations":[{"start":{"line":89,"column":10},"end":{"line":89,"column":39}},{"start":{"line":89,"column":43},"end":{"line":89,"column":70}}],"line":89},"12":{"loc":{"start":{"line":94,"column":6},"end":{"line":113,"column":7}},"type":"if","locations":[{"start":{"line":94,"column":6},"end":{"line":113,"column":7}},{"start":{"line":99,"column":13},"end":{"line":113,"column":7}}],"line":94},"13":{"loc":{"start":{"line":99,"column":13},"end":{"line":113,"column":7}},"type":"if","locations":[{"start":{"line":99,"column":13},"end":{"line":113,"column":7}},{"start":{"line":110,"column":13},"end":{"line":113,"column":7}}],"line":99},"14":{"loc":{"start":{"line":101,"column":8},"end":{"line":109,"column":9}},"type":"if","locations":[{"start":{"line":101,"column":8},"end":{"line":109,"column":9}},{"start":{"line":106,"column":15},"end":{"line":109,"column":9}}],"line":101},"15":{"loc":{"start":{"line":118,"column":4},"end":{"line":126,"column":5}},"type":"if","locations":[{"start":{"line":118,"column":4},"end":{"line":126,"column":5}},{"start":{},"end":{}}],"line":118},"16":{"loc":{"start":{"line":120,"column":8},"end":{"line":124,"column":9}},"type":"if","locations":[{"start":{"line":120,"column":8},"end":{"line":124,"column":9}},{"start":{"line":122,"column":15},"end":{"line":124,"column":9}}],"line":120},"17":{"loc":{"start":{"line":130,"column":4},"end":{"line":132,"column":5}},"type":"if","locations":[{"start":{"line":130,"column":4},"end":{"line":132,"column":5}},{"start":{},"end":{}}],"line":130},"18":{"loc":{"start":{"line":140,"column":4},"end":{"line":144,"column":5}},"type":"if","locations":[{"start":{"line":140,"column":4},"end":{"line":144,"column":5}},{"start":{},"end":{}}],"line":140},"19":{"loc":{"start":{"line":148,"column":4},"end":{"line":156,"column":5}},"type":"if","locations":[{"start":{"line":148,"column":4},"end":{"line":156,"column":5}},{"start":{},"end":{}}],"line":148},"20":{"loc":{"start":{"line":150,"column":8},"end":{"line":154,"column":9}},"type":"if","locations":[{"start":{"line":150,"column":8},"end":{"line":154,"column":9}},{"start":{"line":152,"column":15},"end":{"line":154,"column":9}}],"line":150},"21":{"loc":{"start":{"line":160,"column":4},"end":{"line":162,"column":5}},"type":"if","locations":[{"start":{"line":160,"column":4},"end":{"line":162,"column":5}},{"start":{},"end":{}}],"line":160}},"s":{"0":3,"1":1,"2":3,"3":4,"4":4,"5":4,"6":4,"7":4,"8":4,"9":4,"10":8,"11":8,"12":3,"13":1,"14":1,"15":2,"16":1,"17":1,"18":1,"19":1,"20":1,"21":1,"22":1,"23":1,"24":5,"25":2,"26":2,"27":3,"28":3,"29":3,"30":2,"31":2,"32":3,"33":1,"34":1,"35":2,"36":2,"37":8,"38":8,"39":7,"40":7,"41":6,"42":1,"43":1,"44":5,"45":1,"46":1,"47":4,"48":2,"49":2,"50":1,"51":0,"52":1,"53":1,"54":2,"55":2,"56":1,"57":2,"58":0,"59":0,"60":0,"61":0,"62":1,"63":1,"64":1,"65":3,"66":3,"67":2,"68":3,"69":1,"70":0,"71":0,"72":0,"73":0,"74":2,"75":2,"76":2,"77":0,"78":0},"f":{"0":1,"1":4,"2":8,"3":8,"4":8,"5":1,"6":7,"7":0,"8":3,"9":0,"10":0},"b":{"0":[0,4],"1":[3,5],"2":[1,2],"3":[3,3],"4":[1,1],"5":[1,0],"6":[2,3],"7":[2,1],"8":[1,2],"9":[6,1],"10":[1,5],"11":[6,6],"12":[1,4],"13":[2,2],"14":[1,1],"15":[0,2],"16":[0,0],"17":[1,0],"18":[2,1],"19":[0,1],"20":[0,0],"21":[2,0]},"_coverageSchema":"1a1c01bbd47fc00a2c39e90264f33305004495a9","hash":"6cd308719173b55ab6ac8e14b766ad44f45daa01"}
,"D:\\KCL\\Y2\\SEG\\KCLMGP-HabitTracker-1\\client\\src\\app\\_layout.tsx": {"path":"D:\\KCL\\Y2\\SEG\\KCLMGP-HabitTracker-1\\client\\src\\app\\_layout.tsx","statementMap":{"0":{"start":{"line":12,"column":0},"end":{"line":12,"column":36}},"1":{"start":{"line":15,"column":19},"end":{"line":17,"column":4}},"2":{"start":{"line":19,"column":2},"end":{"line":23,"column":15}},"3":{"start":{"line":20,"column":4},"end":{"line":22,"column":5}},"4":{"start":{"line":21,"column":6},"end":{"line":21,"column":31}},"5":{"start":{"line":25,"column":2},"end":{"line":27,"column":3}},"6":{"start":{"line":26,"column":4},"end":{"line":26,"column":16}},"7":{"start":{"line":29,"column":2},"end":{"line":35,"column":4}},"8":{"start":{"line":39,"column":32},"end":{"line":39,"column":42}},"9":{"start":{"line":41,"column":2},"end":{"line":51,"column":4}}},"fnMap":{"0":{"name":"RootLayout","decl":{"start":{"line":14,"column":24},"end":{"line":14,"column":34}},"loc":{"start":{"line":14,"column":37},"end":{"line":36,"column":1}},"line":14},"1":{"name":"(anonymous_1)","decl":{"start":{"line":19,"column":12},"end":{"line":19,"column":13}},"loc":{"start":{"line":19,"column":18},"end":{"line":23,"column":3}},"line":19},"2":{"name":"AppContent","decl":{"start":{"line":38,"column":9},"end":{"line":38,"column":19}},"loc":{"start":{"line":38,"column":22},"end":{"line":52,"column":1}},"line":38}},"branchMap":{"0":{"loc":{"start":{"line":20,"column":4},"end":{"line":22,"column":5}},"type":"if","locations":[{"start":{"line":20,"column":4},"end":{"line":22,"column":5}},{"start":{},"end":{}}],"line":20},"1":{"loc":{"start":{"line":25,"column":2},"end":{"line":27,"column":3}},"type":"if","locations":[{"start":{"line":25,"column":2},"end":{"line":27,"column":3}},{"start":{},"end":{}}],"line":25},"2":{"loc":{"start":{"line":42,"column":53},"end":{"line":42,"column":96}},"type":"cond-expr","locations":[{"start":{"line":42,"column":72},"end":{"line":42,"column":81}},{"start":{"line":42,"column":84},"end":{"line":42,"column":96}}],"line":42},"3":{"loc":{"start":{"line":49,"column":24},"end":{"line":49,"column":59}},"type":"cond-expr","locations":[{"start":{"line":49,"column":43},"end":{"line":49,"column":50}},{"start":{"line":49,"column":53},"end":{"line":49,"column":59}}],"line":49}},"s":{"0":1,"1":2,"2":2,"3":2,"4":1,"5":2,"6":1,"7":1,"8":0,"9":0},"f":{"0":2,"1":2,"2":0},"b":{"0":[1,1],"1":[1,1],"2":[0,0],"3":[0,0]},"_coverageSchema":"1a1c01bbd47fc00a2c39e90264f33305004495a9","hash":"b14fb92029a2672fb9204e47bc2f73c729f4f25c"}
,"D:\\KCL\\Y2\\SEG\\KCLMGP-HabitTracker-1\\client\\src\\app\\index.tsx": {"path":"D:\\KCL\\Y2\\SEG\\KCLMGP-HabitTracker-1\\client\\src\\app\\index.tsx","statementMap":{"0":{"start":{"line":8,"column":41},"end":{"line":8,"column":50}},"1":{"start":{"line":9,"column":20},"end":{"line":9,"column":30}},"2":{"start":{"line":11,"column":2},"end":{"line":17,"column":3}},"3":{"start":{"line":12,"column":4},"end":{"line":16,"column":6}},"4":{"start":{"line":19,"column":2},"end":{"line":21,"column":3}},"5":{"start":{"line":20,"column":4},"end":{"line":20,"column":58}},"6":{"start":{"line":23,"column":2},"end":{"line":23,"column":43}}},"fnMap":{"0":{"name":"IndexRoute","decl":{"start":{"line":7,"column":24},"end":{"line":7,"column":34}},"loc":{"start":{"line":7,"column":37},"end":{"line":24,"column":1}},"line":7}},"branchMap":{"0":{"loc":{"start":{"line":11,"column":2},"end":{"line":17,"column":3}},"type":"if","locations":[{"start":{"line":11,"column":2},"end":{"line":17,"column":3}},{"start":{},"end":{}}],"line":11},"1":{"loc":{"start":{"line":19,"column":2},"end":{"line":21,"column":3}},"type":"if","locations":[{"start":{"line":19,"column":2},"end":{"line":21,"column":3}},{"start":{},"end":{}}],"line":19}},"s":{"0":3,"1":3,"2":3,"3":1,"4":2,"5":1,"6":1},"f":{"0":3},"b":{"0":[1,2],"1":[1,1]},"_coverageSchema":"1a1c01bbd47fc00a2c39e90264f33305004495a9","hash":"30605cd0e3351714e084194de2bdc69bc9f2678f"}
,"D:\\KCL\\Y2\\SEG\\KCLMGP-HabitTracker-1\\client\\src\\app\\(auth)\\_layout.tsx": {"path":"D:\\KCL\\Y2\\SEG\\KCLMGP-HabitTracker-1\\client\\src\\app\\(auth)\\_layout.tsx","statementMap":{"0":{"start":{"line":4,"column":4},"end":{"line":9,"column":6}}},"fnMap":{"0":{"name":"AuthLayout","decl":{"start":{"line":3,"column":24},"end":{"line":3,"column":34}},"loc":{"start":{"line":3,"column":37},"end":{"line":10,"column":1}},"line":3}},"branchMap":{},"s":{"0":1},"f":{"0":1},"b":{},"_coverageSchema":"1a1c01bbd47fc00a2c39e90264f33305004495a9","hash":"2699811377c8917963da8248fd167ce489020784"}
,"D:\\KCL\\Y2\\SEG\\KCLMGP-HabitTracker-1\\client\\src\\app\\(auth)\\login.tsx": {"path":"D:\\KCL\\Y2\\SEG\\KCLMGP-HabitTracker-1\\client\\src\\app\\(auth)\\login.tsx","statementMap":{"0":{"start":{"line":13,"column":30},"end":{"line":13,"column":42}},"1":{"start":{"line":14,"column":36},"end":{"line":14,"column":48}},"2":{"start":{"line":15,"column":30},"end":{"line":15,"column":42}},"3":{"start":{"line":17,"column":22},"end":{"line":17,"column":32}},"4":{"start":{"line":18,"column":32},"end":{"line":18,"column":41}},"5":{"start":{"line":20,"column":24},"end":{"line":32,"column":5}},"6":{"start":{"line":21,"column":8},"end":{"line":31,"column":9}},"7":{"start":{"line":22,"column":12},"end":{"line":22,"column":41}},"8":{"start":{"line":23,"column":12},"end":{"line":23,"column":36}},"9":{"start":{"line":24,"column":12},"end":{"line":24,"column":57}},"10":{"start":{"line":26,"column":12},"end":{"line":30,"column":13}},"11":{"start":{"line":27,"column":16},"end":{"line":27,"column":38}},"12":{"start":{"line":29,"column":16},"end":{"line":29,"column":54}},"13":{"start":{"line":34,"column":4},"end":{"line":79,"column":6}}},"fnMap":{"0":{"name":"LoginScreen","decl":{"start":{"line":12,"column":24},"end":{"line":12,"column":35}},"loc":{"start":{"line":12,"column":38},"end":{"line":80,"column":1}},"line":12},"1":{"name":"(anonymous_1)","decl":{"start":{"line":20,"column":24},"end":{"line":20,"column":25}},"loc":{"start":{"line":20,"column":36},"end":{"line":32,"column":5}},"line":20}},"branchMap":{"0":{"loc":{"start":{"line":26,"column":12},"end":{"line":30,"column":13}},"type":"if","locations":[{"start":{"line":26,"column":12},"end":{"line":30,"column":13}},{"start":{"line":28,"column":19},"end":{"line":30,"column":13}}],"line":26},"1":{"loc":{"start":{"line":42,"column":21},"end":{"line":44,"column":28}},"type":"cond-expr","locations":[{"start":{"line":43,"column":24},"end":{"line":43,"column":81}},{"start":{"line":44,"column":24},"end":{"line":44,"column":28}}],"line":42}},"s":{"0":14,"1":14,"2":14,"3":14,"4":14,"5":14,"6":3,"7":3,"8":1,"9":1,"10":2,"11":1,"12":1,"13":14},"f":{"0":14,"1":3},"b":{"0":[1,1],"1":[2,12]},"_coverageSchema":"1a1c01bbd47fc00a2c39e90264f33305004495a9","hash":"8f3609a7b29a2512f7ce7f3a11fafbe826f25295"}
,"D:\\KCL\\Y2\\SEG\\KCLMGP-HabitTracker-1\\client\\src\\app\\(auth)\\signup.tsx": {"path":"D:\\KCL\\Y2\\SEG\\KCLMGP-HabitTracker-1\\client\\src\\app\\(auth)\\signup.tsx","statementMap":{"0":{"start":{"line":12,"column":30},"end":{"line":12,"column":42}},"1":{"start":{"line":13,"column":36},"end":{"line":13,"column":48}},"2":{"start":{"line":14,"column":36},"end":{"line":14,"column":48}},"3":{"start":{"line":15,"column":30},"end":{"line":15,"column":42}},"4":{"start":{"line":17,"column":22},"end":{"line":17,"column":32}},"5":{"start":{"line":19,"column":25},"end":{"line":30,"column":5}},"6":{"start":{"line":20,"column":8},"end":{"line":29,"column":9}},"7":{"start":{"line":21,"column":12},"end":{"line":21,"column":56}},"8":{"start":{"line":22,"column":12},"end":{"line":22,"column":57}},"9":{"start":{"line":24,"column":12},"end":{"line":28,"column":13}},"10":{"start":{"line":25,"column":16},"end":{"line":25,"column":38}},"11":{"start":{"line":27,"column":16},"end":{"line":27,"column":54}},"12":{"start":{"line":32,"column":4},"end":{"line":85,"column":6}}},"fnMap":{"0":{"name":"SignupScreen","decl":{"start":{"line":11,"column":24},"end":{"line":11,"column":36}},"loc":{"start":{"line":11,"column":39},"end":{"line":86,"column":1}},"line":11},"1":{"name":"(anonymous_1)","decl":{"start":{"line":19,"column":25},"end":{"line":19,"column":26}},"loc":{"start":{"line":19,"column":37},"end":{"line":30,"column":5}},"line":19}},"branchMap":{"0":{"loc":{"start":{"line":24,"column":12},"end":{"line":28,"column":13}},"type":"if","locations":[{"start":{"line":24,"column":12},"end":{"line":28,"column":13}},{"start":{"line":26,"column":19},"end":{"line":28,"column":13}}],"line":24},"1":{"loc":{"start":{"line":40,"column":21},"end":{"line":40,"column":93}},"type":"cond-expr","locations":[{"start":{"line":40,"column":29},"end":{"line":40,"column":86}},{"start":{"line":40,"column":89},"end":{"line":40,"column":93}}],"line":40}},"s":{"0":15,"1":15,"2":15,"3":15,"4":15,"5":15,"6":3,"7":3,"8":1,"9":2,"10":1,"11":1,"12":15},"f":{"0":15,"1":3},"b":{"0":[1,1],"1":[2,13]},"_coverageSchema":"1a1c01bbd47fc00a2c39e90264f33305004495a9","hash":"808ab7eebd4aa07b3de888f8f75485e6ca94236b"}
,"D:\\KCL\\Y2\\SEG\\KCLMGP-HabitTracker-1\\client\\src\\app\\(protected)\\account.tsx": {"path":"D:\\KCL\\Y2\\SEG\\KCLMGP-HabitTracker-1\\client\\src\\app\\(protected)\\account.tsx","statementMap":{"0":{"start":{"line":12,"column":20},"end":{"line":12,"column":30}},"1":{"start":{"line":13,"column":34},"end":{"line":13,"column":46}},"2":{"start":{"line":14,"column":28},"end":{"line":14,"column":40}},"3":{"start":{"line":15,"column":42},"end":{"line":15,"column":57}},"4":{"start":{"line":16,"column":40},"end":{"line":16,"column":52}},"5":{"start":{"line":17,"column":40},"end":{"line":17,"column":52}},"6":{"start":{"line":18,"column":48},"end":{"line":18,"column":60}},"7":{"start":{"line":19,"column":28},"end":{"line":19,"column":40}},"8":{"start":{"line":20,"column":46},"end":{"line":20,"column":58}},"9":{"start":{"line":22,"column":2},"end":{"line":44,"column":9}},"10":{"start":{"line":23,"column":25},"end":{"line":41,"column":5}},"11":{"start":{"line":24,"column":6},"end":{"line":40,"column":7}},"12":{"start":{"line":25,"column":31},"end":{"line":25,"column":69}},"13":{"start":{"line":26,"column":28},"end":{"line":26,"column":63}},"14":{"start":{"line":28,"column":8},"end":{"line":30,"column":9}},"15":{"start":{"line":29,"column":10},"end":{"line":29,"column":38}},"16":{"start":{"line":31,"column":8},"end":{"line":37,"column":9}},"17":{"start":{"line":32,"column":10},"end":{"line":32,"column":32}},"18":{"start":{"line":33,"column":15},"end":{"line":37,"column":9}},"19":{"start":{"line":34,"column":30},"end":{"line":34,"column":66}},"20":{"start":{"line":35,"column":10},"end":{"line":35,"column":38}},"21":{"start":{"line":36,"column":10},"end":{"line":36,"column":65}},"22":{"start":{"line":39,"column":8},"end":{"line":39,"column":57}},"23":{"start":{"line":43,"column":4},"end":{"line":43,"column":19}},"24":{"start":{"line":46,"column":31},"end":{"line":75,"column":3}},"25":{"start":{"line":47,"column":4},"end":{"line":50,"column":5}},"26":{"start":{"line":48,"column":6},"end":{"line":48,"column":42}},"27":{"start":{"line":49,"column":6},"end":{"line":49,"column":13}},"28":{"start":{"line":52,"column":4},"end":{"line":55,"column":5}},"29":{"start":{"line":53,"column":6},"end":{"line":53,"column":41}},"30":{"start":{"line":54,"column":6},"end":{"line":54,"column":13}},"31":{"start":{"line":57,"column":4},"end":{"line":74,"column":5}},"32":{"start":{"line":58,"column":6},"end":{"line":58,"column":63}},"33":{"start":{"line":60,"column":6},"end":{"line":60,"column":62}},"34":{"start":{"line":61,"column":6},"end":{"line":61,"column":54}},"35":{"start":{"line":63,"column":6},"end":{"line":63,"column":29}},"36":{"start":{"line":64,"column":6},"end":{"line":64,"column":25}},"37":{"start":{"line":65,"column":6},"end":{"line":65,"column":25}},"38":{"start":{"line":66,"column":6},"end":{"line":66,"column":29}},"39":{"start":{"line":67,"column":6},"end":{"line":67,"column":19}},"40":{"start":{"line":69,"column":6},"end":{"line":73,"column":7}},"41":{"start":{"line":70,"column":8},"end":{"line":70,"column":30}},"42":{"start":{"line":72,"column":8},"end":{"line":72,"column":44}},"43":{"start":{"line":77,"column":2},"end":{"line":150,"column":4}},"44":{"start":{"line":102,"column":41},"end":{"line":102,"column":62}},"45":{"start":{"line":143,"column":114},"end":{"line":143,"column":136}}},"fnMap":{"0":{"name":"AccountScreen","decl":{"start":{"line":11,"column":24},"end":{"line":11,"column":37}},"loc":{"start":{"line":11,"column":40},"end":{"line":151,"column":1}},"line":11},"1":{"name":"(anonymous_1)","decl":{"start":{"line":22,"column":12},"end":{"line":22,"column":13}},"loc":{"start":{"line":22,"column":18},"end":{"line":44,"column":3}},"line":22},"2":{"name":"(anonymous_2)","decl":{"start":{"line":23,"column":25},"end":{"line":23,"column":26}},"loc":{"start":{"line":23,"column":37},"end":{"line":41,"column":5}},"line":23},"3":{"name":"(anonymous_3)","decl":{"start":{"line":46,"column":31},"end":{"line":46,"column":32}},"loc":{"start":{"line":46,"column":43},"end":{"line":75,"column":3}},"line":46},"4":{"name":"(anonymous_4)","decl":{"start":{"line":102,"column":35},"end":{"line":102,"column":36}},"loc":{"start":{"line":102,"column":41},"end":{"line":102,"column":62}},"line":102},"5":{"name":"(anonymous_5)","decl":{"start":{"line":143,"column":108},"end":{"line":143,"column":109}},"loc":{"start":{"line":143,"column":114},"end":{"line":143,"column":136}},"line":143}},"branchMap":{"0":{"loc":{"start":{"line":28,"column":8},"end":{"line":30,"column":9}},"type":"if","locations":[{"start":{"line":28,"column":8},"end":{"line":30,"column":9}},{"start":{},"end":{}}],"line":28},"1":{"loc":{"start":{"line":31,"column":8},"end":{"line":37,"column":9}},"type":"if","locations":[{"start":{"line":31,"column":8},"end":{"line":37,"column":9}},{"start":{"line":33,"column":15},"end":{"line":37,"column":9}}],"line":31},"2":{"loc":{"start":{"line":33,"column":15},"end":{"line":37,"column":9}},"type":"if","locations":[{"start":{"line":33,"column":15},"end":{"line":37,"column":9}},{"start":{},"end":{}}],"line":33},"3":{"loc":{"start":{"line":47,"column":4},"end":{"line":50,"column":5}},"type":"if","locations":[{"start":{"line":47,"column":4},"end":{"line":50,"column":5}},{"start":{},"end":{}}],"line":47},"4":{"loc":{"start":{"line":47,"column":8},"end":{"line":47,"column":56}},"type":"binary-expr","locations":[{"start":{"line":47,"column":8},"end":{"line":47,"column":20}},{"start":{"line":47,"column":24},"end":{"line":47,"column":36}},{"start":{"line":47,"column":40},"end":{"line":47,"column":56}}],"line":47},"5":{"loc":{"start":{"line":52,"column":4},"end":{"line":55,"column":5}},"type":"if","locations":[{"start":{"line":52,"column":4},"end":{"line":55,"column":5}},{"start":{},"end":{}}],"line":52},"6":{"loc":{"start":{"line":69,"column":6},"end":{"line":73,"column":7}},"type":"if","locations":[{"start":{"line":69,"column":6},"end":{"line":73,"column":7}},{"start":{"line":71,"column":13},"end":{"line":73,"column":7}}],"line":69},"7":{"loc":{"start":{"line":81,"column":9},"end":{"line":83,"column":16}},"type":"cond-expr","locations":[{"start":{"line":82,"column":10},"end":{"line":82,"column":80}},{"start":{"line":83,"column":12},"end":{"line":83,"column":16}}],"line":81},"8":{"loc":{"start":{"line":113,"column":13},"end":{"line":113,"column":91}},"type":"cond-expr","locations":[{"start":{"line":113,"column":21},"end":{"line":113,"column":84}},{"start":{"line":113,"column":87},"end":{"line":113,"column":91}}],"line":113}},"s":{"0":70,"1":70,"2":70,"3":70,"4":70,"5":70,"6":70,"7":70,"8":70,"9":70,"10":18,"11":18,"12":18,"13":16,"14":16,"15":10,"16":16,"17":8,"18":8,"19":2,"20":2,"21":2,"22":2,"23":18,"24":70,"25":10,"26":2,"27":2,"28":8,"29":2,"30":2,"31":6,"32":6,"33":2,"34":2,"35":2,"36":2,"37":2,"38":2,"39":2,"40":4,"41":2,"42":2,"43":70,"44":12,"45":2},"f":{"0":70,"1":18,"2":18,"3":10,"4":12,"5":2},"b":{"0":[10,6],"1":[8,8],"2":[2,6],"3":[2,8],"4":[10,8,8],"5":[2,6],"6":[2,2],"7":[2,68],"8":[8,62]},"_coverageSchema":"1a1c01bbd47fc00a2c39e90264f33305004495a9","hash":"402d8e26ba185ae97701d145ce0c067dd159050e"}
,"D:\\KCL\\Y2\\SEG\\KCLMGP-HabitTracker-1\\client\\src\\app\\(protected)\\(tabs)\\_layout.tsx": {"path":"D:\\KCL\\Y2\\SEG\\KCLMGP-HabitTracker-1\\client\\src\\app\\(protected)\\(tabs)\\_layout.tsx","statementMap":{"0":{"start":{"line":11,"column":32},"end":{"line":11,"column":42}},"1":{"start":{"line":13,"column":2},"end":{"line":61,"column":4}},"2":{"start":{"line":36,"column":39},"end":{"line":36,"column":148}},"3":{"start":{"line":43,"column":39},"end":{"line":43,"column":147}},"4":{"start":{"line":50,"column":39},"end":{"line":50,"column":153}},"5":{"start":{"line":57,"column":39},"end":{"line":57,"column":153}}},"fnMap":{"0":{"name":"TabLayout","decl":{"start":{"line":10,"column":24},"end":{"line":10,"column":33}},"loc":{"start":{"line":10,"column":36},"end":{"line":62,"column":1}},"line":10},"1":{"name":"(anonymous_1)","decl":{"start":{"line":36,"column":22},"end":{"line":36,"column":23}},"loc":{"start":{"line":36,"column":39},"end":{"line":36,"column":148}},"line":36},"2":{"name":"(anonymous_2)","decl":{"start":{"line":43,"column":22},"end":{"line":43,"column":23}},"loc":{"start":{"line":43,"column":39},"end":{"line":43,"column":147}},"line":43},"3":{"name":"(anonymous_3)","decl":{"start":{"line":50,"column":22},"end":{"line":50,"column":23}},"loc":{"start":{"line":50,"column":39},"end":{"line":50,"column":153}},"line":50},"4":{"name":"(anonymous_4)","decl":{"start":{"line":57,"column":22},"end":{"line":57,"column":23}},"loc":{"start":{"line":57,"column":39},"end":{"line":57,"column":153}},"line":57}},"branchMap":{"0":{"loc":{"start":{"line":36,"column":85},"end":{"line":36,"column":144}},"type":"cond-expr","locations":[{"start":{"line":36,"column":95},"end":{"line":36,"column":113}},{"start":{"line":36,"column":116},"end":{"line":36,"column":144}}],"line":36},"1":{"loc":{"start":{"line":43,"column":84},"end":{"line":43,"column":143}},"type":"cond-expr","locations":[{"start":{"line":43,"column":94},"end":{"line":43,"column":112}},{"start":{"line":43,"column":115},"end":{"line":43,"column":143}}],"line":43},"2":{"loc":{"start":{"line":50,"column":90},"end":{"line":50,"column":149}},"type":"cond-expr","locations":[{"start":{"line":50,"column":100},"end":{"line":50,"column":118}},{"start":{"line":50,"column":121},"end":{"line":50,"column":149}}],"line":50},"3":{"loc":{"start":{"line":57,"column":90},"end":{"line":57,"column":149}},"type":"cond-expr","locations":[{"start":{"line":57,"column":100},"end":{"line":57,"column":118}},{"start":{"line":57,"column":121},"end":{"line":57,"column":149}}],"line":57}},"s":{"0":5,"1":5,"2":5,"3":5,"4":5,"5":5},"f":{"0":5,"1":5,"2":5,"3":5,"4":5},"b":{"0":[4,1],"1":[4,1],"2":[4,1],"3":[4,1]},"_coverageSchema":"1a1c01bbd47fc00a2c39e90264f33305004495a9","hash":"cf423c66ec0854b3ab1a94f55995f1a4a4daeafe"}
,"D:\\KCL\\Y2\\SEG\\KCLMGP-HabitTracker-1\\client\\src\\app\\(protected)\\(tabs)\\calendar.tsx": {"path":"D:\\KCL\\Y2\\SEG\\KCLMGP-HabitTracker-1\\client\\src\\app\\(protected)\\(tabs)\\calendar.tsx","statementMap":{"0":{"start":{"line":16,"column":20},"end":{"line":16,"column":30}},"1":{"start":{"line":17,"column":44},"end":{"line":17,"column":59}},"2":{"start":{"line":18,"column":16},"end":{"line":18,"column":54}},"3":{"start":{"line":19,"column":42},"end":{"line":19,"column":57}},"4":{"start":{"line":20,"column":58},"end":{"line":20,"column":69}},"5":{"start":{"line":21,"column":40},"end":{"line":21,"column":76}},"6":{"start":{"line":22,"column":28},"end":{"line":22,"column":57}},"7":{"start":{"line":23,"column":36},"end":{"line":23,"column":50}},"8":{"start":{"line":24,"column":58},"end":{"line":24,"column":80}},"9":{"start":{"line":25,"column":38},"end":{"line":25,"column":49}},"10":{"start":{"line":26,"column":44},"end":{"line":26,"column":55}},"11":{"start":{"line":27,"column":44},"end":{"line":27,"column":55}},"12":{"start":{"line":30,"column":2},"end":{"line":37,"column":14}},"13":{"start":{"line":32,"column":18},"end":{"line":34,"column":10}},"14":{"start":{"line":33,"column":6},"end":{"line":33,"column":29}},"15":{"start":{"line":36,"column":4},"end":{"line":36,"column":37}},"16":{"start":{"line":36,"column":17},"end":{"line":36,"column":36}},"17":{"start":{"line":40,"column":2},"end":{"line":55,"column":9}},"18":{"start":{"line":41,"column":22},"end":{"line":52,"column":5}},"19":{"start":{"line":42,"column":6},"end":{"line":51,"column":7}},"20":{"start":{"line":43,"column":28},"end":{"line":43,"column":63}},"21":{"start":{"line":44,"column":8},"end":{"line":48,"column":9}},"22":{"start":{"line":45,"column":10},"end":{"line":45,"column":32}},"23":{"start":{"line":47,"column":10},"end":{"line":47,"column":57}},"24":{"start":{"line":50,"column":8},"end":{"line":50,"column":71}},"25":{"start":{"line":54,"column":4},"end":{"line":54,"column":16}},"26":{"start":{"line":58,"column":2},"end":{"line":85,"column":51}},"27":{"start":{"line":59,"column":4},"end":{"line":84,"column":5}},"28":{"start":{"line":60,"column":26},"end":{"line":60,"column":36}},"29":{"start":{"line":61,"column":19},"end":{"line":61,"column":44}},"30":{"start":{"line":62,"column":20},"end":{"line":62,"column":42}},"31":{"start":{"line":65,"column":30},"end":{"line":65,"column":54}},"32":{"start":{"line":66,"column":29},"end":{"line":66,"column":53}},"33":{"start":{"line":67,"column":31},"end":{"line":67,"column":72}},"34":{"start":{"line":70,"column":29},"end":{"line":70,"column":57}},"35":{"start":{"line":71,"column":28},"end":{"line":71,"column":51}},"36":{"start":{"line":72,"column":30},"end":{"line":72,"column":99}},"37":{"start":{"line":75,"column":30},"end":{"line":75,"column":32}},"38":{"start":{"line":76,"column":33},"end":{"line":76,"column":59}},"39":{"start":{"line":78,"column":6},"end":{"line":81,"column":7}},"40":{"start":{"line":79,"column":8},"end":{"line":79,"column":67}},"41":{"start":{"line":80,"column":8},"end":{"line":80,"column":69}},"42":{"start":{"line":83,"column":6},"end":{"line":83,"column":37}},"43":{"start":{"line":87,"column":35},"end":{"line":89,"column":3}},"44":{"start":{"line":88,"column":4},"end":{"line":88,"column":35}},"45":{"start":{"line":92,"column":2},"end":{"line":98,"column":4}},"46":{"start":{"line":95,"column":6},"end":{"line":95,"column":44}},"47":{"start":{"line":95,"column":31},"end":{"line":95,"column":42}},"48":{"start":{"line":96,"column":6},"end":{"line":96,"column":23}},"49":{"start":{"line":101,"column":2},"end":{"line":169,"column":69}},"50":{"start":{"line":102,"column":30},"end":{"line":166,"column":5}},"51":{"start":{"line":103,"column":6},"end":{"line":103,"column":62}},"52":{"start":{"line":103,"column":55},"end":{"line":103,"column":62}},"53":{"start":{"line":105,"column":6},"end":{"line":165,"column":7}},"54":{"start":{"line":106,"column":8},"end":{"line":106,"column":27}},"55":{"start":{"line":107,"column":53},"end":{"line":107,"column":55}},"56":{"start":{"line":108,"column":38},"end":{"line":108,"column":39}},"57":{"start":{"line":109,"column":30},"end":{"line":109,"column":31}},"58":{"start":{"line":112,"column":8},"end":{"line":147,"column":9}},"59":{"start":{"line":113,"column":31},"end":{"line":113,"column":72}},"60":{"start":{"line":114,"column":38},"end":{"line":114,"column":39}},"61":{"start":{"line":117,"column":10},"end":{"line":126,"column":11}},"62":{"start":{"line":118,"column":12},"end":{"line":125,"column":13}},"63":{"start":{"line":119,"column":38},"end":{"line":119,"column":105}},"64":{"start":{"line":120,"column":14},"end":{"line":120,"column":55}},"65":{"start":{"line":124,"column":14},"end":{"line":124,"column":60}},"66":{"start":{"line":129,"column":37},"end":{"line":131,"column":15}},"67":{"start":{"line":134,"column":10},"end":{"line":137,"column":11}},"68":{"start":{"line":135,"column":12},"end":{"line":135,"column":58}},"69":{"start":{"line":136,"column":12},"end":{"line":136,"column":30}},"70":{"start":{"line":140,"column":10},"end":{"line":146,"column":12}},"71":{"start":{"line":150,"column":8},"end":{"line":150,"column":39}},"72":{"start":{"line":153,"column":34},"end":{"line":155,"column":13}},"73":{"start":{"line":156,"column":8},"end":{"line":156,"column":51}},"74":{"start":{"line":159,"column":8},"end":{"line":159,"column":41}},"75":{"start":{"line":161,"column":8},"end":{"line":161,"column":28}},"76":{"start":{"line":163,"column":8},"end":{"line":163,"column":63}},"77":{"start":{"line":164,"column":8},"end":{"line":164,"column":28}},"78":{"start":{"line":168,"column":4},"end":{"line":168,"column":24}},"79":{"start":{"line":172,"column":27},"end":{"line":220,"column":3}},"80":{"start":{"line":173,"column":29},"end":{"line":173,"column":30}},"81":{"start":{"line":174,"column":25},"end":{"line":174,"column":26}},"82":{"start":{"line":175,"column":23},"end":{"line":175,"column":27}},"83":{"start":{"line":176,"column":26},"end":{"line":176,"column":27}},"84":{"start":{"line":179,"column":24},"end":{"line":181,"column":68}},"85":{"start":{"line":180,"column":22},"end":{"line":180,"column":35}},"86":{"start":{"line":181,"column":22},"end":{"line":181,"column":67}},"87":{"start":{"line":183,"column":4},"end":{"line":215,"column":5}},"88":{"start":{"line":185,"column":24},"end":{"line":185,"column":36}},"89":{"start":{"line":186,"column":30},"end":{"line":186,"column":69}},"90":{"start":{"line":187,"column":27},"end":{"line":187,"column":56}},"91":{"start":{"line":190,"column":6},"end":{"line":211,"column":7}},"92":{"start":{"line":192,"column":8},"end":{"line":192,"column":53}},"93":{"start":{"line":192,"column":44},"end":{"line":192,"column":53}},"94":{"start":{"line":194,"column":25},"end":{"line":194,"column":36}},"95":{"start":{"line":197,"column":8},"end":{"line":210,"column":9}},"96":{"start":{"line":198,"column":10},"end":{"line":200,"column":11}},"97":{"start":{"line":199,"column":12},"end":{"line":199,"column":33}},"98":{"start":{"line":202,"column":10},"end":{"line":202,"column":28}},"99":{"start":{"line":205,"column":10},"end":{"line":205,"column":31}},"100":{"start":{"line":207,"column":10},"end":{"line":207,"column":69}},"101":{"start":{"line":209,"column":10},"end":{"line":209,"column":30}},"102":{"start":{"line":214,"column":6},"end":{"line":214,"column":65}},"103":{"start":{"line":218,"column":4},"end":{"line":218,"column":41}},"104":{"start":{"line":219,"column":4},"end":{"line":219,"column":37}},"105":{"start":{"line":222,"column":21},"end":{"line":228,"column":3}},"106":{"start":{"line":223,"column":20},"end":{"line":223,"column":34}},"107":{"start":{"line":224,"column":16},"end":{"line":224,"column":58}},"108":{"start":{"line":225,"column":18},"end":{"line":225,"column":65}},"109":{"start":{"line":226,"column":17},"end":{"line":226,"column":59}},"110":{"start":{"line":227,"column":4},"end":{"line":227,"column":37}},"111":{"start":{"line":230,"column":2},"end":{"line":236,"column":3}},"112":{"start":{"line":231,"column":4},"end":{"line":235,"column":6}},"113":{"start":{"line":238,"column":2},"end":{"line":268,"column":4}}},"fnMap":{"0":{"name":"CalendarScreen","decl":{"start":{"line":15,"column":24},"end":{"line":15,"column":38}},"loc":{"start":{"line":15,"column":41},"end":{"line":269,"column":1}},"line":15},"1":{"name":"(anonymous_1)","decl":{"start":{"line":30,"column":12},"end":{"line":30,"column":13}},"loc":{"start":{"line":30,"column":18},"end":{"line":37,"column":3}},"line":30},"2":{"name":"(anonymous_2)","decl":{"start":{"line":32,"column":29},"end":{"line":32,"column":30}},"loc":{"start":{"line":32,"column":35},"end":{"line":34,"column":5}},"line":32},"3":{"name":"(anonymous_3)","decl":{"start":{"line":36,"column":11},"end":{"line":36,"column":12}},"loc":{"start":{"line":36,"column":17},"end":{"line":36,"column":36}},"line":36},"4":{"name":"(anonymous_4)","decl":{"start":{"line":40,"column":12},"end":{"line":40,"column":13}},"loc":{"start":{"line":40,"column":18},"end":{"line":55,"column":3}},"line":40},"5":{"name":"(anonymous_5)","decl":{"start":{"line":41,"column":22},"end":{"line":41,"column":23}},"loc":{"start":{"line":41,"column":34},"end":{"line":52,"column":5}},"line":41},"6":{"name":"(anonymous_6)","decl":{"start":{"line":58,"column":12},"end":{"line":58,"column":13}},"loc":{"start":{"line":58,"column":18},"end":{"line":85,"column":3}},"line":58},"7":{"name":"(anonymous_7)","decl":{"start":{"line":87,"column":35},"end":{"line":87,"column":36}},"loc":{"start":{"line":87,"column":56},"end":{"line":89,"column":3}},"line":87},"8":{"name":"(anonymous_8)","decl":{"start":{"line":93,"column":22},"end":{"line":93,"column":23}},"loc":{"start":{"line":93,"column":28},"end":{"line":97,"column":5}},"line":93},"9":{"name":"(anonymous_9)","decl":{"start":{"line":95,"column":20},"end":{"line":95,"column":21}},"loc":{"start":{"line":95,"column":31},"end":{"line":95,"column":42}},"line":95},"10":{"name":"(anonymous_10)","decl":{"start":{"line":96,"column":13},"end":{"line":96,"column":14}},"loc":{"start":{"line":96,"column":19},"end":{"line":96,"column":22}},"line":96},"11":{"name":"(anonymous_11)","decl":{"start":{"line":101,"column":12},"end":{"line":101,"column":13}},"loc":{"start":{"line":101,"column":18},"end":{"line":169,"column":3}},"line":101},"12":{"name":"(anonymous_12)","decl":{"start":{"line":102,"column":30},"end":{"line":102,"column":31}},"loc":{"start":{"line":102,"column":42},"end":{"line":166,"column":5}},"line":102},"13":{"name":"(anonymous_13)","decl":{"start":{"line":172,"column":27},"end":{"line":172,"column":28}},"loc":{"start":{"line":172,"column":62},"end":{"line":220,"column":3}},"line":172},"14":{"name":"(anonymous_14)","decl":{"start":{"line":180,"column":14},"end":{"line":180,"column":15}},"loc":{"start":{"line":180,"column":22},"end":{"line":180,"column":35}},"line":180},"15":{"name":"(anonymous_15)","decl":{"start":{"line":181,"column":12},"end":{"line":181,"column":13}},"loc":{"start":{"line":181,"column":22},"end":{"line":181,"column":67}},"line":181},"16":{"name":"(anonymous_16)","decl":{"start":{"line":222,"column":21},"end":{"line":222,"column":22}},"loc":{"start":{"line":222,"column":39},"end":{"line":228,"column":3}},"line":222}},"branchMap":{"0":{"loc":{"start":{"line":44,"column":8},"end":{"line":48,"column":9}},"type":"if","locations":[{"start":{"line":44,"column":8},"end":{"line":48,"column":9}},{"start":{"line":46,"column":15},"end":{"line":48,"column":9}}],"line":44},"1":{"loc":{"start":{"line":59,"column":4},"end":{"line":84,"column":5}},"type":"if","locations":[{"start":{"line":59,"column":4},"end":{"line":84,"column":5}},{"start":{},"end":{}}],"line":59},"2":{"loc":{"start":{"line":59,"column":8},"end":{"line":59,"column":58}},"type":"binary-expr","locations":[{"start":{"line":59,"column":8},"end":{"line":59,"column":21}},{"start":{"line":59,"column":25},"end":{"line":59,"column":58}}],"line":59},"3":{"loc":{"start":{"line":103,"column":6},"end":{"line":103,"column":62}},"type":"if","locations":[{"start":{"line":103,"column":6},"end":{"line":103,"column":62}},{"start":{},"end":{}}],"line":103},"4":{"loc":{"start":{"line":103,"column":10},"end":{"line":103,"column":53}},"type":"binary-expr","locations":[{"start":{"line":103,"column":10},"end":{"line":103,"column":16}},{"start":{"line":103,"column":20},"end":{"line":103,"column":53}}],"line":103},"5":{"loc":{"start":{"line":118,"column":12},"end":{"line":125,"column":13}},"type":"if","locations":[{"start":{"line":118,"column":12},"end":{"line":125,"column":13}},{"start":{"line":122,"column":17},"end":{"line":125,"column":13}}],"line":118},"6":{"loc":{"start":{"line":118,"column":16},"end":{"line":118,"column":62}},"type":"binary-expr","locations":[{"start":{"line":118,"column":16},"end":{"line":118,"column":43}},{"start":{"line":118,"column":47},"end":{"line":118,"column":62}}],"line":118},"7":{"loc":{"start":{"line":129,"column":37},"end":{"line":131,"column":15}},"type":"cond-expr","locations":[{"start":{"line":130,"column":14},"end":{"line":130,"column":69}},{"start":{"line":131,"column":14},"end":{"line":131,"column":15}}],"line":129},"8":{"loc":{"start":{"line":134,"column":10},"end":{"line":137,"column":11}},"type":"if","locations":[{"start":{"line":134,"column":10},"end":{"line":137,"column":11}},{"start":{},"end":{}}],"line":134},"9":{"loc":{"start":{"line":143,"column":27},"end":{"line":143,"column":67}},"type":"cond-expr","locations":[{"start":{"line":143,"column":46},"end":{"line":143,"column":55}},{"start":{"line":143,"column":58},"end":{"line":143,"column":67}}],"line":143},"10":{"loc":{"start":{"line":145,"column":22},"end":{"line":145,"column":62}},"type":"cond-expr","locations":[{"start":{"line":145,"column":41},"end":{"line":145,"column":50}},{"start":{"line":145,"column":53},"end":{"line":145,"column":62}}],"line":145},"11":{"loc":{"start":{"line":153,"column":34},"end":{"line":155,"column":13}},"type":"cond-expr","locations":[{"start":{"line":154,"column":12},"end":{"line":154,"column":65}},{"start":{"line":155,"column":12},"end":{"line":155,"column":13}}],"line":153},"12":{"loc":{"start":{"line":183,"column":4},"end":{"line":215,"column":5}},"type":"if","locations":[{"start":{"line":183,"column":4},"end":{"line":215,"column":5}},{"start":{},"end":{}}],"line":183},"13":{"loc":{"start":{"line":186,"column":30},"end":{"line":186,"column":69}},"type":"binary-expr","locations":[{"start":{"line":186,"column":30},"end":{"line":186,"column":39}},{"start":{"line":186,"column":43},"end":{"line":186,"column":69}}],"line":186},"14":{"loc":{"start":{"line":187,"column":27},"end":{"line":187,"column":56}},"type":"binary-expr","locations":[{"start":{"line":187,"column":27},"end":{"line":187,"column":36}},{"start":{"line":187,"column":40},"end":{"line":187,"column":56}}],"line":187},"15":{"loc":{"start":{"line":192,"column":8},"end":{"line":192,"column":53}},"type":"if","locations":[{"start":{"line":192,"column":8},"end":{"line":192,"column":53}},{"start":{},"end":{}}],"line":192},"16":{"loc":{"start":{"line":192,"column":12},"end":{"line":192,"column":42}},"type":"binary-expr","locations":[{"start":{"line":192,"column":12},"end":{"line":192,"column":24}},{"start":{"line":192,"column":28},"end":{"line":192,"column":42}}],"line":192},"17":{"loc":{"start":{"line":197,"column":8},"end":{"line":210,"column":9}},"type":"if","locations":[{"start":{"line":197,"column":8},"end":{"line":210,"column":9}},{"start":{"line":203,"column":15},"end":{"line":210,"column":9}}],"line":197},"18":{"loc":{"start":{"line":198,"column":10},"end":{"line":200,"column":11}},"type":"if","locations":[{"start":{"line":198,"column":10},"end":{"line":200,"column":11}},{"start":{},"end":{}}],"line":198},"19":{"loc":{"start":{"line":230,"column":2},"end":{"line":236,"column":3}},"type":"if","locations":[{"start":{"line":230,"column":2},"end":{"line":236,"column":3}},{"start":{},"end":{}}],"line":230}},"s":{"0":36,"1":36,"2":35,"3":35,"4":35,"5":35,"6":35,"7":35,"8":35,"9":35,"10":35,"11":35,"12":35,"13":6,"14":5,"15":6,"16":6,"17":35,"18":6,"19":6,"20":6,"21":6,"22":5,"23":1,"24":0,"25":6,"26":35,"27":16,"28":5,"29":5,"30":5,"31":5,"32":5,"33":5,"34":5,"35":5,"36":5,"37":5,"38":5,"39":5,"40":203,"41":203,"42":5,"43":35,"44":5,"45":35,"46":6,"47":6,"48":6,"49":35,"50":22,"51":22,"52":18,"53":4,"54":4,"55":4,"56":4,"57":4,"58":4,"59":120,"60":119,"61":119,"62":35,"63":35,"64":35,"65":0,"66":119,"67":119,"68":35,"69":35,"70":119,"71":3,"72":3,"73":3,"74":3,"75":3,"76":1,"77":1,"78":22,"79":35,"80":3,"81":3,"82":3,"83":3,"84":3,"85":117,"86":79,"87":3,"88":3,"89":3,"90":3,"91":3,"92":82,"93":2,"94":80,"95":80,"96":18,"97":18,"98":18,"99":62,"100":62,"101":62,"102":3,"103":3,"104":3,"105":35,"106":0,"107":0,"108":0,"109":0,"110":0,"111":35,"112":13,"113":22},"f":{"0":36,"1":6,"2":5,"3":6,"4":6,"5":6,"6":16,"7":5,"8":6,"9":6,"10":6,"11":22,"12":22,"13":3,"14":117,"15":79,"16":0},"b":{"0":[5,1],"1":[5,11],"2":[16,10],"3":[18,4],"4":[22,5],"5":[35,0],"6":[35,35],"7":[35,84],"8":[35,84],"9":[0,119],"10":[0,119],"11":[1,2],"12":[3,0],"13":[3,3],"14":[3,3],"15":[2,80],"16":[82,64],"17":[18,62],"18":[18,0],"19":[13,22]},"_coverageSchema":"1a1c01bbd47fc00a2c39e90264f33305004495a9","hash":"fde78eda7e4711b0c1927cd65bc45d2ba9b28669"}
,"D:\\KCL\\Y2\\SEG\\KCLMGP-HabitTracker-1\\client\\src\\app\\(protected)\\(tabs)\\habits.tsx": {"path":"D:\\KCL\\Y2\\SEG\\KCLMGP-HabitTracker-1\\client\\src\\app\\(protected)\\(tabs)\\habits.tsx","statementMap":{"0":{"start":{"line":25,"column":16},"end":{"line":25,"column":26}},"1":{"start":{"line":26,"column":42},"end":{"line":29,"column":4}},"2":{"start":{"line":31,"column":28},"end":{"line":31,"column":40}},"3":{"start":{"line":32,"column":42},"end":{"line":32,"column":57}},"4":{"start":{"line":33,"column":36},"end":{"line":33,"column":48}},"5":{"start":{"line":34,"column":50},"end":{"line":34,"column":62}},"6":{"start":{"line":35,"column":36},"end":{"line":35,"column":71}},"7":{"start":{"line":36,"column":38},"end":{"line":36,"column":57}},"8":{"start":{"line":39,"column":46},"end":{"line":39,"column":89}},"9":{"start":{"line":40,"column":42},"end":{"line":40,"column":54}},"10":{"start":{"line":41,"column":42},"end":{"line":41,"column":64}},"11":{"start":{"line":44,"column":44},"end":{"line":44,"column":59}},"12":{"start":{"line":45,"column":36},"end":{"line":45,"column":48}},"13":{"start":{"line":46,"column":34},"end":{"line":46,"column":46}},"14":{"start":{"line":47,"column":20},"end":{"line":47,"column":30}},"15":{"start":{"line":49,"column":38},"end":{"line":49,"column":53}},"16":{"start":{"line":51,"column":50},"end":{"line":51,"column":78}},"17":{"start":{"line":53,"column":36},"end":{"line":53,"column":50}},"18":{"start":{"line":55,"column":25},"end":{"line":182,"column":3}},"19":{"start":{"line":57,"column":22},"end":{"line":63,"column":5}},"20":{"start":{"line":58,"column":6},"end":{"line":62,"column":7}},"21":{"start":{"line":59,"column":8},"end":{"line":59,"column":30}},"22":{"start":{"line":61,"column":8},"end":{"line":61,"column":49}},"23":{"start":{"line":66,"column":4},"end":{"line":69,"column":5}},"24":{"start":{"line":67,"column":6},"end":{"line":67,"column":47}},"25":{"start":{"line":68,"column":6},"end":{"line":68,"column":13}},"26":{"start":{"line":72,"column":4},"end":{"line":75,"column":5}},"27":{"start":{"line":72,"column":53},"end":{"line":72,"column":117}},"28":{"start":{"line":73,"column":6},"end":{"line":73,"column":72}},"29":{"start":{"line":74,"column":6},"end":{"line":74,"column":13}},"30":{"start":{"line":78,"column":4},"end":{"line":86,"column":5}},"31":{"start":{"line":79,"column":6},"end":{"line":85,"column":7}},"32":{"start":{"line":80,"column":8},"end":{"line":81,"column":82}},"33":{"start":{"line":83,"column":8},"end":{"line":83,"column":74}},"34":{"start":{"line":84,"column":8},"end":{"line":84,"column":15}},"35":{"start":{"line":89,"column":22},"end":{"line":89,"column":32}},"36":{"start":{"line":90,"column":4},"end":{"line":92,"column":5}},"37":{"start":{"line":91,"column":6},"end":{"line":91,"column":30}},"38":{"start":{"line":95,"column":4},"end":{"line":104,"column":5}},"39":{"start":{"line":96,"column":6},"end":{"line":99,"column":7}},"40":{"start":{"line":97,"column":8},"end":{"line":97,"column":84}},"41":{"start":{"line":98,"column":8},"end":{"line":98,"column":15}},"42":{"start":{"line":100,"column":6},"end":{"line":103,"column":7}},"43":{"start":{"line":101,"column":8},"end":{"line":101,"column":55}},"44":{"start":{"line":102,"column":8},"end":{"line":102,"column":15}},"45":{"start":{"line":107,"column":4},"end":{"line":112,"column":5}},"46":{"start":{"line":108,"column":6},"end":{"line":111,"column":7}},"47":{"start":{"line":109,"column":8},"end":{"line":109,"column":77}},"48":{"start":{"line":110,"column":8},"end":{"line":110,"column":15}},"49":{"start":{"line":115,"column":4},"end":{"line":132,"column":5}},"50":{"start":{"line":116,"column":6},"end":{"line":119,"column":7}},"51":{"start":{"line":117,"column":8},"end":{"line":117,"column":54}},"52":{"start":{"line":118,"column":8},"end":{"line":118,"column":15}},"53":{"start":{"line":120,"column":6},"end":{"line":123,"column":7}},"54":{"start":{"line":121,"column":8},"end":{"line":121,"column":50}},"55":{"start":{"line":122,"column":8},"end":{"line":122,"column":15}},"56":{"start":{"line":124,"column":6},"end":{"line":127,"column":7}},"57":{"start":{"line":125,"column":8},"end":{"line":125,"column":52}},"58":{"start":{"line":126,"column":8},"end":{"line":126,"column":15}},"59":{"start":{"line":128,"column":6},"end":{"line":131,"column":7}},"60":{"start":{"line":129,"column":8},"end":{"line":129,"column":56}},"61":{"start":{"line":130,"column":8},"end":{"line":130,"column":15}},"62":{"start":{"line":135,"column":21},"end":{"line":146,"column":5}},"63":{"start":{"line":148,"column":4},"end":{"line":168,"column":5}},"64":{"start":{"line":149,"column":6},"end":{"line":157,"column":7}},"65":{"start":{"line":150,"column":8},"end":{"line":150,"column":36}},"66":{"start":{"line":151,"column":8},"end":{"line":151,"column":22}},"67":{"start":{"line":153,"column":8},"end":{"line":153,"column":54}},"68":{"start":{"line":154,"column":8},"end":{"line":154,"column":42}},"69":{"start":{"line":156,"column":8},"end":{"line":156,"column":31}},"70":{"start":{"line":159,"column":6},"end":{"line":167,"column":7}},"71":{"start":{"line":160,"column":8},"end":{"line":160,"column":33}},"72":{"start":{"line":161,"column":8},"end":{"line":161,"column":22}},"73":{"start":{"line":163,"column":8},"end":{"line":163,"column":52}},"74":{"start":{"line":164,"column":8},"end":{"line":164,"column":40}},"75":{"start":{"line":166,"column":8},"end":{"line":166,"column":31}},"76":{"start":{"line":171,"column":4},"end":{"line":171,"column":21}},"77":{"start":{"line":172,"column":4},"end":{"line":172,"column":28}},"78":{"start":{"line":173,"column":4},"end":{"line":173,"column":26}},"79":{"start":{"line":174,"column":4},"end":{"line":174,"column":29}},"80":{"start":{"line":175,"column":4},"end":{"line":175,"column":34}},"81":{"start":{"line":176,"column":4},"end":{"line":176,"column":24}},"82":{"start":{"line":177,"column":4},"end":{"line":177,"column":24}},"83":{"start":{"line":178,"column":4},"end":{"line":178,"column":28}},"84":{"start":{"line":179,"column":4},"end":{"line":179,"column":21}},"85":{"start":{"line":180,"column":4},"end":{"line":180,"column":20}},"86":{"start":{"line":181,"column":4},"end":{"line":181,"column":27}},"87":{"start":{"line":186,"column":34},"end":{"line":186,"column":53}},"88":{"start":{"line":188,"column":22},"end":{"line":201,"column":3}},"89":{"start":{"line":189,"column":4},"end":{"line":189,"column":23}},"90":{"start":{"line":189,"column":16},"end":{"line":189,"column":23}},"91":{"start":{"line":191,"column":4},"end":{"line":200,"column":5}},"92":{"start":{"line":192,"column":6},"end":{"line":192,"column":25}},"93":{"start":{"line":193,"column":25},"end":{"line":193,"column":74}},"94":{"start":{"line":194,"column":21},"end":{"line":194,"column":62}},"95":{"start":{"line":195,"column":6},"end":{"line":195,"column":26}},"96":{"start":{"line":197,"column":6},"end":{"line":197,"column":71}},"97":{"start":{"line":199,"column":6},"end":{"line":199,"column":26}},"98":{"start":{"line":203,"column":2},"end":{"line":216,"column":9}},"99":{"start":{"line":204,"column":22},"end":{"line":213,"column":5}},"100":{"start":{"line":205,"column":6},"end":{"line":212,"column":7}},"101":{"start":{"line":206,"column":28},"end":{"line":206,"column":63}},"102":{"start":{"line":207,"column":8},"end":{"line":209,"column":9}},"103":{"start":{"line":208,"column":10},"end":{"line":208,"column":32}},"104":{"start":{"line":211,"column":8},"end":{"line":211,"column":71}},"105":{"start":{"line":215,"column":4},"end":{"line":215,"column":16}},"106":{"start":{"line":218,"column":2},"end":{"line":222,"column":28}},"107":{"start":{"line":219,"column":4},"end":{"line":221,"column":5}},"108":{"start":{"line":220,"column":6},"end":{"line":220,"column":20}},"109":{"start":{"line":225,"column":26},"end":{"line":263,"column":3}},"110":{"start":{"line":227,"column":4},"end":{"line":227,"column":31}},"111":{"start":{"line":230,"column":4},"end":{"line":230,"column":34}},"112":{"start":{"line":231,"column":4},"end":{"line":231,"column":48}},"113":{"start":{"line":232,"column":4},"end":{"line":232,"column":34}},"114":{"start":{"line":233,"column":4},"end":{"line":233,"column":36}},"115":{"start":{"line":234,"column":4},"end":{"line":234,"column":44}},"116":{"start":{"line":236,"column":4},"end":{"line":248,"column":5}},"117":{"start":{"line":237,"column":6},"end":{"line":245,"column":7}},"118":{"start":{"line":238,"column":25},"end":{"line":238,"column":71}},"119":{"start":{"line":239,"column":8},"end":{"line":239,"column":55}},"120":{"start":{"line":240,"column":13},"end":{"line":245,"column":7}},"121":{"start":{"line":241,"column":29},"end":{"line":241,"column":71}},"122":{"start":{"line":243,"column":25},"end":{"line":243,"column":82}},"123":{"start":{"line":243,"column":71},"end":{"line":243,"column":81}},"124":{"start":{"line":244,"column":8},"end":{"line":244,"column":34}},"125":{"start":{"line":247,"column":6},"end":{"line":247,"column":69}},"126":{"start":{"line":250,"column":20},"end":{"line":250,"column":71}},"127":{"start":{"line":251,"column":4},"end":{"line":251,"column":30}},"128":{"start":{"line":253,"column":4},"end":{"line":255,"column":5}},"129":{"start":{"line":254,"column":6},"end":{"line":254,"column":47}},"130":{"start":{"line":257,"column":4},"end":{"line":259,"column":5}},"131":{"start":{"line":258,"column":6},"end":{"line":258,"column":34}},"132":{"start":{"line":261,"column":4},"end":{"line":261,"column":24}},"133":{"start":{"line":262,"column":4},"end":{"line":262,"column":26}},"134":{"start":{"line":265,"column":28},"end":{"line":267,"column":3}},"135":{"start":{"line":266,"column":4},"end":{"line":266,"column":18}},"136":{"start":{"line":269,"column":2},"end":{"line":361,"column":4}},"137":{"start":{"line":292,"column":14},"end":{"line":298,"column":16}},"138":{"start":{"line":313,"column":12},"end":{"line":313,"column":29}},"139":{"start":{"line":314,"column":12},"end":{"line":314,"column":36}},"140":{"start":{"line":315,"column":12},"end":{"line":315,"column":34}},"141":{"start":{"line":316,"column":12},"end":{"line":316,"column":30}},"142":{"start":{"line":317,"column":12},"end":{"line":317,"column":42}},"143":{"start":{"line":318,"column":12},"end":{"line":318,"column":32}},"144":{"start":{"line":319,"column":12},"end":{"line":319,"column":32}},"145":{"start":{"line":320,"column":12},"end":{"line":320,"column":36}},"146":{"start":{"line":321,"column":12},"end":{"line":321,"column":29}},"147":{"start":{"line":322,"column":12},"end":{"line":322,"column":28}},"148":{"start":{"line":325,"column":12},"end":{"line":325,"column":33}},"149":{"start":{"line":326,"column":12},"end":{"line":326,"column":34}}},"fnMap":{"0":{"name":"HomeScreen","decl":{"start":{"line":24,"column":24},"end":{"line":24,"column":34}},"loc":{"start":{"line":24,"column":37},"end":{"line":362,"column":1}},"line":24},"1":{"name":"(anonymous_1)","decl":{"start":{"line":55,"column":25},"end":{"line":55,"column":26}},"loc":{"start":{"line":55,"column":37},"end":{"line":182,"column":3}},"line":55},"2":{"name":"(anonymous_2)","decl":{"start":{"line":57,"column":22},"end":{"line":57,"column":23}},"loc":{"start":{"line":57,"column":43},"end":{"line":63,"column":5}},"line":57},"3":{"name":"(anonymous_3)","decl":{"start":{"line":72,"column":37},"end":{"line":72,"column":38}},"loc":{"start":{"line":72,"column":53},"end":{"line":72,"column":117}},"line":72},"4":{"name":"(anonymous_4)","decl":{"start":{"line":79,"column":24},"end":{"line":79,"column":25}},"loc":{"start":{"line":80,"column":8},"end":{"line":81,"column":82}},"line":80},"5":{"name":"(anonymous_5)","decl":{"start":{"line":188,"column":22},"end":{"line":188,"column":23}},"loc":{"start":{"line":188,"column":34},"end":{"line":201,"column":3}},"line":188},"6":{"name":"(anonymous_6)","decl":{"start":{"line":203,"column":12},"end":{"line":203,"column":13}},"loc":{"start":{"line":203,"column":18},"end":{"line":216,"column":3}},"line":203},"7":{"name":"(anonymous_7)","decl":{"start":{"line":204,"column":22},"end":{"line":204,"column":23}},"loc":{"start":{"line":204,"column":34},"end":{"line":213,"column":5}},"line":204},"8":{"name":"(anonymous_8)","decl":{"start":{"line":218,"column":12},"end":{"line":218,"column":13}},"loc":{"start":{"line":218,"column":18},"end":{"line":222,"column":3}},"line":218},"9":{"name":"(anonymous_9)","decl":{"start":{"line":225,"column":26},"end":{"line":225,"column":27}},"loc":{"start":{"line":225,"column":50},"end":{"line":263,"column":3}},"line":225},"10":{"name":"(anonymous_10)","decl":{"start":{"line":243,"column":42},"end":{"line":243,"column":43}},"loc":{"start":{"line":243,"column":71},"end":{"line":243,"column":81}},"line":243},"11":{"name":"(anonymous_11)","decl":{"start":{"line":265,"column":28},"end":{"line":265,"column":29}},"loc":{"start":{"line":265,"column":34},"end":{"line":267,"column":3}},"line":265},"12":{"name":"(anonymous_12)","decl":{"start":{"line":291,"column":25},"end":{"line":291,"column":26}},"loc":{"start":{"line":292,"column":14},"end":{"line":298,"column":16}},"line":292},"13":{"name":"(anonymous_13)","decl":{"start":{"line":311,"column":37},"end":{"line":311,"column":38}},"loc":{"start":{"line":311,"column":43},"end":{"line":327,"column":11}},"line":311}},"branchMap":{"0":{"loc":{"start":{"line":58,"column":6},"end":{"line":62,"column":7}},"type":"if","locations":[{"start":{"line":58,"column":6},"end":{"line":62,"column":7}},{"start":{"line":60,"column":13},"end":{"line":62,"column":7}}],"line":58},"1":{"loc":{"start":{"line":66,"column":4},"end":{"line":69,"column":5}},"type":"if","locations":[{"start":{"line":66,"column":4},"end":{"line":69,"column":5}},{"start":{},"end":{}}],"line":66},"2":{"loc":{"start":{"line":66,"column":8},"end":{"line":66,"column":45}},"type":"binary-expr","locations":[{"start":{"line":66,"column":8},"end":{"line":66,"column":18}},{"start":{"line":66,"column":22},"end":{"line":66,"column":45}}],"line":66},"3":{"loc":{"start":{"line":72,"column":4},"end":{"line":75,"column":5}},"type":"if","locations":[{"start":{"line":72,"column":4},"end":{"line":75,"column":5}},{"start":{},"end":{}}],"line":72},"4":{"loc":{"start":{"line":72,"column":8},"end":{"line":72,"column":118}},"type":"binary-expr","locations":[{"start":{"line":72,"column":8},"end":{"line":72,"column":19}},{"start":{"line":72,"column":23},"end":{"line":72,"column":118}}],"line":72},"5":{"loc":{"start":{"line":78,"column":4},"end":{"line":86,"column":5}},"type":"if","locations":[{"start":{"line":78,"column":4},"end":{"line":86,"column":5}},{"start":{},"end":{}}],"line":78},"6":{"loc":{"start":{"line":78,"column":8},"end":{"line":78,"column":117}},"type":"binary-expr","locations":[{"start":{"line":78,"column":8},"end":{"line":78,"column":18}},{"start":{"line":78,"column":22},"end":{"line":78,"column":38}},{"start":{"line":78,"column":42},"end":{"line":78,"column":117}}],"line":78},"7":{"loc":{"start":{"line":79,"column":6},"end":{"line":85,"column":7}},"type":"if","locations":[{"start":{"line":79,"column":6},"end":{"line":85,"column":7}},{"start":{},"end":{}}],"line":79},"8":{"loc":{"start":{"line":80,"column":8},"end":{"line":81,"column":82}},"type":"binary-expr","locations":[{"start":{"line":80,"column":8},"end":{"line":80,"column":72}},{"start":{"line":81,"column":8},"end":{"line":81,"column":82}}],"line":80},"9":{"loc":{"start":{"line":90,"column":4},"end":{"line":92,"column":5}},"type":"if","locations":[{"start":{"line":90,"column":4},"end":{"line":92,"column":5}},{"start":{},"end":{}}],"line":90},"10":{"loc":{"start":{"line":90,"column":8},"end":{"line":90,"column":49}},"type":"binary-expr","locations":[{"start":{"line":90,"column":8},"end":{"line":90,"column":20}},{"start":{"line":90,"column":24},"end":{"line":90,"column":49}}],"line":90},"11":{"loc":{"start":{"line":95,"column":4},"end":{"line":104,"column":5}},"type":"if","locations":[{"start":{"line":95,"column":4},"end":{"line":104,"column":5}},{"start":{},"end":{}}],"line":95},"12":{"loc":{"start":{"line":96,"column":6},"end":{"line":99,"column":7}},"type":"if","locations":[{"start":{"line":96,"column":6},"end":{"line":99,"column":7}},{"start":{},"end":{}}],"line":96},"13":{"loc":{"start":{"line":96,"column":10},"end":{"line":96,"column":60}},"type":"binary-expr","locations":[{"start":{"line":96,"column":10},"end":{"line":96,"column":23}},{"start":{"line":96,"column":27},"end":{"line":96,"column":60}}],"line":96},"14":{"loc":{"start":{"line":100,"column":6},"end":{"line":103,"column":7}},"type":"if","locations":[{"start":{"line":100,"column":6},"end":{"line":103,"column":7}},{"start":{},"end":{}}],"line":100},"15":{"loc":{"start":{"line":107,"column":4},"end":{"line":112,"column":5}},"type":"if","locations":[{"start":{"line":107,"column":4},"end":{"line":112,"column":5}},{"start":{},"end":{}}],"line":107},"16":{"loc":{"start":{"line":108,"column":6},"end":{"line":111,"column":7}},"type":"if","locations":[{"start":{"line":108,"column":6},"end":{"line":111,"column":7}},{"start":{},"end":{}}],"line":108},"17":{"loc":{"start":{"line":108,"column":10},"end":{"line":108,"column":52}},"type":"binary-expr","locations":[{"start":{"line":108,"column":10},"end":{"line":108,"column":23}},{"start":{"line":108,"column":27},"end":{"line":108,"column":52}}],"line":108},"18":{"loc":{"start":{"line":115,"column":4},"end":{"line":132,"column":5}},"type":"if","locations":[{"start":{"line":115,"column":4},"end":{"line":132,"column":5}},{"start":{},"end":{}}],"line":115},"19":{"loc":{"start":{"line":116,"column":6},"end":{"line":119,"column":7}},"type":"if","locations":[{"start":{"line":116,"column":6},"end":{"line":119,"column":7}},{"start":{},"end":{}}],"line":116},"20":{"loc":{"start":{"line":116,"column":10},"end":{"line":116,"column":47}},"type":"binary-expr","locations":[{"start":{"line":116,"column":10},"end":{"line":116,"column":20}},{"start":{"line":116,"column":24},"end":{"line":116,"column":47}}],"line":116},"21":{"loc":{"start":{"line":120,"column":6},"end":{"line":123,"column":7}},"type":"if","locations":[{"start":{"line":120,"column":6},"end":{"line":123,"column":7}},{"start":{},"end":{}}],"line":120},"22":{"loc":{"start":{"line":124,"column":6},"end":{"line":127,"column":7}},"type":"if","locations":[{"start":{"line":124,"column":6},"end":{"line":127,"column":7}},{"start":{},"end":{}}],"line":124},"23":{"loc":{"start":{"line":128,"column":6},"end":{"line":131,"column":7}},"type":"if","locations":[{"start":{"line":128,"column":6},"end":{"line":131,"column":7}},{"start":{},"end":{}}],"line":128},"24":{"loc":{"start":{"line":128,"column":10},"end":{"line":128,"column":45}},"type":"binary-expr","locations":[{"start":{"line":128,"column":10},"end":{"line":128,"column":19}},{"start":{"line":128,"column":23},"end":{"line":128,"column":45}}],"line":128},"25":{"loc":{"start":{"line":142,"column":20},"end":{"line":142,"column":85}},"type":"cond-expr","locations":[{"start":{"line":142,"column":52},"end":{"line":142,"column":78}},{"start":{"line":142,"column":81},"end":{"line":142,"column":85}}],"line":142},"26":{"loc":{"start":{"line":143,"column":20},"end":{"line":143,"column":67}},"type":"cond-expr","locations":[{"start":{"line":143,"column":50},"end":{"line":143,"column":62}},{"start":{"line":143,"column":65},"end":{"line":143,"column":67}}],"line":143},"27":{"loc":{"start":{"line":144,"column":17},"end":{"line":144,"column":61}},"type":"cond-expr","locations":[{"start":{"line":144,"column":33},"end":{"line":144,"column":54}},{"start":{"line":144,"column":57},"end":{"line":144,"column":61}}],"line":144},"28":{"loc":{"start":{"line":145,"column":16},"end":{"line":145,"column":47}},"type":"cond-expr","locations":[{"start":{"line":145,"column":32},"end":{"line":145,"column":40}},{"start":{"line":145,"column":43},"end":{"line":145,"column":47}}],"line":145},"29":{"loc":{"start":{"line":148,"column":4},"end":{"line":168,"column":5}},"type":"if","locations":[{"start":{"line":148,"column":4},"end":{"line":168,"column":5}},{"start":{"line":158,"column":11},"end":{"line":168,"column":5}}],"line":148},"30":{"loc":{"start":{"line":189,"column":4},"end":{"line":189,"column":23}},"type":"if","locations":[{"start":{"line":189,"column":4},"end":{"line":189,"column":23}},{"start":{},"end":{}}],"line":189},"31":{"loc":{"start":{"line":207,"column":8},"end":{"line":209,"column":9}},"type":"if","locations":[{"start":{"line":207,"column":8},"end":{"line":209,"column":9}},{"start":{},"end":{}}],"line":207},"32":{"loc":{"start":{"line":219,"column":4},"end":{"line":221,"column":5}},"type":"if","locations":[{"start":{"line":219,"column":4},"end":{"line":221,"column":5}},{"start":{},"end":{}}],"line":219},"33":{"loc":{"start":{"line":237,"column":6},"end":{"line":245,"column":7}},"type":"if","locations":[{"start":{"line":237,"column":6},"end":{"line":245,"column":7}},{"start":{"line":240,"column":13},"end":{"line":245,"column":7}}],"line":237},"34":{"loc":{"start":{"line":240,"column":13},"end":{"line":245,"column":7}},"type":"if","locations":[{"start":{"line":240,"column":13},"end":{"line":245,"column":7}},{"start":{},"end":{}}],"line":240},"35":{"loc":{"start":{"line":250,"column":20},"end":{"line":250,"column":71}},"type":"binary-expr","locations":[{"start":{"line":250,"column":20},"end":{"line":250,"column":44}},{"start":{"line":250,"column":48},"end":{"line":250,"column":71}}],"line":250},"36":{"loc":{"start":{"line":253,"column":4},"end":{"line":255,"column":5}},"type":"if","locations":[{"start":{"line":253,"column":4},"end":{"line":255,"column":5}},{"start":{},"end":{}}],"line":253},"37":{"loc":{"start":{"line":257,"column":4},"end":{"line":259,"column":5}},"type":"if","locations":[{"start":{"line":257,"column":4},"end":{"line":259,"column":5}},{"start":{},"end":{}}],"line":257},"38":{"loc":{"start":{"line":276,"column":13},"end":{"line":278,"column":100}},"type":"cond-expr","locations":[{"start":{"line":277,"column":16},"end":{"line":277,"column":23}},{"start":{"line":278,"column":16},"end":{"line":278,"column":100}}],"line":276},"39":{"loc":{"start":{"line":290,"column":11},"end":{"line":304,"column":11}},"type":"cond-expr","locations":[{"start":{"line":291,"column":12},"end":{"line":299,"column":14}},{"start":{"line":301,"column":12},"end":{"line":303,"column":19}}],"line":290}},"s":{"0":109,"1":109,"2":109,"3":109,"4":109,"5":109,"6":109,"7":109,"8":109,"9":109,"10":109,"11":109,"12":109,"13":109,"14":109,"15":109,"16":109,"17":109,"18":109,"19":10,"20":6,"21":4,"22":2,"23":10,"24":1,"25":1,"26":9,"27":1,"28":1,"29":1,"30":8,"31":2,"32":2,"33":0,"34":0,"35":8,"36":8,"37":6,"38":8,"39":7,"40":1,"41":1,"42":6,"43":0,"44":0,"45":7,"46":1,"47":1,"48":1,"49":6,"50":1,"51":0,"52":0,"53":1,"54":0,"55":0,"56":1,"57":0,"58":0,"59":1,"60":0,"61":0,"62":6,"63":6,"64":2,"65":2,"66":1,"67":1,"68":1,"69":2,"70":4,"71":4,"72":3,"73":1,"74":1,"75":4,"76":6,"77":6,"78":6,"79":6,"80":6,"81":6,"82":6,"83":6,"84":6,"85":6,"86":6,"87":109,"88":109,"89":26,"90":0,"91":26,"92":26,"93":26,"94":26,"95":24,"96":2,"97":26,"98":109,"99":23,"100":23,"101":23,"102":21,"103":21,"104":2,"105":23,"106":109,"107":45,"108":22,"109":109,"110":6,"111":6,"112":6,"113":6,"114":6,"115":6,"116":6,"117":6,"118":4,"119":3,"120":2,"121":2,"122":1,"123":2,"124":1,"125":2,"126":6,"127":6,"128":6,"129":1,"130":6,"131":1,"132":6,"133":6,"134":109,"135":0,"136":109,"137":19,"138":9,"139":9,"140":9,"141":9,"142":9,"143":9,"144":9,"145":9,"146":9,"147":9,"148":9,"149":9},"f":{"0":109,"1":10,"2":6,"3":1,"4":2,"5":26,"6":23,"7":23,"8":45,"9":6,"10":2,"11":0,"12":19,"13":9},"b":{"0":[4,2],"1":[1,9],"2":[10,9],"3":[1,8],"4":[9,7],"5":[2,6],"6":[8,2,2],"7":[0,2],"8":[2,0],"9":[6,2],"10":[8,2],"11":[7,1],"12":[1,6],"13":[7,7],"14":[0,6],"15":[1,6],"16":[1,0],"17":[1,1],"18":[1,5],"19":[0,1],"20":[1,1],"21":[0,1],"22":[0,1],"23":[0,1],"24":[1,1],"25":[6,0],"26":[0,6],"27":[1,5],"28":[1,5],"29":[2,4],"30":[0,26],"31":[21,0],"32":[22,23],"33":[4,2],"34":[2,0],"35":[6,1],"36":[1,5],"37":[1,5],"38":[106,3],"39":[19,90]},"_coverageSchema":"1a1c01bbd47fc00a2c39e90264f33305004495a9","hash":"8c193fb23fa73d363a0874428c0bfca5f4eb4a6d"}
,"D:\\KCL\\Y2\\SEG\\KCLMGP-HabitTracker-1\\client\\src\\app\\(protected)\\(tabs)\\settings.tsx": {"path":"D:\\KCL\\Y2\\SEG\\KCLMGP-HabitTracker-1\\client\\src\\app\\(protected)\\(tabs)\\settings.tsx","statementMap":{"0":{"start":{"line":20,"column":33},"end":{"line":20,"column":43}},"1":{"start":{"line":21,"column":58},"end":{"line":21,"column":73}},"2":{"start":{"line":23,"column":2},"end":{"line":29,"column":9}},"3":{"start":{"line":25,"column":21},"end":{"line":25,"column":50}},"4":{"start":{"line":26,"column":6},"end":{"line":26,"column":38}},"5":{"start":{"line":28,"column":4},"end":{"line":28,"column":30}},"6":{"start":{"line":31,"column":30},"end":{"line":50,"column":3}},"7":{"start":{"line":32,"column":4},"end":{"line":32,"column":50}},"8":{"start":{"line":34,"column":4},"end":{"line":49,"column":5}},"9":{"start":{"line":35,"column":21},"end":{"line":35,"column":42}},"10":{"start":{"line":36,"column":6},"end":{"line":36,"column":40}},"11":{"start":{"line":38,"column":6},"end":{"line":44,"column":7}},"12":{"start":{"line":39,"column":8},"end":{"line":39,"column":49}},"13":{"start":{"line":40,"column":8},"end":{"line":40,"column":36}},"14":{"start":{"line":42,"column":8},"end":{"line":42,"column":50}},"15":{"start":{"line":43,"column":8},"end":{"line":43,"column":37}},"16":{"start":{"line":47,"column":6},"end":{"line":47,"column":60}},"17":{"start":{"line":48,"column":6},"end":{"line":48,"column":70}},"18":{"start":{"line":52,"column":26},"end":{"line":54,"column":12}},"19":{"start":{"line":58,"column":27},"end":{"line":102,"column":3}},"20":{"start":{"line":59,"column":4},"end":{"line":101,"column":5}},"21":{"start":{"line":61,"column":26},"end":{"line":61,"column":61}},"22":{"start":{"line":62,"column":6},"end":{"line":67,"column":7}},"23":{"start":{"line":63,"column":8},"end":{"line":65,"column":51}},"24":{"start":{"line":66,"column":8},"end":{"line":66,"column":15}},"25":{"start":{"line":68,"column":23},"end":{"line":68,"column":71}},"26":{"start":{"line":69,"column":6},"end":{"line":71,"column":7}},"27":{"start":{"line":70,"column":8},"end":{"line":70,"column":48}},"28":{"start":{"line":72,"column":25},"end":{"line":72,"column":46}},"29":{"start":{"line":73,"column":6},"end":{"line":93,"column":7}},"30":{"start":{"line":74,"column":24},"end":{"line":74,"column":72}},"31":{"start":{"line":75,"column":8},"end":{"line":79,"column":10}},"32":{"start":{"line":80,"column":8},"end":{"line":80,"column":65}},"33":{"start":{"line":82,"column":11},"end":{"line":93,"column":7}},"34":{"start":{"line":83,"column":21},"end":{"line":83,"column":98}},"35":{"start":{"line":84,"column":20},"end":{"line":84,"column":52}},"36":{"start":{"line":85,"column":18},"end":{"line":85,"column":45}},"37":{"start":{"line":86,"column":8},"end":{"line":86,"column":21}},"38":{"start":{"line":87,"column":8},"end":{"line":87,"column":39}},"39":{"start":{"line":88,"column":8},"end":{"line":88,"column":37}},"40":{"start":{"line":89,"column":8},"end":{"line":89,"column":18}},"41":{"start":{"line":90,"column":8},"end":{"line":90,"column":37}},"42":{"start":{"line":91,"column":8},"end":{"line":91,"column":40}},"43":{"start":{"line":9
[...]
ine":83,"column":15},"end":{"line":83,"column":36}},"24":{"start":{"line":85,"column":2},"end":{"line":87,"column":3}},"25":{"start":{"line":86,"column":4},"end":{"line":86,"column":54}},"26":{"start":{"line":89,"column":2},"end":{"line":89,"column":56}},"27":{"start":{"line":90,"column":2},"end":{"line":90,"column":50}},"28":{"start":{"line":92,"column":2},"end":{"line":92,"column":14}},"29":{"start":{"line":97,"column":2},"end":{"line":109,"column":3}},"30":{"start":{"line":98,"column":21},"end":{"line":98,"column":59}},"31":{"start":{"line":99,"column":18},"end":{"line":99,"column":53}},"32":{"start":{"line":101,"column":4},"end":{"line":105,"column":5}},"33":{"start":{"line":102,"column":6},"end":{"line":102,"column":33}},"34":{"start":{"line":104,"column":6},"end":{"line":104,"column":18}},"35":{"start":{"line":107,"column":4},"end":{"line":107,"column":63}},"36":{"start":{"line":108,"column":4},"end":{"line":108,"column":16}},"37":{"start":{"line":114,"column":2},"end":{"line":119,"column":3}},"38":{"start":{"line":115,"column":4},"end":{"line":115,"column":46}},"39":{"start":{"line":116,"column":4},"end":{"line":116,"column":43}},"40":{"start":{"line":118,"column":4},"end":{"line":118,"column":54}},"41":{"start":{"line":133,"column":19},"end":{"line":133,"column":69}},"42":{"start":{"line":134,"column":2},"end":{"line":136,"column":3}},"43":{"start":{"line":135,"column":4},"end":{"line":135,"column":45}},"44":{"start":{"line":138,"column":26},"end":{"line":138,"column":47}},"45":{"start":{"line":139,"column":2},"end":{"line":139,"column":16}},"46":{"start":{"line":144,"column":19},"end":{"line":148,"column":4}},"47":{"start":{"line":149,"column":2},"end":{"line":151,"column":3}},"48":{"start":{"line":150,"column":4},"end":{"line":150,"column":42}},"49":{"start":{"line":152,"column":2},"end":{"line":152,"column":25}},"50":{"start":{"line":157,"column":19},"end":{"line":162,"column":3}},"51":{"start":{"line":163,"column":2},"end":{"line":165,"column":3}},"52":{"start":{"line":164,"column":4},"end":{"line":164,"column":44}},"53":{"start":{"line":166,"column":2},"end":{"line":166,"column":25}},"54":{"start":{"line":171,"column":19},"end":{"line":176,"column":3}},"55":{"start":{"line":177,"column":2},"end":{"line":179,"column":3}},"56":{"start":{"line":178,"column":4},"end":{"line":178,"column":43}},"57":{"start":{"line":180,"column":2},"end":{"line":180,"column":25}},"58":{"start":{"line":185,"column":19},"end":{"line":189,"column":4}},"59":{"start":{"line":190,"column":2},"end":{"line":192,"column":3}},"60":{"start":{"line":191,"column":4},"end":{"line":191,"column":53}},"61":{"start":{"line":193,"column":2},"end":{"line":193,"column":25}},"62":{"start":{"line":198,"column":23},"end":{"line":198,"column":48}},"63":{"start":{"line":201,"column":24},"end":{"line":201,"column":66}},"64":{"start":{"line":203,"column":19},"end":{"line":203,"column":101}},"65":{"start":{"line":204,"column":2},"end":{"line":206,"column":3}},"66":{"start":{"line":205,"column":4},"end":{"line":205,"column":53}},"67":{"start":{"line":207,"column":2},"end":{"line":207,"column":25}},"68":{"start":{"line":212,"column":23},"end":{"line":212,"column":48}},"69":{"start":{"line":213,"column":24},"end":{"line":213,"column":66}},"70":{"start":{"line":214,"column":19},"end":{"line":214,"column":114}},"71":{"start":{"line":215,"column":2},"end":{"line":217,"column":3}},"72":{"start":{"line":216,"column":4},"end":{"line":216,"column":53}},"73":{"start":{"line":218,"column":2},"end":{"line":218,"column":25}},"74":{"start":{"line":223,"column":2},"end":{"line":242,"column":3}},"75":{"start":{"line":224,"column":21},"end":{"line":230,"column":6}},"76":{"start":{"line":232,"column":17},"end":{"line":232,"column":38}},"77":{"start":{"line":234,"column":4},"end":{"line":236,"column":5}},"78":{"start":{"line":235,"column":6},"end":{"line":235,"column":65}},"79":{"start":{"line":238,"column":4},"end":{"line":238,"column":16}},"80":{"start":{"line":240,"column":4},"end":{"line":240,"column":53}},"81":{"start":{"line":241,"column":4},"end":{"line":241,"column":16}},"82":{"start":{"line":247,"column":19},"end":{"line":247,"column":82}},"83":{"start":{"line":248,"column":2},"end":{"line":250,"column":3}},"84":{"start":{"line":249,"column":4},"end":{"line":249,"column":53}},"85":{"start":{"line":251,"column":2},"end":{"line":251,"column":25}},"86":{"start":{"line":256,"column":19},"end":{"line":256,"column":78}},"87":{"start":{"line":257,"column":2},"end":{"line":259,"column":3}},"88":{"start":{"line":258,"column":4},"end":{"line":258,"column":49}},"89":{"start":{"line":260,"column":2},"end":{"line":260,"column":25}},"90":{"start":{"line":265,"column":19},"end":{"line":269,"column":4}},"91":{"start":{"line":270,"column":2},"end":{"line":272,"column":3}},"92":{"start":{"line":271,"column":4},"end":{"line":271,"column":44}},"93":{"start":{"line":273,"column":2},"end":{"line":273,"column":25}},"94":{"start":{"line":278,"column":19},"end":{"line":278,"column":96}},"95":{"start":{"line":279,"column":2},"end":{"line":281,"column":3}},"96":{"start":{"line":280,"column":4},"end":{"line":280,"column":51}},"97":{"start":{"line":282,"column":2},"end":{"line":282,"column":25}},"98":{"start":{"line":287,"column":2},"end":{"line":297,"column":3}},"99":{"start":{"line":288,"column":21},"end":{"line":288,"column":51}},"100":{"start":{"line":289,"column":4},"end":{"line":292,"column":5}},"101":{"start":{"line":290,"column":24},"end":{"line":290,"column":63}},"102":{"start":{"line":290,"column":59},"end":{"line":290,"column":61}},"103":{"start":{"line":291,"column":6},"end":{"line":291,"column":101}},"104":{"start":{"line":293,"column":4},"end":{"line":293,"column":33}},"105":{"start":{"line":295,"column":4},"end":{"line":295,"column":61}},"106":{"start":{"line":296,"column":4},"end":{"line":296,"column":16}},"107":{"start":{"line":301,"column":27},"end":{"line":308,"column":1}},"108":{"start":{"line":302,"column":15},"end":{"line":302,"column":69}},"109":{"start":{"line":303,"column":2},"end":{"line":306,"column":3}},"110":{"start":{"line":304,"column":4},"end":{"line":304,"column":59}},"111":{"start":{"line":305,"column":4},"end":{"line":305,"column":14}},"112":{"start":{"line":307,"column":2},"end":{"line":307,"column":14}},"113":{"start":{"line":312,"column":2},"end":{"line":312,"column":94}},"114":{"start":{"line":317,"column":2},"end":{"line":317,"column":92}},"115":{"start":{"line":322,"column":15},"end":{"line":322,"column":116}},"116":{"start":{"line":323,"column":2},"end":{"line":323,"column":28}},"117":{"start":{"line":328,"column":15},"end":{"line":328,"column":118}},"118":{"start":{"line":329,"column":2},"end":{"line":329,"column":29}},"119":{"start":{"line":334,"column":15},"end":{"line":334,"column":120}},"120":{"start":{"line":335,"column":2},"end":{"line":335,"column":30}}},"fnMap":{"0":{"name":"init","decl":{"start":{"line":27,"column":22},"end":{"line":27,"column":26}},"loc":{"start":{"line":27,"column":29},"end":{"line":40,"column":1}},"line":27},"1":{"name":"getUserDetails","decl":{"start":{"line":43,"column":22},"end":{"line":43,"column":36}},"loc":{"start":{"line":43,"column":55},"end":{"line":53,"column":1}},"line":43},"2":{"name":"createUser","decl":{"start":{"line":56,"column":22},"end":{"line":56,"column":32}},"loc":{"start":{"line":56,"column":84},"end":{"line":73,"column":1}},"line":56},"3":{"name":"logIn","decl":{"start":{"line":76,"column":22},"end":{"line":76,"column":27}},"loc":{"start":{"line":76,"column":61},"end":{"line":93,"column":1}},"line":76},"4":{"name":"getStoredUser","decl":{"start":{"line":96,"column":22},"end":{"line":96,"column":35}},"loc":{"start":{"line":96,"column":60},"end":{"line":110,"column":1}},"line":96},"5":{"name":"logout","decl":{"start":{"line":113,"column":22},"end":{"line":113,"column":28}},"loc":{"start":{"line":113,"column":31},"end":{"line":120,"column":1}},"line":113},"6":{"name":"getHabitsForDate","decl":{"start":{"line":132,"column":22},"end":{"line":132,"column":38}},"loc":{"start":{"line":132,"column":86},"end":{"line":140,"column":1}},"line":132},"7":{"name":"addHabit","decl":{"start":{"line":143,"column":22},"end":{"line":143,"column":30}},"loc":{"start":{"line":143,"column":49},"end":{"line":153,"column":1}},"line":143},"8":{"name":"deleteHabit","decl":{"start":{"line":156,"column":22},"end":{"line":156,"column":33}},"loc":{"start":{"line":156,"column":73},"end":{"line":167,"column":1}},"line":156},"9":{"name":"deleteUser","decl":{"start":{"line":170,"column":22},"end":{"line":170,"column":32}},"loc":{"start":{"line":170,"column":53},"end":{"line":181,"column":1}},"line":170},"10":{"name":"updateHabitProgress","decl":{"start":{"line":184,"column":22},"end":{"line":184,"column":41}},"loc":{"start":{"line":184,"column":94},"end":{"line":194,"column":1}},"line":184},"11":{"name":"getHabitProgressByDate","decl":{"start":{"line":197,"column":22},"end":{"line":197,"column":44}},"loc":{"start":{"line":197,"column":74},"end":{"line":208,"column":1}},"line":197},"12":{"name":"getHabitProgressByDateAndHabit","decl":{"start":{"line":211,"column":22},"end":{"line":211,"column":52}},"loc":{"start":{"line":211,"column":101},"end":{"line":219,"column":1}},"line":211},"13":{"name":"updatePassword","decl":{"start":{"line":222,"column":22},"end":{"line":222,"column":36}},"loc":{"start":{"line":222,"column":97},"end":{"line":243,"column":1}},"line":222},"14":{"name":"getHabitInterval","decl":{"start":{"line":246,"column":22},"end":{"line":246,"column":38}},"loc":{"start":{"line":246,"column":73},"end":{"line":252,"column":1}},"line":246},"15":{"name":"getHabitDays","decl":{"start":{"line":255,"column":22},"end":{"line":255,"column":34}},"loc":{"start":{"line":255,"column":69},"end":{"line":261,"column":1}},"line":255},"16":{"name":"updateHabit","decl":{"start":{"line":264,"column":22},"end":{"line":264,"column":33}},"loc":{"start":{"line":264,"column":52},"end":{"line":274,"column":1}},"line":264},"17":{"name":"getHabitStreak","decl":{"start":{"line":277,"column":22},"end":{"line":277,"column":36}},"loc":{"start":{"line":277,"column":85},"end":{"line":283,"column":1}},"line":277},"18":{"name":"apiRequest","decl":{"start":{"line":286,"column":15},"end":{"line":286,"column":25}},"loc":{"start":{"line":286,"column":86},"end":{"line":298,"column":1}},"line":286},"19":{"name":"(anonymous_19)","decl":{"start":{"line":290,"column":52},"end":{"line":290,"column":53}},"loc":{"start":{"line":290,"column":59},"end":{"line":290,"column":61}},"line":290},"20":{"name":"(anonymous_20)","decl":{"start":{"line":301,"column":27},"end":{"line":301,"column":28}},"loc":{"start":{"line":301,"column":68},"end":{"line":308,"column":1}},"line":301},"21":{"name":"fetchBuildHabitProgress","decl":{"start":{"line":311,"column":22},"end":{"line":311,"column":45}},"loc":{"start":{"line":311,"column":114},"end":{"line":313,"column":1}},"line":311},"22":{"name":"fetchStreak","decl":{"start":{"line":316,"column":22},"end":{"line":316,"column":33}},"loc":{"start":{"line":316,"column":93},"end":{"line":318,"column":1}},"line":316},"23":{"name":"fetchLongestStreak","decl":{"start":{"line":321,"column":22},"end":{"line":321,"column":40}},"loc":{"start":{"line":321,"column":92},"end":{"line":324,"column":1}},"line":321},"24":{"name":"fetchCompletionRate","decl":{"start":{"line":327,"column":22},"end":{"line":327,"column":41}},"loc":{"start":{"line":327,"column":93},"end":{"line":330,"column":1}},"line":327},"25":{"name":"fetchAverageProgress","decl":{"start":{"line":333,"column":22},"end":{"line":333,"column":42}},"loc":{"start":{"line":333,"column":94},"end":{"line":336,"column":1}},"line":333}},"branchMap":{"0":{"loc":{"start":{"line":30,"column":4},"end":{"line":32,"column":5}},"type":"if","locations":[{"start":{"line":30,"column":4},"end":{"line":32,"column":5}},{"start":{},"end":{}}],"line":30},"1":{"loc":{"start":{"line":46,"column":2},"end":{"line":48,"column":3}},"type":"if","locations":[{"start":{"line":46,"column":2},"end":{"line":48,"column":3}},{"start":{},"end":{}}],"line":46},"2":{"loc":{"start":{"line":65,"column":2},"end":{"line":67,"column":3}},"type":"if","locations":[{"start":{"line":65,"column":2},"end":{"line":67,"column":3}},{"start":{},"end":{}}],"line":65},"3":{"loc":{"start":{"line":66,"column":20},"end":{"line":66,"column":55}},"type":"binary-expr","locations":[{"start":{"line":66,"column":20},"end":{"line":66,"column":30}},{"start":{"line":66,"column":34},"end":{"line":66,"column":55}}],"line":66},"4":{"loc":{"start":{"line":85,"column":2},"end":{"line":87,"column":3}},"type":"if","locations":[{"start":{"line":85,"column":2},"end":{"line":87,"column":3}},{"start":{},"end":{}}],"line":85},"5":{"loc":{"start":{"line":86,"column":20},"end":{"line":86,"column":52}},"type":"binary-expr","locations":[{"start":{"line":86,"column":20},"end":{"line":86,"column":30}},{"start":{"line":86,"column":34},"end":{"line":86,"column":52}}],"line":86},"6":{"loc":{"start":{"line":101,"column":4},"end":{"line":105,"column":5}},"type":"if","locations":[{"start":{"line":101,"column":4},"end":{"line":105,"column":5}},{"start":{"line":103,"column":11},"end":{"line":105,"column":5}}],"line":101},"7":{"loc":{"start":{"line":101,"column":8},"end":{"line":101,"column":25}},"type":"binary-expr","locations":[{"start":{"line":101,"column":8},"end":{"line":101,"column":16}},{"start":{"line":101,"column":20},"end":{"line":101,"column":25}}],"line":101},"8":{"loc":{"start":{"line":134,"column":2},"end":{"line":136,"column":3}},"type":"if","locations":[{"start":{"line":134,"column":2},"end":{"line":136,"column":3}},{"start":{},"end":{}}],"line":134},"9":{"loc":{"start":{"line":149,"column":2},"end":{"line":151,"column":3}},"type":"if","locations":[{"start":{"line":149,"column":2},"end":{"line":151,"column":3}},{"start":{},"end":{}}],"line":149},"10":{"loc":{"start":{"line":163,"column":2},"end":{"line":165,"column":3}},"type":"if","locations":[{"start":{"line":163,"column":2},"end":{"line":165,"column":3}},{"start":{},"end":{}}],"line":163},"11":{"loc":{"start":{"line":177,"column":2},"end":{"line":179,"column":3}},"type":"if","locations":[{"start":{"line":177,"column":2},"end":{"line":179,"column":3}},{"start":{},"end":{}}],"line":177},"12":{"loc":{"start":{"line":190,"column":2},"end":{"line":192,"column":3}},"type":"if","locations":[{"start":{"line":190,"column":2},"end":{"line":192,"column":3}},{"start":{},"end":{}}],"line":190},"13":{"loc":{"start":{"line":204,"column":2},"end":{"line":206,"column":3}},"type":"if","locations":[{"start":{"line":204,"column":2},"end":{"line":206,"column":3}},{"start":{},"end":{}}],"line":204},"14":{"loc":{"start":{"line":215,"column":2},"end":{"line":217,"column":3}},"type":"if","locations":[{"start":{"line":215,"column":2},"end":{"line":217,"column":3}},{"start":{},"end":{}}],"line":215},"15":{"loc":{"start":{"line":234,"column":4},"end":{"line":236,"column":5}},"type":"if","locations":[{"start":{"line":234,"column":4},"end":{"line":236,"column":5}},{"start":{},"end":{}}],"line":234},"16":{"loc":{"start":{"line":235,"column":22},"end":{"line":235,"column":63}},"type":"binary-expr","locations":[{"start":{"line":235,"column":22},"end":{"line":235,"column":32}},{"start":{"line":235,"column":36},"end":{"line":235,"column":63}}],"line":235},"17":{"loc":{"start":{"line":248,"column":2},"end":{"line":250,"column":3}},"type":"if","locations":[{"start":{"line":248,"column":2},"end":{"line":250,"column":3}},{"start":{},"end":{}}],"line":248},"18":{"loc":{"start":{"line":257,"column":2},"end":{"line":259,"column":3}},"type":"if","locations":[{"start":{"line":257,"column":2},"end":{"line":259,"column":3}},{"start":{},"end":{}}],"line":257},"19":{"loc":{"start":{"line":270,"column":2},"end":{"line":272,"column":3}},"type":"if","locations":[{"start":{"line":270,"column":2},"end":{"line":272,"column":3}},{"start":{},"end":{}}],"line":270},"20":{"loc":{"start":{"line":279,"column":2},"end":{"line":281,"column":3}},"type":"if","locations":[{"start":{"line":279,"column":2},"end":{"line":281,"column":3}},{"start":{},"end":{}}],"line":279},"21":{"loc":{"start":{"line":286,"column":47},"end":{"line":286,"column":72}},"type":"default-arg","locations":[{"start":{"line":286,"column":70},"end":{"line":286,"column":72}}],"line":286},"22":{"loc":{"start":{"line":289,"column":4},"end":{"line":292,"column":5}},"type":"if","locations":[{"start":{"line":289,"column":4},"end":{"line":292,"column":5}},{"start":{},"end":{}}],"line":289},"23":{"loc":{"start":{"line":291,"column":22},"end":{"line":291,"column":99}},"type":"binary-expr","locations":[{"start":{"line":291,"column":22},"end":{"line":291,"column":37}},{"start":{"line":291,"column":41},"end":{"line":291,"column":99}}],"line":291},"24":{"loc":{"start":{"line":303,"column":2},"end":{"line":306,"column":3}},"type":"if","locations":[{"start":{"line":303,"column":2},"end":{"line":306,"column":3}},{"start":{},"end":{}}],"line":303}},"s":{"0":5,"1":2,"2":2,"3":2,"4":1,"5":1,"6":1,"7":1,"8":1,"9":1,"10":1,"11":1,"12":0,"13":1,"14":1,"15":1,"16":1,"17":1,"18":0,"19":1,"20":1,"21":1,"22":2,"23":2,"24":2,"25":1,"26":1,"27":1,"28":1,"29":5,"30":5,"31":5,"32":5,"33":1,"34":4,"35":0,"36":0,"37":1,"38":1,"39":1,"40":0,"41":1,"42":1,"43":0,"44":1,"45":1,"46":2,"47":2,"48":1,"49":1,"50":2,"51":2,"52":1,"53":1,"54":1,"55":1,"56":0,"57":1,"58":2,"59":2,"60":1,"61":1,"62":1,"63":1,"64":1,"65":1,"66":0,"67":1,"68":0,"69":0,"70":0,"71":0,"72":0,"73":0,"74":2,"75":2,"76":2,"77":2,"78":1,"79":1,"80":1,"81":1,"82":0,"83":0,"84":0,"85":0,"86":0,"87":0,"88":0,"89":0,"90":0,"91":0,"92":0,"93":0,"94":0,"95":0,"96":0,"97":0,"98":13,"99":13,"100":13,"101":8,"102":0,"103":8,"104":0,"105":13,"106":13,"107":5,"108":0,"109":0,"110":0,"111":0,"112":0,"113":3,"114":5,"115":5,"116":0,"117":0,"118":0,"119":0,"120":0},"f":{"0":2,"1":1,"2":1,"3":2,"4":5,"5":1,"6":1,"7":2,"8":2,"9":1,"10":2,"11":1,"12":0,"13":2,"14":0,"15":0,"16":0,"17":0,"18":13,"19":0,"20":0,"21":3,"22":5,"23":5,"24":0,"25":0},"b":{"0":[1,1],"1":[0,1],"2":[0,1],"3":[0,0],"4":[1,1],"5":[1,0],"6":[1,4],"7":[5,1],"8":[0,1],"9":[1,1],"10":[1,1],"11":[0,1],"12":[1,1],"13":[0,1],"14":[0,0],"15":[1,1],"16":[1,0],"17":[0,0],"18":[0,0],"19":[0,0],"20":[0,0],"21":[13],"22":[8,0],"23":[8,8],"24":[0,0]},"_coverageSchema":"1a1c01bbd47fc00a2c39e90264f33305004495a9","hash":"6c11eac136af5c650790390ff97764f947ab5471"}
,"D:\\KCL\\Y2\\SEG\\KCLMGP-HabitTracker-1\\client\\src\\utils\\dateUtils.tsx": {"path":"D:\\KCL\\Y2\\SEG\\KCLMGP-HabitTracker-1\\client\\src\\utils\\dateUtils.tsx","statementMap":{"0":{"start":{"line":1,"column":28},"end":{"line":19,"column":1}},"1":{"start":{"line":2,"column":18},"end":{"line":2,"column":28}},"2":{"start":{"line":3,"column":4},"end":{"line":3,"column":48}},"3":{"start":{"line":5,"column":22},"end":{"line":5,"column":36}},"4":{"start":{"line":6,"column":19},"end":{"line":6,"column":34}},"5":{"start":{"line":7,"column":4},"end":{"line":7,"column":48}},"6":{"start":{"line":9,"column":4},"end":{"line":18,"column":7}},"7":{"start":{"line":10,"column":21},"end":{"line":10,"column":37}},"8":{"start":{"line":11,"column":8},"end":{"line":11,"column":43}},"9":{"start":{"line":13,"column":8},"end":{"line":17,"column":10}}},"fnMap":{"0":{"name":"(anonymous_0)","decl":{"start":{"line":1,"column":28},"end":{"line":1,"column":29}},"loc":{"start":{"line":1,"column":44},"end":{"line":19,"column":1}},"line":1},"1":{"name":"(anonymous_1)","decl":{"start":{"line":9,"column":29},"end":{"line":9,"column":30}},"loc":{"start":{"line":9,"column":39},"end":{"line":18,"column":5}},"line":9}},"branchMap":{"0":{"loc":{"start":{"line":1,"column":29},"end":{"line":1,"column":39}},"type":"default-arg","locations":[{"start":{"line":1,"column":38},"end":{"line":1,"column":39}}],"line":1}},"s":{"0":1,"1":3,"2":3,"3":3,"4":3,"5":3,"6":3,"7":21,"8":21,"9":21},"f":{"0":3,"1":21},"b":{"0":[2]},"_coverageSchema":"1a1c01bbd47fc00a2c39e90264f33305004495a9","hash":"bb071a78fa0823b576c48c83c894da55624eda99"}
}
