TN:
SF:assets\fonts\SpaceMono-Regular.ttf
FNF:0
FNH:0
DA:1,1
LF:1
LH:1
BRF:0
BRH:0
end_of_record
TN:
SF:assets\images\account.png
FNF:0
FNH:0
DA:1,2
LF:1
LH:1
BRF:0
BRH:0
end_of_record
TN:
SF:assets\images\appearance.png
FNF:0
FNH:0
DA:1,2
LF:1
LH:1
BRF:0
BRH:0
end_of_record
TN:
SF:assets\images\arrowLeft.png
FNF:0
FNH:0
DA:1,1
LF:1
LH:1
BRF:0
BRH:0
end_of_record
TN:
SF:assets\images\arrowRight.png
FNF:0
FNH:0
DA:1,1
LF:1
LH:1
BRF:0
BRH:0
end_of_record
TN:
SF:assets\images\notifications.png
FNF:0
FNH:0
DA:1,2
LF:1
LH:1
BRF:0
BRH:0
end_of_record
TN:
SF:src\app\+not-found.tsx
FN:8,NotFoundScreen
FNF:1
FNH:1
FNDA:3,NotFoundScreen
DA:9,3
LF:1
LH:1
BRF:0
BRH:0
end_of_record
TN:
SF:src\app\NotificationsHandler.js
FN:9,(anonymous_0)
FN:17,(anonymous_1)
FN:27,ScheduleWeeklyNotification
FN:28,(anonymous_3)
FN:29,scheduleNotification
FN:45,(anonymous_5)
FN:85,enableNotifications
FN:119,(anonymous_7)
FN:137,disableNotifications
FN:149,(anonymous_9)
FN:167,getNotificationStatus
FNF:11
FNH:8
FNDA:1,(anonymous_0)
FNDA:4,(anonymous_1)
FNDA:8,ScheduleWeeklyNotification
FNDA:8,(anonymous_3)
FNDA:8,scheduleNotification
FNDA:1,(anonymous_5)
FNDA:7,enableNotifications
FNDA:0,(anonymous_7)
FNDA:3,disableNotifications
FNDA:0,(anonymous_9)
FNDA:0,getNotificationStatus
DA:8,3
DA:9,1
DA:17,3
DA:18,4
DA:19,4
DA:20,4
DA:21,4
DA:22,4
DA:23,4
DA:24,4
DA:28,8
DA:30,8
DA:32,3
DA:33,1
DA:34,1
DA:36,2
DA:37,1
DA:38,1
DA:39,1
DA:40,1
DA:43,1
DA:44,1
DA:45,1
DA:46,1
DA:52,5
DA:53,2
DA:54,2
DA:56,3
DA:57,3
DA:58,3
DA:59,2
DA:60,2
DA:62,3
DA:63,1
DA:64,1
DA:66,2
DA:67,2
DA:78,8
DA:81,8
DA:87,7
DA:88,7
DA:89,6
DA:90,1
DA:91,1
DA:94,5
DA:95,1
DA:98,1
DA:99,4
DA:100,2
DA:101,2
DA:102,1
DA:105,0
DA:107,1
DA:108,1
DA:111,2
DA:112,2
DA:115,1
DA:118,2
DA:119,0
DA:120,0
DA:121,0
DA:123,0
DA:129,1
DA:130,1
DA:131,1
DA:139,3
DA:140,3
DA:141,2
DA:146,3
DA:148,1
DA:149,0
DA:150,0
DA:151,0
DA:153,0
DA:159,2
DA:160,2
DA:161,2
DA:168,0
DA:169,0
LF:79
LH:68
BRDA:20,0,0,0
BRDA:20,0,1,4
BRDA:30,1,0,3
BRDA:30,1,1,5
BRDA:32,2,0,1
BRDA:32,2,1,2
BRDA:32,3,0,3
BRDA:32,3,1,3
BRDA:36,4,0,1
BRDA:36,4,1,1
BRDA:38,5,0,1
BRDA:38,5,1,0
BRDA:52,6,0,2
BRDA:52,6,1,3
BRDA:58,7,0,2
BRDA:58,7,1,1
BRDA:62,8,0,1
BRDA:62,8,1,2
BRDA:88,9,0,6
BRDA:88,9,1,1
BRDA:89,10,0,1
BRDA:89,10,1,5
BRDA:89,11,0,6
BRDA:89,11,1,6
BRDA:94,12,0,1
BRDA:94,12,1,4
BRDA:99,13,0,2
BRDA:99,13,1,2
BRDA:101,14,0,1
BRDA:101,14,1,1
BRDA:118,15,0,0
BRDA:118,15,1,2
BRDA:120,16,0,0
BRDA:120,16,1,0
BRDA:130,17,0,1
BRDA:130,17,1,0
BRDA:140,18,0,2
BRDA:140,18,1,1
BRDA:148,19,0,0
BRDA:148,19,1,1
BRDA:150,20,0,0
BRDA:150,20,1,0
BRDA:160,21,0,2
BRDA:160,21,1,0
BRF:44
BRH:34
end_of_record
TN:
SF:src\app\_layout.tsx
FN:14,RootLayout
FN:19,(anonymous_1)
FN:38,AppContent
FNF:3
FNH:2
FNDA:2,RootLayout
FNDA:2,(anonymous_1)
FNDA:0,AppContent
DA:12,1
DA:15,2
DA:19,2
DA:20,2
DA:21,1
DA:25,2
DA:26,1
DA:29,1
DA:39,0
DA:41,0
LF:10
LH:8
BRDA:20,0,0,1
BRDA:20,0,1,1
BRDA:25,1,0,1
BRDA:25,1,1,1
BRDA:42,2,0,0
BRDA:42,2,1,0
BRDA:49,3,0,0
BRDA:49,3,1,0
BRF:8
BRH:4
end_of_record
TN:
SF:src\app\index.tsx
FN:7,IndexRoute
FNF:1
FNH:1
FNDA:3,IndexRoute
DA:8,3
DA:9,3
DA:11,3
DA:12,1
DA:19,2
DA:20,1
DA:23,1
LF:7
LH:7
BRDA:11,0,0,1
BRDA:11,0,1,2
BRDA:19,1,0,1
BRDA:19,1,1,1
BRF:4
BRH:4
end_of_record
TN:
SF:src\app\(auth)\_layout.tsx
FN:3,AuthLayout
FNF:1
FNH:1
FNDA:1,AuthLayout
DA:4,1
LF:1
LH:1
BRF:0
BRH:0
end_of_record
TN:
SF:src\app\(auth)\login.tsx
FN:12,LoginScreen
FN:20,(anonymous_1)
FNF:2
FNH:2
FNDA:14,LoginScreen
FNDA:3,(anonymous_1)
DA:13,14
DA:14,14
DA:15,14
DA:17,14
DA:18,14
DA:20,14
DA:21,3
DA:22,3
DA:23,1
DA:24,1
DA:26,2
DA:27,1
DA:29,1
DA:34,14
LF:14
LH:14
BRDA:26,0,0,1
BRDA:26,0,1,1
BRDA:42,1,0,2
BRDA:42,1,1,12
BRF:4
BRH:4
end_of_record
TN:
SF:src\app\(auth)\signup.tsx
FN:11,SignupScreen
FN:19,(anonymous_1)
FNF:2
FNH:2
FNDA:15,SignupScreen
FNDA:3,(anonymous_1)
DA:12,15
DA:13,15
DA:14,15
DA:15,15
DA:17,15
DA:19,15
DA:20,3
DA:21,3
DA:22,1
DA:24,2
DA:25,1
DA:27,1
DA:32,15
LF:13
LH:13
BRDA:24,0,0,1
BRDA:24,0,1,1
BRDA:40,1,0,2
BRDA:40,1,1,13
BRF:4
BRH:4
end_of_record
TN:
SF:src\app\(protected)\account.tsx
FN:11,AccountScreen
FN:22,(anonymous_1)
FN:23,(anonymous_2)
FN:46,(anonymous_3)
FN:102,(anonymous_4)
FN:143,(anonymous_5)
FNF:6
FNH:6
FNDA:70,AccountScreen
FNDA:18,(anonymous_1)
FNDA:18,(anonymous_2)
FNDA:10,(anonymous_3)
FNDA:12,(anonymous_4)
FNDA:2,(anonymous_5)
DA:12,70
DA:13,70
DA:14,70
DA:15,70
DA:16,70
DA:17,70
DA:18,70
DA:19,70
DA:20,70
DA:22,70
DA:23,18
DA:24,18
DA:25,18
DA:26,16
DA:28,16
DA:29,10
DA:31,16
DA:32,8
DA:33,8
DA:34,2
DA:35,2
DA:36,2
DA:39,2
DA:43,18
DA:46,70
DA:47,10
DA:48,2
DA:49,2
DA:52,8
DA:53,2
DA:54,2
DA:57,6
DA:58,6
DA:60,2
DA:61,2
DA:63,2
DA:64,2
DA:65,2
DA:66,2
DA:67,2
DA:69,4
DA:70,2
DA:72,2
DA:77,70
DA:102,12
DA:143,2
LF:46
LH:46
BRDA:28,0,0,10
BRDA:28,0,1,6
BRDA:31,1,0,8
BRDA:31,1,1,8
BRDA:33,2,0,2
BRDA:33,2,1,6
BRDA:47,3,0,2
BRDA:47,3,1,8
BRDA:47,4,0,10
BRDA:47,4,1,8
BRDA:47,4,2,8
BRDA:52,5,0,2
BRDA:52,5,1,6
BRDA:69,6,0,2
BRDA:69,6,1,2
BRDA:81,7,0,2
BRDA:81,7,1,68
BRDA:113,8,0,8
BRDA:113,8,1,62
BRF:19
BRH:19
end_of_record
TN:
SF:src\app\(protected)\(tabs)\_layout.tsx
FN:10,TabLayout
FN:36,(anonymous_1)
FN:43,(anonymous_2)
FN:50,(anonymous_3)
FN:57,(anonymous_4)
FNF:5
FNH:5
FNDA:5,TabLayout
FNDA:5,(anonymous_1)
FNDA:5,(anonymous_2)
FNDA:5,(anonymous_3)
FNDA:5,(anonymous_4)
DA:11,5
DA:13,5
DA:36,5
DA:43,5
DA:50,5
DA:57,5
LF:6
LH:6
BRDA:36,0,0,4
BRDA:36,0,1,1
BRDA:43,1,0,4
BRDA:43,1,1,1
BRDA:50,2,0,4
BRDA:50,2,1,1
BRDA:57,3,0,4
BRDA:57,3,1,1
BRF:8
BRH:8
end_of_record
TN:
SF:src\app\(protected)\(tabs)\calendar.tsx
FN:15,CalendarScreen
FN:30,(anonymous_1)
FN:32,(anonymous_2)
FN:36,(anonymous_3)
FN:40,(anonymous_4)
FN:41,(anonymous_5)
FN:58,(anonymous_6)
FN:87,(anonymous_7)
FN:93,(anonymous_8)
FN:95,(anonymous_9)
FN:96,(anonymous_10)
FN:101,(anonymous_11)
FN:102,(anonymous_12)
FN:172,(anonymous_13)
FN:180,(anonymous_14)
FN:181,(anonymous_15)
FN:222,(anonymous_16)
FNF:17
FNH:16
FNDA:36,CalendarScreen
FNDA:6,(anonymous_1)
FNDA:5,(anonymous_2)
FNDA:6,(anonymous_3)
FNDA:6,(anonymous_4)
FNDA:6,(anonymous_5)
FNDA:16,(anonymous_6)
FNDA:5,(anonymous_7)
FNDA:6,(anonymous_8)
FNDA:6,(anonymous_9)
FNDA:6,(anonymous_10)
FNDA:22,(anonymous_11)
FNDA:22,(anonymous_12)
FNDA:3,(anonymous_13)
FNDA:117,(anonymous_14)
FNDA:79,(anonymous_15)
FNDA:0,(anonymous_16)
DA:16,36
DA:17,36
DA:18,35
DA:19,35
DA:20,35
DA:21,35
DA:22,35
DA:23,35
DA:24,35
DA:25,35
DA:26,35
DA:27,35
DA:30,35
DA:32,6
DA:33,5
DA:36,6
DA:40,35
DA:41,6
DA:42,6
DA:43,6
DA:44,6
DA:45,5
DA:47,1
DA:50,0
DA:54,6
DA:58,35
DA:59,16
DA:60,5
DA:61,5
DA:62,5
DA:65,5
DA:66,5
DA:67,5
DA:70,5
DA:71,5
DA:72,5
DA:75,5
DA:76,5
DA:78,5
DA:79,203
DA:80,203
DA:83,5
DA:87,35
DA:88,5
DA:92,35
DA:95,6
DA:96,6
DA:101,35
DA:102,22
DA:103,22
DA:105,4
DA:106,4
DA:107,4
DA:108,4
DA:109,4
DA:112,4
DA:113,120
DA:114,119
DA:117,119
DA:118,35
DA:119,35
DA:120,35
DA:124,0
DA:129,119
DA:134,119
DA:135,35
DA:136,35
DA:140,119
DA:150,3
DA:153,3
DA:156,3
DA:159,3
DA:161,3
DA:163,1
DA:164,1
DA:168,22
DA:172,35
DA:173,3
DA:174,3
DA:175,3
DA:176,3
DA:179,3
DA:180,117
DA:181,79
DA:183,3
DA:185,3
DA:186,3
DA:187,3
DA:190,3
DA:192,82
DA:194,80
DA:197,80
DA:198,18
DA:199,18
DA:202,18
DA:205,62
DA:207,62
DA:209,62
DA:214,3
DA:218,3
DA:219,3
DA:222,35
DA:223,0
DA:224,0
DA:225,0
DA:226,0
DA:227,0
DA:230,35
DA:231,13
DA:238,22
LF:110
LH:103
BRDA:44,0,0,5
BRDA:44,0,1,1
BRDA:59,1,0,5
BRDA:59,1,1,11
BRDA:59,2,0,16
BRDA:59,2,1,10
BRDA:103,3,0,18
BRDA:103,3,1,4
BRDA:103,4,0,22
BRDA:103,4,1,5
BRDA:118,5,0,35
BRDA:118,5,1,0
BRDA:118,6,0,35
BRDA:118,6,1,35
BRDA:129,7,0,35
BRDA:129,7,1,84
BRDA:134,8,0,35
BRDA:134,8,1,84
BRDA:143,9,0,0
BRDA:143,9,1,119
BRDA:145,10,0,0
BRDA:145,10,1,119
BRDA:153,11,0,1
BRDA:153,11,1,2
BRDA:183,12,0,3
BRDA:183,12,1,0
BRDA:186,13,0,3
BRDA:186,13,1,3
BRDA:187,14,0,3
BRDA:187,14,1,3
BRDA:192,15,0,2
BRDA:192,15,1,80
BRDA:192,16,0,82
BRDA:192,16,1,64
BRDA:197,17,0,18
BRDA:197,17,1,62
BRDA:198,18,0,18
BRDA:198,18,1,0
BRDA:230,19,0,13
BRDA:230,19,1,22
BRF:40
BRH:35
end_of_record
TN:
SF:src\app\(protected)\(tabs)\habits.tsx
FN:24,HomeScreen
FN:55,(anonymous_1)
FN:57,(anonymous_2)
FN:72,(anonymous_3)
FN:79,(anonymous_4)
FN:188,(anonymous_5)
FN:203,(anonymous_6)
FN:204,(anonymous_7)
FN:218,(anonymous_8)
FN:225,(anonymous_9)
FN:243,(anonymous_10)
FN:265,(anonymous_11)
FN:291,(anonymous_12)
FN:311,(anonymous_13)
FNF:14
FNH:13
FNDA:109,HomeScreen
FNDA:10,(anonymous_1)
FNDA:6,(anonymous_2)
FNDA:1,(anonymous_3)
FNDA:2,(anonymous_4)
FNDA:26,(anonymous_5)
FNDA:23,(anonymous_6)
FNDA:23,(anonymous_7)
FNDA:45,(anonymous_8)
FNDA:6,(anonymous_9)
FNDA:2,(anonymous_10)
FNDA:0,(anonymous_11)
FNDA:19,(anonymous_12)
FNDA:9,(anonymous_13)
DA:25,109
DA:26,109
DA:31,109
DA:32,109
DA:33,109
DA:34,109
DA:35,109
DA:36,109
DA:39,109
DA:40,109
DA:41,109
DA:44,109
DA:45,109
DA:46,109
DA:47,109
DA:49,109
DA:51,109
DA:53,109
DA:55,109
DA:57,10
DA:58,6
DA:59,4
DA:61,2
DA:66,10
DA:67,1
DA:68,1
DA:72,9
DA:73,1
DA:74,1
DA:78,8
DA:79,2
DA:80,2
DA:83,0
DA:84,0
DA:89,8
DA:90,8
DA:91,6
DA:95,8
DA:96,7
DA:97,1
DA:98,1
DA:100,6
DA:101,0
DA:102,0
DA:107,7
DA:108,1
DA:109,1
DA:110,1
DA:115,6
DA:116,1
DA:117,0
DA:118,0
DA:120,1
DA:121,0
DA:122,0
DA:124,1
DA:125,0
DA:126,0
DA:128,1
DA:129,0
DA:130,0
DA:135,6
DA:148,6
DA:149,2
DA:150,2
DA:151,1
DA:153,1
DA:154,1
DA:156,2
DA:159,4
DA:160,4
DA:161,3
DA:163,1
DA:164,1
DA:166,4
DA:171,6
DA:172,6
DA:173,6
DA:174,6
DA:175,6
DA:176,6
DA:177,6
DA:178,6
DA:179,6
DA:180,6
DA:181,6
DA:186,109
DA:188,109
DA:189,26
DA:191,26
DA:192,26
DA:193,26
DA:194,26
DA:195,24
DA:197,2
DA:199,26
DA:203,109
DA:204,23
DA:205,23
DA:206,23
DA:207,21
DA:208,21
DA:211,2
DA:215,23
DA:218,109
DA:219,45
DA:220,22
DA:225,109
DA:227,6
DA:230,6
DA:231,6
DA:232,6
DA:233,6
DA:234,6
DA:236,6
DA:237,6
DA:238,4
DA:239,3
DA:240,2
DA:241,2
DA:243,2
DA:244,1
DA:247,2
DA:250,6
DA:251,6
DA:253,6
DA:254,1
DA:257,6
DA:258,1
DA:261,6
DA:262,6
DA:265,109
DA:266,0
DA:269,109
DA:292,19
DA:313,9
DA:314,9
DA:315,9
DA:316,9
DA:317,9
DA:318,9
DA:319,9
DA:320,9
DA:321,9
DA:322,9
DA:325,9
DA:326,9
LF:147
LH:134
BRDA:58,0,0,4
BRDA:58,0,1,2
BRDA:66,1,0,1
BRDA:66,1,1,9
BRDA:66,2,0,10
BRDA:66,2,1,9
BRDA:72,3,0,1
BRDA:72,3,1,8
BRDA:72,4,0,9
BRDA:72,4,1,7
BRDA:78,5,0,2
BRDA:78,5,1,6
BRDA:78,6,0,8
BRDA:78,6,1,2
BRDA:78,6,2,2
BRDA:79,7,0,0
BRDA:79,7,1,2
BRDA:80,8,0,2
BRDA:80,8,1,0
BRDA:90,9,0,6
BRDA:90,9,1,2
BRDA:90,10,0,8
BRDA:90,10,1,2
BRDA:95,11,0,7
BRDA:95,11,1,1
BRDA:96,12,0,1
BRDA:96,12,1,6
BRDA:96,13,0,7
BRDA:96,13,1,7
BRDA:100,14,0,0
BRDA:100,14,1,6
BRDA:107,15,0,1
BRDA:107,15,1,6
BRDA:108,16,0,1
BRDA:108,16,1,0
BRDA:108,17,0,1
BRDA:108,17,1,1
BRDA:115,18,0,1
BRDA:115,18,1,5
BRDA:116,19,0,0
BRDA:116,19,1,1
BRDA:116,20,0,1
BRDA:116,20,1,1
BRDA:120,21,0,0
BRDA:120,21,1,1
BRDA:124,22,0,0
BRDA:124,22,1,1
BRDA:128,23,0,0
BRDA:128,23,1,1
BRDA:128,24,0,1
BRDA:128,24,1,1
BRDA:142,25,0,6
BRDA:142,25,1,0
BRDA:143,26,0,0
BRDA:143,26,1,6
BRDA:144,27,0,1
BRDA:144,27,1,5
BRDA:145,28,0,1
BRDA:145,28,1,5
BRDA:148,29,0,2
BRDA:148,29,1,4
BRDA:189,30,0,0
BRDA:189,30,1,26
BRDA:207,31,0,21
BRDA:207,31,1,0
BRDA:219,32,0,22
BRDA:219,32,1,23
BRDA:237,33,0,4
BRDA:237,33,1,2
BRDA:240,34,0,2
BRDA:240,34,1,0
BRDA:250,35,0,6
BRDA:250,35,1,1
BRDA:253,36,0,1
BRDA:253,36,1,5
BRDA:257,37,0,1
BRDA:257,37,1,5
BRDA:276,38,0,106
BRDA:276,38,1,3
BRDA:290,39,0,19
BRDA:290,39,1,90
BRF:81
BRH:68
end_of_record
TN:
SF:src\app\(protected)\(tabs)\settings.tsx
FN:19,SettingsScreen
FN:23,(anonymous_1)
FN:24,fetchNotificationStatus
FN:31,(anonymous_3)
FN:58,(anonymous_4)
FN:104,(anonymous_5)
FN:113,(anonymous_6)
FN:144,(anonymous_7)
FN:162,(anonymous_8)
FN:166,(anonymous_9)
FN:177,(anonymous_10)
FN:178,(anonymous_11)
FN:201,(anonymous_12)
FNF:13
FNH:6
FNDA:16,SettingsScreen
FNDA:3,(anonymous_1)
FNDA:3,fetchNotificationStatus
FNDA:3,(anonymous_3)
FNDA:0,(anonymous_4)
FNDA:0,(anonymous_5)
FNDA:0,(anonymous_6)
FNDA:0,(anonymous_7)
FNDA:0,(anonymous_8)
FNDA:0,(anonymous_9)
FNDA:15,(anonymous_10)
FNDA:0,(anonymous_11)
FNDA:26,(anonymous_12)
DA:20,16
DA:21,16
DA:23,15
DA:25,3
DA:26,3
DA:28,3
DA:31,15
DA:32,3
DA:34,3
DA:35,3
DA:36,3
DA:38,3
DA:39,2
DA:40,2
DA:42,1
DA:43,1
DA:47,1
DA:48,1
DA:52,15
DA:58,15
DA:59,0
DA:61,0
DA:62,0
DA:63,0
DA:66,0
DA:68,0
DA:69,0
DA:70,0
DA:72,0
DA:73,0
DA:74,0
DA:75,0
DA:80,0
DA:82,0
DA:83,0
DA:84,0
DA:85,0
DA:86,0
DA:87,0
DA:88,0
DA:89,0
DA:90,0
DA:91,0
DA:92,0
DA:96,0
DA:97,0
DA:99,0
DA:104,15
DA:105,0
DA:106,0
DA:107,0
DA:109,0
DA:113,15
DA:114,0
DA:115,0
DA:116,0
DA:117,0
DA:118,0
DA:119,0
DA:121,0
DA:123,0
DA:125,0
DA:126,0
DA:127,0
DA:128,0
DA:130,0
DA:133,0
DA:135,0
DA:136,0
DA:137,0
DA:139,0
DA:144,15
DA:145,0
DA:146,0
DA:147,0
DA:148,0
DA:151,0
DA:152,0
DA:153,0
DA:155,0
DA:158,0
DA:162,0
DA:167,0
DA:168,0
DA:177,15
DA:178,15
DA:187,15
DA:201,26
LF:88
LH:27
BRDA:38,0,0,2
BRDA:38,0,1,1
BRDA:62,1,0,0
BRDA:62,1,1,0
BRDA:63,2,0,0
BRDA:63,2,1,0
BRDA:69,3,0,0
BRDA:69,3,1,0
BRDA:73,4,0,0
BRDA:73,4,1,0
BRDA:82,5,0,0
BRDA:82,5,1,0
BRDA:96,6,0,0
BRDA:96,6,1,0
BRDA:117,7,0,0
BRDA:117,7,1,0
BRDA:118,8,0,0
BRDA:118,8,1,0
BRDA:127,9,0,0
BRDA:127,9,1,0
BRDA:136,10,0,0
BRDA:136,10,1,0
BRDA:137,11,0,0
BRDA:137,11,1,0
BRDA:139,12,0,0
BRDA:139,12,1,0
BRDA:146,13,0,0
BRDA:146,13,1,0
BRDA:151,14,0,0
BRDA:151,14,1,0
BRF:30
BRH:2
end_of_record
TN:
SF:src\components\AuthContext.tsx
FN:13,(anonymous_0)
FN:17,(anonymous_1)
FN:32,(anonymous_2)
FN:43,(anonymous_3)
FNF:4
FNH:4
FNDA:20,(anonymous_0)
FNDA:11,(anonymous_1)
FNDA:10,(anonymous_2)
FNDA:20,(anonymous_3)
DA:11,3
DA:13,3
DA:14,20
DA:15,20
DA:17,20
DA:18,11
DA:19,11
DA:20,10
DA:21,10
DA:22,10
DA:24,1
DA:25,1
DA:26,1
DA:28,11
DA:32,20
DA:33,10
DA:36,20
DA:43,3
DA:44,20
DA:45,20
DA:46,0
DA:48,20
LF:22
LH:21
BRDA:45,0,0,0
BRDA:45,0,1,20
BRF:2
BRH:1
end_of_record
TN:
SF:src\components\BuildHabitGraph.tsx
FN:23,(anonymous_0)
FN:37,(anonymous_1)
FN:41,(anonymous_2)
FN:42,(anonymous_3)
FN:58,(anonymous_4)
FN:70,(anonymous_5)
FN:76,(anonymous_6)
FN:82,(anonymous_7)
FN:88,(anonymous_8)
FN:98,(anonymous_9)
FN:99,(anonymous_10)
FN:112,(anonymous_11)
FN:113,(anonymous_12)
FN:149,(anonymous_13)
FN:158,(anonymous_14)
FN:175,(anonymous_15)
FN:179,(anonymous_16)
FN:184,(anonymous_17)
FNF:18
FNH:9
FNDA:3,(anonymous_0)
FNDA:93,(anonymous_1)
FNDA:3,(anonymous_2)
FNDA:3,(anonymous_3)
FNDA:0,(anonymous_4)
FNDA:0,(anonymous_5)
FNDA:0,(anonymous_6)
FNDA:0,(anonymous_7)
FNDA:0,(anonymous_8)
FNDA:3,(anonymous_9)
FNDA:3,(anonymous_10)
FNDA:3,(anonymous_11)
FNDA:3,(anonymous_12)
FNDA:9,(anonymous_13)
FNDA:0,(anonymous_14)
FNDA:0,(anonymous_15)
FNDA:0,(anonymous_16)
FNDA:0,(anonymous_17)
DA:23,1
DA:24,3
DA:25,3
DA:26,3
DA:27,3
DA:28,3
DA:29,3
DA:30,3
DA:31,3
DA:32,3
DA:33,3
DA:35,3
DA:37,93
DA:41,3
DA:42,3
DA:43,3
DA:44,3
DA:46,0
DA:47,0
DA:48,0
DA:49,0
DA:50,0
DA:52,0
DA:56,0
DA:57,0
DA:58,0
DA:59,0
DA:61,0
DA:62,0
DA:63,0
DA:65,0
DA:67,0
DA:70,0
DA:75,0
DA:76,0
DA:77,0
DA:78,0
DA:79,0
DA:82,0
DA:88,0
DA:89,0
DA:90,0
DA:95,3
DA:98,3
DA:99,3
DA:100,3
DA:101,3
DA:103,0
DA:104,0
DA:109,3
DA:112,3
DA:113,3
DA:114,3
DA:115,3
DA:116,0
DA:118,0
DA:119,0
DA:121,0
DA:122,0
DA:127,3
DA:130,3
DA:131,3
DA:132,3
DA:133,3
DA:135,3
DA:136,3
DA:138,3
DA:145,3
DA:150,9
DA:158,0
DA:175,0
DA:179,0
DA:184,0
LF:73
LH:37
BRDA:44,0,0,3
BRDA:44,0,1,0
BRDA:44,1,0,0
BRDA:44,1,1,0
BRDA:47,2,0,0
BRDA:47,2,1,0
BRDA:49,3,0,0
BRDA:49,3,1,0
BRDA:56,4,0,0
BRDA:56,4,1,0
BRDA:56,5,0,0
BRDA:56,5,1,0
BRDA:61,6,0,0
BRDA:61,6,1,0
BRDA:72,7,0,0
BRDA:72,7,1,0
BRDA:84,8,0,0
BRDA:84,8,1,0
BRDA:104,9,0,0
BRDA:104,9,1,0
BRDA:154,10,0,9
BRDA:154,10,1,3
BRDA:155,11,0,9
BRDA:155,11,1,3
BRDA:156,12,0,9
BRDA:156,12,1,3
BRDA:166,13,0,3
BRDA:166,13,1,0
BRDA:166,14,0,0
BRDA:166,14,1,0
BRDA:172,15,0,0
BRDA:172,15,1,3
BRDA:179,16,0,0
BRDA:179,16,1,0
BRDA:179,17,0,0
BRDA:179,17,1,0
BRDA:184,18,0,0
BRDA:184,18,1,0
BRF:38
BRH:9
end_of_record
TN:
SF:src\components\CircleProgress.tsx
FN:15,(anonymous_0)
FNF:1
FNH:1
FNDA:3,(anonymous_0)
DA:15,3
DA:21,3
DA:22,3
DA:23,3
DA:24,3
DA:26,3
LF:6
LH:6
BRDA:19,0,0,1
BRF:1
BRH:1
end_of_record
TN:
SF:src\components\HabitPanel.tsx
FN:32,(anonymous_0)
FN:69,(anonymous_1)
FN:70,(anonymous_2)
FN:100,(anonymous_3)
FN:101,(anonymous_4)
FN:126,(anonymous_5)
FN:131,(anonymous_6)
FN:150,(anonymous_7)
FN:175,(anonymous_8)
FN:235,(anonymous_9)
FN:258,(anonymous_10)
FN:275,(anonymous_11)
FN:305,(anonymous_12)
FN:329,(anonymous_13)
FN:359,(anonymous_14)
FNF:15
FNH:9
FNDA:15,(anonymous_0)
FNDA:10,(anonymous_1)
FNDA:10,(anonymous_2)
FNDA:10,(anonymous_3)
FNDA:3,(anonymous_4)
FNDA:10,(anonymous_5)
FNDA:1,(anonymous_6)
FNDA:0,(anonymous_7)
FNDA:0,(anonymous_8)
FNDA:2,(anonymous_9)
FNDA:0,(anonymous_10)
FNDA:2,(anonymous_11)
FNDA:0,(anonymous_12)
FNDA:0,(anonymous_13)
FNDA:0,(anonymous_14)
DA:32,1
DA:34,15
DA:36,15
DA:38,15
DA:40,15
DA:42,15
DA:44,15
DA:46,15
DA:51,15
DA:52,15
DA:55,15
DA:56,15
DA:57,6
DA:61,15
DA:64,15
DA:69,15
DA:70,10
DA:71,10
DA:73,10
DA:74,8
DA:75,7
DA:78,7
DA:80,1
DA:81,1
DA:82,1
DA:85,1
DA:86,1
DA:87,1
DA:93,1
DA:97,10
DA:100,15
DA:101,10
DA:102,3
DA:103,3
DA:109,3
DA:112,3
DA:114,3
DA:116,3
DA:117,0
DA:119,3
DA:122,0
DA:126,10
DA:131,15
DA:132,1
DA:133,1
DA:135,1
DA:137,1
DA:138,1
DA:141,1
DA:142,1
DA:143,1
DA:145,0
DA:147,0
DA:148,0
DA:150,0
DA:151,0
DA:154,0
DA:155,0
DA:156,0
DA:157,0
DA:159,0
DA:160,0
DA:166,0
DA:167,0
DA:168,0
DA:170,0
DA:171,0
DA:175,15
DA:176,0
DA:178,0
DA:182,0
DA:186,0
DA:187,0
DA:190,0
DA:191,0
DA:192,0
DA:195,0
DA:196,0
DA:199,0
DA:200,0
DA:203,0
DA:208,0
DA:209,0
DA:211,0
DA:214,0
DA:215,0
DA:216,0
DA:217,0
DA:219,0
DA:222,0
DA:227,0
DA:231,0
DA:235,15
DA:236,2
DA:237,1
DA:238,1
DA:239,1
DA:240,1
DA:241,1
DA:242,1
DA:244,0
DA:245,0
DA:248,1
DA:259,0
DA:260,0
DA:261,0
DA:262,0
DA:264,0
DA:265,0
DA:275,15
DA:277,2
DA:279,2
DA:280,2
DA:281,1
DA:284,1
DA:288,1
DA:289,1
DA:291,1
DA:293,1
DA:296,1
DA:300,1
DA:301,1
DA:305,15
DA:306,0
DA:309,15
DA:329,0
DA:359,0
LF:127
LH:74
BRDA:46,0,0,6
BRDA:46,0,1,9
BRDA:55,1,0,6
BRDA:55,1,1,9
BRDA:56,2,0,6
BRDA:56,2,1,9
BRDA:61,3,0,15
BRDA:61,3,1,6
BRDA:64,4,0,15
BRDA:64,4,1,6
BRDA:64,4,2,2
BRDA:64,4,3,2
BRDA:73,5,0,8
BRDA:73,5,1,2
BRDA:75,6,0,7
BRDA:75,6,1,6
BRDA:78,7,0,1
BRDA:78,7,1,6
BRDA:78,8,0,7
BRDA:78,8,1,1
BRDA:78,9,0,1
BRDA:78,9,1,1
BRDA:81,10,0,1
BRDA:81,10,1,0
BRDA:86,11,0,1
BRDA:86,11,1,0
BRDA:86,12,0,1
BRDA:86,12,1,0
BRDA:109,13,0,0
BRDA:109,13,1,3
BRDA:109,14,0,3
BRDA:109,14,1,0
BRDA:114,15,0,3
BRDA:114,15,1,3
BRDA:114,15,2,3
BRDA:116,16,0,0
BRDA:116,16,1,3
BRDA:116,17,0,3
BRDA:116,17,1,3
BRDA:119,18,0,0
BRDA:119,18,1,3
BRDA:135,19,0,1
BRDA:135,19,1,0
BRDA:138,20,0,1
BRDA:138,20,1,0
BRDA:145,21,0,0
BRDA:145,21,1,0
BRDA:148,22,0,0
BRDA:148,22,1,0
BRDA:148,23,0,0
BRDA:148,23,1,0
BRDA:159,24,0,0
BRDA:159,24,1,0
BRDA:178,25,0,0
BRDA:178,25,1,0
BRDA:178,25,2,0
BRDA:182,26,0,0
BRDA:182,26,1,0
BRDA:182,27,0,0
BRDA:182,27,1,0
BRDA:183,28,0,0
BRDA:183,28,1,0
BRDA:190,29,0,0
BRDA:190,29,1,0
BRDA:190,30,0,0
BRDA:190,30,1,0
BRDA:195,31,0,0
BRDA:195,31,1,0
BRDA:199,32,0,0
BRDA:199,32,1,0
BRDA:203,33,0,0
BRDA:203,33,1,0
BRDA:203,34,0,0
BRDA:203,34,1,0
BRDA:208,35,0,0
BRDA:208,35,1,0
BRDA:209,36,0,0
BRDA:209,36,1,0
BRDA:211,37,0,0
BRDA:211,37,1,0
BRDA:215,38,0,0
BRDA:215,38,1,0
BRDA:219,39,0,0
BRDA:219,39,1,0
BRDA:222,40,0,0
BRDA:222,40,1,0
BRDA:227,41,0,0
BRDA:227,41,1,0
BRDA:236,42,0,1
BRDA:236,42,1,1
BRDA:238,43,0,0
BRDA:238,43,1,1
BRDA:242,44,0,0
BRDA:242,44,1,1
BRDA:262,45,0,0
BRDA:262,45,1,0
BRDA:277,46,0,0
BRDA:277,46,1,2
BRDA:284,47,0,0
BRDA:284,47,1,1
BRDA:284,48,0,1
BRDA:284,48,1,0
BRDA:293,49,0,1
BRDA:293,49,1,1
BRDA:293,49,2,1
BRDA:296,50,0,0
BRDA:296,50,1,1
BRDA:296,51,0,1
BRDA:296,51,1,1
BRDA:297,52,0,0
BRDA:297,52,1,0
BRDA:298,53,0,0
BRDA:298,53,1,1
BRDA:314,54,0,15
BRDA:314,54,1,9
BRDA:318,55,0,15
BRDA:318,55,1,2
BRDA:321,56,0,2
BRDA:321,56,1,2
BRDA:343,57,0,0
BRDA:343,57,1,15
BRDA:345,58,0,0
BRDA:345,58,1,0
BRDA:347,59,0,0
BRDA:347,59,1,0
BRDA:347,60,0,0
BRDA:347,60,1,0
BRDA:351,61,0,0
BRDA:351,61,1,15
BRDA:363,62,0,15
BRDA:363,62,1,9
BRF:131
BRH:60
end_of_record
TN:
SF:src\components\HabitTypeSlider.tsx
FN:14,(anonymous_0)
FN:27,(anonymous_1)
FN:38,(anonymous_2)
FNF:3
FNH:3
FNDA:3,(anonymous_0)
FNDA:1,(anonymous_1)
FNDA:1,(anonymous_2)
DA:14,1
DA:19,3
DA:20,3
DA:27,1
DA:38,1
LF:5
LH:5
BRDA:17,0,0,3
BRDA:25,1,0,3
BRDA:25,1,1,2
BRDA:36,2,0,3
BRDA:36,2,1,1
BRF:5
BRH:5
end_of_record
TN:
SF:src\components\HapticTab.tsx
FN:5,HapticTab
FN:9,(anonymous_1)
FNF:2
FNH:2
FNDA:2,HapticTab
FNDA:2,(anonymous_1)
DA:6,2
DA:10,2
DA:12,2
DA:14,2
LF:4
LH:4
BRDA:10,0,0,2
BRDA:10,0,1,0
BRF:2
BRH:1
end_of_record
TN:
SF:src\components\MonthlyCalendar.tsx
FN:15,(anonymous_0)
FN:26,(anonymous_1)
FN:54,(anonymous_2)
FN:55,(anonymous_3)
FN:58,(anonymous_4)
FN:68,(anonymous_5)
FN:79,(anonymous_6)
FNF:7
FNH:5
FNDA:7,(anonymous_0)
FNDA:2,(anonymous_1)
FNDA:0,(anonymous_2)
FNDA:0,(anonymous_3)
FNDA:2,(anonymous_4)
FNDA:294,(anonymous_5)
FNDA:1,(anonymous_6)
DA:15,1
DA:21,7
DA:22,7
DA:23,7
DA:26,7
DA:27,2
DA:28,2
DA:30,2
DA:31,2
DA:32,2
DA:33,2
DA:34,2
DA:35,2
DA:36,2
DA:37,2
DA:39,2
DA:40,84
DA:41,84
DA:44,2
DA:46,2
DA:47,1
DA:51,7
DA:54,0
DA:56,0
DA:59,2
DA:60,2
DA:69,294
DA:70,294
DA:71,294
DA:72,294
DA:74,294
DA:75,294
DA:77,294
DA:79,1
LF:34
LH:32
BRDA:46,0,0,1
BRDA:46,0,1,1
BRDA:69,1,0,294
BRDA:69,1,1,293
BRDA:106,2,0,294
BRDA:106,2,1,3
BRDA:118,3,0,7
BRDA:118,3,1,287
BRDA:123,4,0,3
BRDA:123,4,1,291
BRF:10
BRH:10
end_of_record
TN:
SF:src\components\NewHabitModal.tsx
FN:57,(anonymous_0)
FN:84,(anonymous_1)
FN:86,(anonymous_2)
FN:89,(anonymous_3)
FN:97,(anonymous_4)
FN:115,(anonymous_5)
FN:164,(anonymous_6)
FN:175,(anonymous_7)
FN:220,(anonymous_8)
FN:242,(anonymous_9)
FN:245,(anonymous_10)
FN:286,(anonymous_11)
FNF:12
FNH:10
FNDA:15,(anonymous_0)
FNDA:61,(anonymous_1)
FNDA:2,(anonymous_2)
FNDA:1,(anonymous_3)
FNDA:12,(anonymous_4)
FNDA:0,(anonymous_5)
FNDA:105,(anonymous_6)
FNDA:0,(anonymous_7)
FNDA:2,(anonymous_8)
FNDA:21,(anonymous_9)
FNDA:2,(anonymous_10)
FNDA:1,(anonymous_11)
DA:45,1
DA:55,1
DA:57,1
DA:84,61
DA:86,15
DA:87,2
DA:88,2
DA:89,1
DA:91,1
DA:95,15
DA:97,15
DA:98,12
DA:100,10
DA:101,10
DA:102,10
DA:103,10
DA:104,10
DA:105,10
DA:106,10
DA:110,15
DA:115,0
DA:165,105
DA:175,0
DA:220,2
DA:243,21
DA:245,2
DA:286,1
LF:27
LH:25
BRDA:81,0,0,14
BRDA:84,1,0,61
BRDA:84,1,1,0
BRDA:84,2,0,61
BRDA:84,2,1,61
BRDA:88,3,0,1
BRDA:88,3,1,1
BRDA:98,4,0,10
BRDA:98,4,1,2
BRDA:98,5,0,12
BRDA:98,5,1,11
BRDA:121,6,0,1
BRDA:121,6,1,14
BRDA:133,7,0,1
BRDA:133,7,1,14
BRDA:170,8,0,105
BRDA:170,8,1,0
BRDA:180,9,0,15
BRDA:180,9,1,15
BRDA:191,10,0,15
BRDA:191,10,1,2
BRDA:228,11,0,12
BRDA:228,11,1,3
BRDA:248,12,0,21
BRDA:248,12,1,1
BRDA:257,13,0,21
BRDA:257,13,1,1
BRDA:281,14,0,1
BRDA:281,14,1,14
BRF:29
BRH:27
end_of_record
TN:
SF:src\components\ProgressEntry.tsx
FN:25,(anonymous_0)
FN:39,(anonymous_1)
FN:44,(anonymous_2)
FN:50,(anonymous_3)
FN:56,(anonymous_4)
FN:64,(anonymous_5)
FN:75,(anonymous_6)
FN:155,(anonymous_7)
FN:168,(anonymous_8)
FNF:9
FNH:9
FNDA:30,(anonymous_0)
FNDA:19,(anonymous_1)
FNDA:1,(anonymous_2)
FNDA:2,(anonymous_3)
FNDA:2,(anonymous_4)
FNDA:3,(anonymous_5)
FNDA:23,(anonymous_6)
FNDA:2,(anonymous_7)
FNDA:1,(anonymous_8)
DA:25,2
DA:33,30
DA:34,30
DA:35,30
DA:39,30
DA:40,19
DA:41,19
DA:44,30
DA:45,1
DA:46,1
DA:47,1
DA:50,30
DA:51,2
DA:52,2
DA:53,2
DA:56,30
DA:57,2
DA:58,2
DA:59,2
DA:60,1
DA:64,30
DA:65,3
DA:66,3
DA:67,2
DA:69,1
DA:71,3
DA:75,30
DA:76,23
DA:79,23
DA:81,8
DA:84,15
DA:89,30
DA:93,30
DA:95,30
DA:156,2
DA:157,2
DA:169,1
DA:170,1
LF:38
LH:38
BRDA:31,0,0,0
BRDA:36,1,0,30
BRDA:36,1,1,0
BRDA:40,2,0,19
BRDA:40,2,1,15
BRDA:41,3,0,19
BRDA:41,3,1,0
BRDA:59,4,0,1
BRDA:59,4,1,1
BRDA:66,5,0,2
BRDA:66,5,1,1
BRDA:76,6,0,23
BRDA:76,6,1,19
BRDA:76,6,2,19
BRDA:79,7,0,8
BRDA:79,7,1,15
BRDA:79,8,0,23
BRDA:79,8,1,19
BRDA:79,8,2,8
BRDA:84,9,0,2
BRDA:84,9,1,13
BRDA:89,10,0,30
BRDA:89,10,1,25
BRDA:89,10,2,25
BRDA:93,11,0,30
BRDA:93,11,1,25
BRDA:108,12,0,30
BRDA:108,12,1,10
BRDA:121,13,0,10
BRDA:121,13,1,1
BRDA:129,14,0,10
BRDA:129,14,1,10
BRDA:137,15,0,30
BRDA:137,15,1,20
BRDA:140,16,0,2
BRDA:140,16,1,18
BRDA:145,17,0,16
BRDA:145,17,1,14
BRDA:147,18,0,7
BRDA:147,18,1,9
BRDA:152,19,0,7
BRDA:152,19,1,2
BRDA:153,20,0,2
BRDA:153,20,1,5
BRDA:165,21,0,7
BRDA:165,21,1,5
BRDA:166,22,0,5
BRDA:166,22,1,2
BRDA:185,23,0,9
BRDA:185,23,1,9
BRDA:210,24,0,14
BRDA:210,24,1,1
BRDA:212,25,0,1
BRDA:212,25,1,0
BRDA:213,26,0,1
BRDA:213,26,1,1
BRDA:213,27,0,1
BRDA:213,27,1,0
BRDA:224,28,0,16
BRDA:224,28,1,14
BRF:60
BRH:55
end_of_record
TN:
SF:src\components\QuitHabitGraph.tsx
FN:23,(anonymous_0)
FN:34,(anonymous_1)
FN:37,(anonymous_2)
FN:38,(anonymous_3)
FN:50,(anonymous_4)
FN:70,(anonymous_5)
FN:71,(anonymous_6)
FN:85,(anonymous_7)
FN:111,(anonymous_8)
FN:120,(anonymous_9)
FN:137,(anonymous_10)
FN:141,(anonymous_11)
FN:146,(anonymous_12)
FNF:13
FNH:8
FNDA:2,(anonymous_0)
FNDA:62,(anonymous_1)
FNDA:2,(anonymous_2)
FNDA:2,(anonymous_3)
FNDA:0,(anonymous_4)
FNDA:2,(anonymous_5)
FNDA:2,(anonymous_6)
FNDA:2,(anonymous_7)
FNDA:4,(anonymous_8)
FNDA:0,(anonymous_9)
FNDA:0,(anonymous_10)
FNDA:0,(anonymous_11)
FNDA:0,(anonymous_12)
DA:23,1
DA:24,2
DA:25,2
DA:26,2
DA:27,2
DA:28,2
DA:29,2
DA:30,2
DA:32,2
DA:34,62
DA:37,2
DA:38,2
DA:39,2
DA:40,2
DA:42,0
DA:43,0
DA:44,0
DA:45,0
DA:47,0
DA:50,0
DA:51,0
DA:52,0
DA:53,0
DA:54,0
DA:56,0
DA:59,0
DA:60,0
DA:61,0
DA:63,2
DA:67,2
DA:70,2
DA:71,2
DA:72,2
DA:73,2
DA:74,0
DA:76,0
DA:77,0
DA:82,2
DA:85,2
DA:86,2
DA:87,2
DA:88,2
DA:89,2
DA:90,2
DA:93,2
DA:94,2
DA:95,2
DA:96,2
DA:98,2
DA:100,2
DA:107,2
DA:112,4
DA:120,0
DA:137,0
DA:141,0
DA:146,0
LF:56
LH:35
BRDA:40,0,0,2
BRDA:40,0,1,0
BRDA:44,1,0,0
BRDA:44,1,1,0
BRDA:52,2,0,0
BRDA:52,2,1,0
BRDA:61,3,0,0
BRDA:61,3,1,0
BRDA:86,4,0,0
BRDA:86,4,1,2
BRDA:87,5,0,0
BRDA:87,5,1,2
BRDA:88,6,0,0
BRDA:88,6,1,2
BRDA:89,7,0,0
BRDA:89,7,1,2
BRDA:116,8,0,4
BRDA:116,8,1,2
BRDA:117,9,0,4
BRDA:117,9,1,2
BRDA:118,10,0,4
BRDA:118,10,1,2
BRDA:128,11,0,2
BRDA:128,11,1,0
BRDA:134,12,0,0
BRDA:134,12,1,2
BRDA:141,13,0,0
BRDA:141,13,1,0
BRDA:141,14,0,0
BRDA:141,14,1,0
BRF:30
BRH:13
end_of_record
TN:
SF:src\components\StatsBox.tsx
FN:17,(anonymous_0)
FNF:1
FNH:1
FNDA:2,(anonymous_0)
DA:17,1
DA:24,2
DA:25,2
DA:27,2
LF:4
LH:4
BRF:0
BRH:0
end_of_record
TN:
SF:src\components\StatsBoxes.tsx
FN:18,(anonymous_0)
FN:29,(anonymous_1)
FNF:2
FNH:2
FNDA:5,(anonymous_0)
FNDA:20,(anonymous_1)
DA:18,2
DA:19,5
DA:20,5
DA:27,5
DA:30,20
LF:5
LH:5
BRF:0
BRH:0
end_of_record
TN:
SF:src\components\ThemedText.tsx
FN:12,ThemedText
FNF:1
FNH:1
FNDA:578,ThemedText
DA:19,578
DA:21,578
LF:2
LH:2
BRDA:16,0,0,253
BRDA:25,1,0,253
BRDA:25,1,1,325
BRDA:26,2,0,64
BRDA:26,2,1,514
BRDA:27,3,0,64
BRDA:27,3,1,514
BRDA:28,4,0,193
BRDA:28,4,1,385
BRDA:29,5,0,4
BRDA:29,5,1,574
BRF:11
BRH:11
end_of_record
TN:
SF:src\components\WeeklyCalendar.tsx
FN:20,(anonymous_0)
FN:36,(anonymous_1)
FN:40,(anonymous_2)
FN:49,(anonymous_3)
FN:56,(anonymous_4)
FN:61,(anonymous_5)
FN:68,(anonymous_6)
FN:78,(anonymous_7)
FN:82,(anonymous_8)
FN:93,(anonymous_9)
FN:106,(anonymous_10)
FN:115,(anonymous_11)
FN:116,(anonymous_12)
FN:121,(anonymous_13)
FN:127,(anonymous_14)
FN:128,(anonymous_15)
FN:130,(anonymous_16)
FN:141,(anonymous_17)
FNF:18
FNH:13
FNDA:5,(anonymous_0)
FNDA:4,(anonymous_1)
FNDA:0,(anonymous_2)
FNDA:0,(anonymous_3)
FNDA:0,(anonymous_4)
FNDA:1,(anonymous_5)
FNDA:7,(anonymous_6)
FNDA:0,(anonymous_7)
FNDA:21,(anonymous_8)
FNDA:1,(anonymous_9)
FNDA:0,(anonymous_10)
FNDA:2000,(anonymous_11)
FNDA:30,(anonymous_12)
FNDA:9,(anonymous_13)
FNDA:1,(anonymous_14)
FNDA:20,(anonymous_15)
FNDA:140,(anonymous_16)
FNDA:1,(anonymous_17)
DA:20,1
DA:21,5
DA:22,5
DA:23,5
DA:24,5
DA:25,5
DA:27,5
DA:28,5
DA:30,5
DA:31,5
DA:32,5
DA:33,5
DA:36,5
DA:37,4
DA:39,4
DA:40,1
DA:41,0
DA:42,0
DA:49,5
DA:50,0
DA:51,0
DA:52,0
DA:53,0
DA:56,0
DA:57,0
DA:61,5
DA:62,1
DA:64,1
DA:65,1
DA:67,1
DA:68,7
DA:70,1
DA:73,5
DA:78,0
DA:84,21
DA:87,21
DA:89,21
DA:93,1
DA:106,0
DA:115,2000
DA:116,30
DA:121,9
DA:127,1
DA:129,20
DA:132,140
DA:135,140
DA:137,140
DA:141,1
LF:48
LH:38
BRDA:39,0,0,1
BRDA:39,0,1,3
BRDA:41,1,0,0
BRDA:41,1,1,0
BRDA:56,2,0,0
BRDA:56,2,1,0
BRDA:62,3,0,0
BRDA:62,3,1,1
BRDA:68,4,0,1
BRDA:68,4,1,1
BRDA:76,5,0,3
BRDA:76,5,1,2
BRDA:84,6,0,21
BRDA:84,6,1,3
BRDA:84,6,2,3
BRDA:97,7,0,21
BRDA:97,7,1,3
BRDA:97,8,0,21
BRDA:97,8,1,0
BRDA:132,9,0,140
BRDA:132,9,1,18
BRDA:132,9,2,18
BRDA:145,10,0,140
BRDA:145,10,1,18
BRDA:145,11,0,140
BRDA:145,11,1,0
BRF:26
BRH:19
end_of_record
TN:
SF:src\components\styles\AccountPageStyles.ts
FNF:0
FNH:0
DA:3,2
LF:1
LH:1
BRF:0
BRH:0
end_of_record
TN:
SF:src\components\styles\AuthStyles.ts
FNF:0
FNH:0
DA:3,3
LF:1
LH:1
BRF:0
BRH:0
end_of_record
TN:
SF:src\components\styles\BuildHabitGraphStyles.ts
FNF:0
FNH:0
DA:3,1
LF:1
LH:1
BRF:0
BRH:0
end_of_record
TN:
SF:src\components\styles\CalendarPageStyles.ts
FNF:0
FNH:0
DA:3,3
LF:1
LH:1
BRF:0
BRH:0
end_of_record
TN:
SF:src\components\styles\CircleProgressStyles.ts
FNF:0
FNH:0
DA:3,3
LF:1
LH:1
BRF:0
BRH:0
end_of_record
TN:
SF:src\components\styles\Colors.ts
FNF:0
FNH:0
DA:1,19
DA:2,19
DA:4,19
LF:3
LH:3
BRF:0
BRH:0
end_of_record
TN:
SF:src\components\styles\HabitModalStyles.ts
FNF:0
FNH:0
DA:3,3
LF:1
LH:1
BRF:0
BRH:0
end_of_record
TN:
SF:src\components\styles\HabitPageStyles.ts
FNF:0
FNH:0
DA:3,1
LF:1
LH:1
BRF:0
BRH:0
end_of_record
TN:
SF:src\components\styles\HabitPanelStyles.ts
FNF:0
FNH:0
DA:3,1
LF:1
LH:1
BRF:0
BRH:0
end_of_record
TN:
SF:src\components\styles\NotFoundPageStyles.ts
FNF:0
FNH:0
DA:3,1
LF:1
LH:1
BRF:0
BRH:0
end_of_record
TN:
SF:src\components\styles\ProgressEntryStyles.ts
FNF:0
FNH:0
DA:4,1
LF:1
LH:1
BRF:0
BRH:0
end_of_record
TN:
SF:src\components\styles\QuitHabitGraphStyles.ts
FNF:0
FNH:0
DA:3,1
LF:1
LH:1
BRF:0
BRH:0
end_of_record
TN:
SF:src\components\styles\SettingsPageStyles.ts
FNF:0
FNH:0
DA:3,3
LF:1
LH:1
BRF:0
BRH:0
end_of_record
TN:
SF:src\components\styles\SharedStyles.ts
FNF:0
FNH:0
DA:5,5
LF:1
LH:1
BRF:0
BRH:0
end_of_record
TN:
SF:src\components\styles\StatsBoxesStyles.ts
FNF:0
FNH:0
DA:3,2
LF:1
LH:1
BRF:0
BRH:0
end_of_record
TN:
SF:src\components\styles\ThemedTextStyles.ts
FNF:0
FNH:0
DA:3,13
LF:1
LH:1
BRF:0
BRH:0
end_of_record
TN:
SF:src\components\styles\WeekCalendarStyles.ts
FN:3,(anonymous_0)
FNF:1
FNH:1
FNDA:5,(anonymous_0)
DA:3,1
DA:4,5
DA:6,5
LF:3
LH:3
BRF:0
BRH:0
end_of_record
TN:
SF:src\components\ui\IconSymbol.ios.tsx
FN:4,IconSymbol
FNF:1
FNH:1
FNDA:4,IconSymbol
DA:17,4
LF:1
LH:1
BRDA:6,0,0,1
BRDA:9,1,0,3
BRF:2
BRH:2
end_of_record
TN:
SF:src\components\ui\TabBarBackground.ios.tsx
FN:8,BlurTabBarBackground
FN:22,useBottomTabOverflow
FNF:2
FNH:2
FNDA:2,BlurTabBarBackground
FNDA:1,useBottomTabOverflow
DA:9,2
DA:11,2
DA:23,1
DA:24,1
DA:25,1
LF:5
LH:5
BRDA:15,0,0,1
BRDA:15,0,1,1
BRF:2
BRH:2
end_of_record
TN:
SF:src\hooks\useColorScheme.ts
FN:5,useColorScheme
FN:8,(anonymous_1)
FN:9,(anonymous_2)
FN:20,(anonymous_3)
FN:24,(anonymous_4)
FNF:5
FNH:4
FNDA:573,useColorScheme
FNDA:320,(anonymous_1)
FNDA:320,(anonymous_2)
FNDA:0,(anonymous_3)
FNDA:320,(anonymous_4)
DA:6,573
DA:8,573
DA:9,320
DA:10,320
DA:11,320
DA:12,0
DA:14,320
DA:18,320
DA:20,320
DA:21,0
DA:24,320
DA:27,573
LF:12
LH:10
BRDA:6,0,0,573
BRDA:6,0,1,0
BRDA:11,1,0,0
BRDA:11,1,1,320
BRDA:14,2,0,320
BRDA:14,2,1,0
BRF:6
BRH:3
end_of_record
TN:
SF:src\hooks\useThemeColor.ts
FN:11,useThemeColor
FNF:1
FNH:1
FNDA:579,useThemeColor
DA:15,579
DA:16,579
DA:18,579
LF:3
LH:3
BRDA:18,0,0,579
BRDA:18,0,1,576
BRF:2
BRH:2
end_of_record
TN:
SF:src\lib\client.ts
FN:27,init
FN:43,getUserDetails
FN:56,createUser
FN:76,logIn
FN:96,getStoredUser
FN:113,logout
FN:132,getHabitsForDate
FN:143,addHabit
FN:156,deleteHabit
FN:170,deleteUser
FN:184,updateHabitProgress
FN:197,getHabitProgressByDate
FN:211,getHabitProgressByDateAndHabit
FN:222,updatePassword
FN:246,getHabitInterval
FN:255,getHabitDays
FN:264,updateHabit
FN:277,getHabitStreak
FN:286,apiRequest
FN:290,(anonymous_19)
FN:301,(anonymous_20)
FN:311,fetchBuildHabitProgress
FN:316,fetchStreak
FN:321,fetchLongestStreak
FN:327,fetchCompletionRate
FN:333,fetchAverageProgress
FNF:26
FNH:17
FNDA:2,init
FNDA:1,getUserDetails
FNDA:1,createUser
FNDA:2,logIn
FNDA:5,getStoredUser
FNDA:1,logout
FNDA:1,getHabitsForDate
FNDA:2,addHabit
FNDA:2,deleteHabit
FNDA:1,deleteUser
FNDA:2,updateHabitProgress
FNDA:1,getHabitProgressByDate
FNDA:0,getHabitProgressByDateAndHabit
FNDA:2,updatePassword
FNDA:0,getHabitInterval
FNDA:0,getHabitDays
FNDA:0,updateHabit
FNDA:0,getHabitStreak
FNDA:13,apiRequest
FNDA:0,(anonymous_19)
FNDA:0,(anonymous_20)
FNDA:3,fetchBuildHabitProgress
FNDA:5,fetchStreak
FNDA:5,fetchLongestStreak
FNDA:0,fetchCompletionRate
FNDA:0,fetchAverageProgress
DA:4,5
DA:28,2
DA:29,2
DA:30,2
DA:31,1
DA:33,1
DA:34,1
DA:35,1
DA:37,1
DA:38,1
DA:44,1
DA:46,1
DA:47,0
DA:50,1
DA:52,1
DA:57,1
DA:63,1
DA:65,1
DA:66,0
DA:69,1
DA:70,1
DA:72,1
DA:77,2
DA:83,2
DA:85,2
DA:86,1
DA:89,1
DA:90,1
DA:92,1
DA:97,5
DA:98,5
DA:99,5
DA:101,5
DA:102,1
DA:104,4
DA:107,0
DA:108,0
DA:114,1
DA:115,1
DA:116,1
DA:118,0
DA:133,1
DA:134,1
DA:135,0
DA:138,1
DA:139,1
DA:144,2
DA:149,2
DA:150,1
DA:152,1
DA:157,2
DA:163,2
DA:164,1
DA:166,1
DA:171,1
DA:177,1
DA:178,0
DA:180,1
DA:185,2
DA:190,2
DA:191,1
DA:193,1
DA:198,1
DA:201,1
DA:203,1
DA:204,1
DA:205,0
DA:207,1
DA:212,0
DA:213,0
DA:214,0
DA:215,0
DA:216,0
DA:218,0
DA:223,2
DA:224,2
DA:232,2
DA:234,2
DA:235,1
DA:238,1
DA:240,1
DA:241,1
DA:247,0
DA:248,0
DA:249,0
DA:251,0
DA:256,0
DA:257,0
DA:258,0
DA:260,0
DA:265,0
DA:270,0
DA:271,0
DA:273,0
DA:278,0
DA:279,0
DA:280,0
DA:282,0
DA:287,13
DA:288,13
DA:289,13
DA:290,8
DA:291,8
DA:293,0
DA:295,13
DA:296,13
DA:301,5
DA:302,0
DA:303,0
DA:304,0
DA:305,0
DA:307,0
DA:312,3
DA:317,5
DA:322,5
DA:323,0
DA:328,0
DA:329,0
DA:334,0
DA:335,0
LF:120
LH:79
BRDA:30,0,0,1
BRDA:30,0,1,1
BRDA:46,1,0,0
BRDA:46,1,1,1
BRDA:65,2,0,0
BRDA:65,2,1,1
BRDA:66,3,0,0
BRDA:66,3,1,0
BRDA:85,4,0,1
BRDA:85,4,1,1
BRDA:86,5,0,1
BRDA:86,5,1,0
BRDA:101,6,0,1
BRDA:101,6,1,4
BRDA:101,7,0,5
BRDA:101,7,1,1
BRDA:134,8,0,0
BRDA:134,8,1,1
BRDA:149,9,0,1
BRDA:149,9,1,1
BRDA:163,10,0,1
BRDA:163,10,1,1
BRDA:177,11,0,0
BRDA:177,11,1,1
BRDA:190,12,0,1
BRDA:190,12,1,1
BRDA:204,13,0,0
BRDA:204,13,1,1
BRDA:215,14,0,0
BRDA:215,14,1,0
BRDA:234,15,0,1
BRDA:234,15,1,1
BRDA:235,16,0,1
BRDA:235,16,1,0
BRDA:248,17,0,0
BRDA:248,17,1,0
BRDA:257,18,0,0
BRDA:257,18,1,0
BRDA:270,19,0,0
BRDA:270,19,1,0
BRDA:279,20,0,0
BRDA:279,20,1,0
BRDA:286,21,0,13
BRDA:289,22,0,8
BRDA:289,22,1,0
BRDA:291,23,0,8
BRDA:291,23,1,8
BRDA:303,24,0,0
BRDA:303,24,1,0
BRF:49
BRH:27
end_of_record
TN:
SF:src\utils\dateUtils.tsx
FN:1,(anonymous_0)
FN:9,(anonymous_1)
FNF:2
FNH:2
FNDA:3,(anonymous_0)
FNDA:21,(anonymous_1)
DA:1,1
DA:2,3
DA:3,3
DA:5,3
DA:6,3
DA:7,3
DA:9,3
DA:10,21
DA:11,21
DA:13,21
LF:10
LH:10
BRDA:1,0,0,2
BRF:1
BRH:1
end_of_record
