TN:
SF:src\components\BuildHabitGraph.tsx
FN:23,(anonymous_0)
FN:37,(anonymous_1)
FN:41,(anonymous_2)
FN:42,(anonymous_3)
FN:54,(anonymous_4)
FN:65,(anonymous_5)
FN:71,(anonymous_6)
FN:76,(anonymous_7)
FN:82,(anonymous_8)
FN:87,(anonymous_9)
FN:96,(anonymous_10)
FN:97,(anonymous_11)
FN:110,(anonymous_12)
FN:111,(anonymous_13)
FN:147,(anonymous_14)
FN:156,(anonymous_15)
FN:173,(anonymous_16)
FN:177,(anonymous_17)
FN:182,(anonymous_18)
FNF:19
FNH:18
FNDA:20,(anonymous_0)
FNDA:620,(anonymous_1)
FNDA:10,(anonymous_2)
FNDA:10,(anonymous_3)
FNDA:6,(anonymous_4)
FNDA:104,(anonymous_5)
FNDA:2,(anonymous_6)
FNDA:12,(anonymous_7)
FNDA:110,(anonymous_8)
FNDA:7,(anonymous_9)
FNDA:10,(anonymous_10)
FNDA:10,(anonymous_11)
FNDA:6,(anonymous_12)
FNDA:6,(anonymous_13)
FNDA:60,(anonymous_14)
FNDA:4,(anonymous_15)
FNDA:175,(anonymous_16)
FNDA:0,(anonymous_17)
FNDA:1,(anonymous_18)
DA:23,1
DA:24,20
DA:25,20
DA:26,20
DA:27,20
DA:28,20
DA:29,20
DA:30,20
DA:31,20
DA:32,20
DA:33,20
DA:35,20
DA:37,620
DA:41,20
DA:42,10
DA:43,10
DA:44,10
DA:52,9
DA:53,8
DA:54,8
DA:55,6
DA:57,6
DA:58,4
DA:59,4
DA:61,2
DA:63,6
DA:65,104
DA:70,1
DA:71,1
DA:72,2
DA:73,2
DA:74,2
DA:76,12
DA:82,110
DA:83,9
DA:84,9
DA:87,7
DA:88,1
DA:92,10
DA:96,20
DA:97,10
DA:98,10
DA:99,10
DA:101,10
DA:102,6
DA:107,10
DA:110,20
DA:111,6
DA:112,6
DA:113,6
DA:114,6
DA:116,6
DA:117,6
DA:119,6
DA:120,6
DA:125,6
DA:128,20
DA:129,20
DA:130,20
DA:131,20
DA:133,20
DA:134,20
DA:136,20
DA:143,20
DA:148,60
DA:156,4
DA:173,175
DA:177,0
DA:182,1
LF:69
LH:68
BRDA:47,0,0,7
BRDA:47,0,1,3
BRDA:47,1,0,2
BRDA:47,1,1,1
BRDA:52,2,0,8
BRDA:52,2,1,1
BRDA:52,3,0,9
BRDA:52,3,1,3
BRDA:57,4,0,4
BRDA:57,4,1,2
BRDA:67,5,0,6
BRDA:67,5,1,98
BRDA:78,6,0,2
BRDA:78,6,1,10
BRDA:102,7,0,6
BRDA:102,7,1,0
BRDA:152,8,0,60
BRDA:152,8,1,20
BRDA:153,9,0,60
BRDA:153,9,1,20
BRDA:154,10,0,60
BRDA:154,10,1,20
BRDA:164,11,0,14
BRDA:164,11,1,6
BRDA:164,12,0,4
BRDA:164,12,1,2
BRDA:170,13,0,4
BRDA:170,13,1,16
BRDA:177,14,0,0
BRDA:177,14,1,0
BRDA:177,15,0,0
BRDA:177,15,1,0
BRDA:182,16,0,1
BRDA:182,16,1,0
BRF:34
BRH:28
end_of_record
TN:
SF:src\components\styles\BuildHabitGraphStyles.ts
FNF:0
FNH:0
DA:3,1
LF:1
LH:1
BRF:0
BRH:0
end_of_record
TN:
SF:src\components\styles\Colors.ts
FNF:0
FNH:0
DA:1,1
DA:2,1
DA:4,1
LF:3
LH:3
BRF:0
BRH:0
end_of_record
